INFO:pyDatalog.pyEngine:New fact : hasUser('2','www_root_1','www_1','None','admin')
INFO:pyDatalog.pyEngine:subgoal: knows(variable_34,'eve_1','venerus'), clause: knows('10','eve_1','venerus') <= hasUser(variable_57,variable_58,'www_1',variable_59,'admin')&hasAccount(variable_60,'eve_1','www_1',variable_58)
INFO:pyDatalog.pyEngine:New fact : hasUser('2','www_root_1','www_1','None','admin')
INFO:pyDatalog.pyEngine:subgoal: hasAccount(variable_60,'eve_1','www_1','www_root_1'), clause: hasAccount('27','eve_1','www_1','www_root_1') <= hasUser(variable_103,'www_root_1','www_1',variable_106,variable_107)&knows(variable_108,'eve_1','www_root_1')&knows(variable_111,'eve_1',variable_106)
INFO:pyDatalog.pyEngine:New fact : hasUser('7','www_user1_1','www_1','xexexexe','user')
INFO:pyDatalog.pyEngine:subgoal: hasAccount(variable_98,'eve_1','www_1','www_user1_1'), clause: hasAccount('27','eve_1','www_1','www_user1_1') <= hasUser(variable_175,'www_user1_1','www_1',variable_178,variable_179)&knows(variable_180,'eve_1','www_user1_1')&knows(variable_183,'eve_1',variable_178)
INFO:pyDatalog.pyEngine:New fact : listeningOn('8','www_1','tcp','80')
INFO:pyDatalog.pyEngine:subgoal: knows(variable_154,'eve_1','alice'), clause: knows('6','eve_1','alice') <= listeningOn(variable_226,'www_1','tcp','80')&hostACL(variable_227,variable_228,'www_1','tcp','80')&hasAccount(variable_229,'eve_1',variable_228,variable_232)
INFO:pyDatalog.pyEngine:New fact : isConnected('33','Provider_1','Simint1_subnet_1')
INFO:pyDatalog.pyEngine:subgoal: hostACL(variable_227,variable_228,'www_1','tcp','80'), clause: hostACL('26',variable_228,'www_1','tcp','80') <= isConnected(variable_295,variable_228,variable_297)&isConnected(variable_298,'www_1',variable_297)
INFO:pyDatalog.pyEngine:New fact : isConnected('33','Provider_1','Outside_subnet_1')
INFO:pyDatalog.pyEngine:subgoal: hostACL(variable_227,variable_228,'www_1','tcp','80'), clause: hostACL('26',variable_228,'www_1','tcp','80') <= isConnected(variable_295,variable_228,variable_297)&isConnected(variable_298,'www_1',variable_297)
INFO:pyDatalog.pyEngine:New fact : isConnected('33','Provider_1','Extnet_subnet_1')
INFO:pyDatalog.pyEngine:subgoal: hostACL(variable_227,variable_228,'www_1','tcp','80'), clause: hostACL('26',variable_228,'www_1','tcp','80') <= isConnected(variable_295,variable_228,variable_297)&isConnected(variable_298,'www_1',variable_297)
INFO:pyDatalog.pyEngine:New fact : isConnected('30','client_1','Simint1_subnet_1')
INFO:pyDatalog.pyEngine:subgoal: hostACL(variable_227,variable_228,'www_1','tcp','80'), clause: hostACL('26',variable_228,'www_1','tcp','80') <= isConnected(variable_295,variable_228,variable_297)&isConnected(variable_298,'www_1',variable_297)
INFO:pyDatalog.pyEngine:New fact : isConnected('23','root-ns_1','Simint1_subnet_1')
INFO:pyDatalog.pyEngine:subgoal: hostACL(variable_227,variable_228,'www_1','tcp','80'), clause: hostACL('26',variable_228,'www_1','tcp','80') <= isConnected(variable_295,variable_228,variable_297)&isConnected(variable_298,'www_1',variable_297)
INFO:pyDatalog.pyEngine:New fact : isConnected('20','db_1','Server_subnet_1')
INFO:pyDatalog.pyEngine:subgoal: hostACL(variable_227,variable_228,'www_1','tcp','80'), clause: hostACL('26',variable_228,'www_1','tcp','80') <= isConnected(variable_295,variable_228,variable_297)&isConnected(variable_298,'www_1',variable_297)
INFO:pyDatalog.pyEngine:New fact : isConnected('17','ns_1','DMZ_subnet_1')
INFO:pyDatalog.pyEngine:subgoal: hostACL(variable_227,variable_228,'www_1','tcp','80'), clause: hostACL('26',variable_228,'www_1','tcp','80') <= isConnected(variable_295,variable_228,variable_297)&isConnected(variable_298,'www_1',variable_297)
INFO:pyDatalog.pyEngine:New fact : isConnected('1','www_1','DMZ_subnet_1')
INFO:pyDatalog.pyEngine:subgoal: hostACL(variable_227,variable_228,'www_1','tcp','80'), clause: hostACL('26','ns_1','www_1','tcp','80') <= isConnected(variable_298,'www_1','DMZ_subnet_1')
INFO:pyDatalog.pyEngine:New fact : hostACL('26','ns_1','www_1','tcp','80')
INFO:pyDatalog.pyEngine:subgoal: knows(variable_154,'eve_1','alice'), clause: knows('6','eve_1','alice') <= hostACL(variable_227,variable_228,'www_1','tcp','80')&hasAccount(variable_229,'eve_1',variable_228,variable_232)
INFO:pyDatalog.pyEngine:New fact : isConnected('13','Firewall_1','DMZ_subnet_1')
INFO:pyDatalog.pyEngine:subgoal: hostACL(variable_227,variable_228,'www_1','tcp','80'), clause: hostACL('26',variable_228,'www_1','tcp','80') <= isConnected(variable_295,variable_228,variable_297)&isConnected(variable_298,'www_1',variable_297)
INFO:pyDatalog.pyEngine:New fact : hostACL('26','Firewall_1','www_1','tcp','80')
INFO:pyDatalog.pyEngine:subgoal: knows(variable_154,'eve_1','alice'), clause: knows('6','eve_1','alice') <= hostACL(variable_227,variable_228,'www_1','tcp','80')&hasAccount(variable_229,'eve_1',variable_228,variable_232)
INFO:pyDatalog.pyEngine:New fact : isConnected('13','Firewall_1','Outside_subnet_1')
INFO:pyDatalog.pyEngine:subgoal: hostACL(variable_227,variable_228,'www_1','tcp','80'), clause: hostACL('26',variable_228,'www_1','tcp','80') <= isConnected(variable_295,variable_228,variable_297)&isConnected(variable_298,'www_1',variable_297)
INFO:pyDatalog.pyEngine:New fact : isConnected('13','Firewall_1','Server_subnet_1')
INFO:pyDatalog.pyEngine:subgoal: hostACL(variable_227,variable_228,'www_1','tcp','80'), clause: hostACL('26',variable_228,'www_1','tcp','80') <= isConnected(variable_295,variable_228,variable_297)&isConnected(variable_298,'www_1',variable_297)
INFO:pyDatalog.pyEngine:New fact : isConnected('1','www_1','DMZ_subnet_1')
INFO:pyDatalog.pyEngine:subgoal: hostACL(variable_227,variable_228,'www_1','tcp','80'), clause: hostACL('26',variable_228,'www_1','tcp','80') <= isConnected(variable_295,variable_228,variable_297)&isConnected(variable_298,'www_1',variable_297)
INFO:pyDatalog.pyEngine:New fact : hostACL('26','www_1','www_1','tcp','80')
INFO:pyDatalog.pyEngine:subgoal: knows(variable_154,'eve_1','alice'), clause: knows('6','eve_1','alice') <= hostACL(variable_227,variable_228,'www_1','tcp','80')&hasAccount(variable_229,'eve_1',variable_228,variable_232)
INFO:pyDatalog.pyEngine:New fact : isConnected('1','www_1','DMZ_subnet_1')
INFO:pyDatalog.pyEngine:subgoal: hostACL(variable_227,variable_228,'www_1','tcp','80'), clause: hostACL('25',variable_228,'www_1','tcp','80') <= isConnected(variable_272,'www_1',variable_274)&isConnected(variable_275,variable_228,variable_277)&isConnected(variable_278,variable_279,variable_277)&isRouter(variable_281,variable_279)&existsRoute(variable_283,variable_284,variable_274,variable_279)
INFO:pyDatalog.pyEngine:New fact : isConnected('13','Firewall_1','DMZ_subnet_1')
INFO:pyDatalog.pyEngine:subgoal: hostACL(variable_227,variable_228,'www_1','tcp','80'), clause: hostACL('25','www_1','www_1','tcp','80') <= isConnected(variable_278,variable_279,'DMZ_subnet_1')&isRouter(variable_281,variable_279)&existsRoute(variable_283,variable_284,'DMZ_subnet_1',variable_279)
INFO:pyDatalog.pyEngine:New fact : isRouter('14','Firewall_1')
INFO:pyDatalog.pyEngine:subgoal: hostACL(variable_227,variable_228,'www_1','tcp','80'), clause: hostACL('25','www_1','www_1','tcp','80') <= isRouter(variable_281,'Firewall_1')&existsRoute(variable_283,variable_284,'DMZ_subnet_1','Firewall_1')
INFO:pyDatalog.pyEngine:New fact : existsRoute('12','Outside_subnet_1','DMZ_subnet_1','Firewall_1')
INFO:pyDatalog.pyEngine:subgoal: hostACL(variable_227,variable_228,'www_1','tcp','80'), clause: hostACL('25','www_1','www_1','tcp','80') <= existsRoute(variable_283,variable_284,'DMZ_subnet_1','Firewall_1')
INFO:pyDatalog.pyEngine:New fact : hostACL('25','www_1','www_1','tcp','80')
INFO:pyDatalog.pyEngine:subgoal: knows(variable_154,'eve_1','alice'), clause: knows('6','eve_1','alice') <= hostACL(variable_227,variable_228,'www_1','tcp','80')&hasAccount(variable_229,'eve_1',variable_228,variable_232)
INFO:pyDatalog.pyEngine:New fact : existsRoute('12','Server_subnet_1','DMZ_subnet_1','Firewall_1')
INFO:pyDatalog.pyEngine:subgoal: hostACL(variable_227,variable_228,'www_1','tcp','80'), clause: hostACL('25','www_1','www_1','tcp','80') <= existsRoute(variable_283,variable_284,'DMZ_subnet_1','Firewall_1')
INFO:pyDatalog.pyEngine:New fact : existsRoute('12','DMZ_subnet_1','DMZ_subnet_1','Firewall_1')
INFO:pyDatalog.pyEngine:subgoal: hostACL(variable_227,variable_228,'www_1','tcp','80'), clause: hostACL('25','www_1','www_1','tcp','80') <= existsRoute(variable_283,variable_284,'DMZ_subnet_1','Firewall_1')
INFO:pyDatalog.pyEngine:New fact : hasUser('11','www_sysuser1_1','www_1','None','user')
INFO:pyDatalog.pyEngine:subgoal: hasAccount(variable_229,'eve_1','www_1',variable_232), clause: hasAccount('27','eve_1','www_1',variable_232) <= hasUser(variable_408,variable_232,'www_1',variable_411,variable_412)&knows(variable_413,'eve_1',variable_232)&knows(variable_416,'eve_1',variable_411)
INFO:pyDatalog.pyEngine:New fact : hasUser('2','www_root_1','www_1','None','admin')
INFO:pyDatalog.pyEngine:subgoal: hasAccount(variable_229,'eve_1','www_1',variable_232), clause: hasAccount('27','eve_1','www_1',variable_232) <= hasUser(variable_408,variable_232,'www_1',variable_411,variable_412)&knows(variable_413,'eve_1',variable_232)&knows(variable_416,'eve_1',variable_411)
INFO:pyDatalog.pyEngine:New fact : hasUser('7','www_user1_1','www_1','xexexexe','user')
INFO:pyDatalog.pyEngine:subgoal: hasAccount(variable_229,'eve_1','www_1',variable_232), clause: hasAccount('27','eve_1','www_1',variable_232) <= hasUser(variable_408,variable_232,'www_1',variable_411,variable_412)&knows(variable_413,'eve_1',variable_232)&knows(variable_416,'eve_1',variable_411)
INFO:pyDatalog.pyEngine:New fact : isConnected('13','Firewall_1','Outside_subnet_1')
INFO:pyDatalog.pyEngine:subgoal: existsRoute(variable_283,variable_284,'DMZ_subnet_1','Firewall_1'), clause: existsRoute('24',variable_284,'DMZ_subnet_1','Firewall_1') <= isConnected(variable_312,'Firewall_1',variable_284)&isConnected(variable_315,'Firewall_1','DMZ_subnet_1')&isRouter(variable_318,'Firewall_1')
INFO:pyDatalog.pyEngine:New fact : isConnected('13','Firewall_1','Server_subnet_1')
INFO:pyDatalog.pyEngine:subgoal: existsRoute(variable_283,variable_284,'DMZ_subnet_1','Firewall_1'), clause: existsRoute('24',variable_284,'DMZ_subnet_1','Firewall_1') <= isConnected(variable_312,'Firewall_1',variable_284)&isConnected(variable_315,'Firewall_1','DMZ_subnet_1')&isRouter(variable_318,'Firewall_1')
INFO:pyDatalog.pyEngine:New fact : isConnected('13','Firewall_1','DMZ_subnet_1')
INFO:pyDatalog.pyEngine:subgoal: existsRoute(variable_283,variable_284,'DMZ_subnet_1','Firewall_1'), clause: existsRoute('24',variable_284,'DMZ_subnet_1','Firewall_1') <= isConnected(variable_312,'Firewall_1',variable_284)&isConnected(variable_315,'Firewall_1','DMZ_subnet_1')&isRouter(variable_318,'Firewall_1')
INFO:pyDatalog.pyEngine:New fact : isConnected('13','Firewall_1','DMZ_subnet_1')
INFO:pyDatalog.pyEngine:subgoal: existsRoute(variable_283,variable_284,'DMZ_subnet_1','Firewall_1'), clause: existsRoute('24','Outside_subnet_1','DMZ_subnet_1','Firewall_1') <= isConnected(variable_315,'Firewall_1','DMZ_subnet_1')&isRouter(variable_318,'Firewall_1')
INFO:pyDatalog.pyEngine:New fact : existsRoute('24','Outside_subnet_1','DMZ_subnet_1','Firewall_1')
INFO:pyDatalog.pyEngine:subgoal: hostACL(variable_227,variable_228,'www_1','tcp','80'), clause: hostACL('25','www_1','www_1','tcp','80') <= existsRoute(variable_283,variable_284,'DMZ_subnet_1','Firewall_1')
INFO:pyDatalog.pyEngine:New fact : existsRoute('24','Server_subnet_1','DMZ_subnet_1','Firewall_1')
INFO:pyDatalog.pyEngine:subgoal: hostACL(variable_227,variable_228,'www_1','tcp','80'), clause: hostACL('25','www_1','www_1','tcp','80') <= existsRoute(variable_283,variable_284,'DMZ_subnet_1','Firewall_1')
INFO:pyDatalog.pyEngine:New fact : existsRoute('24','DMZ_subnet_1','DMZ_subnet_1','Firewall_1')
INFO:pyDatalog.pyEngine:subgoal: hostACL(variable_227,variable_228,'www_1','tcp','80'), clause: hostACL('25','www_1','www_1','tcp','80') <= existsRoute(variable_283,variable_284,'DMZ_subnet_1','Firewall_1')
INFO:pyDatalog.pyEngine:New fact : isConnected('13','Firewall_1','Outside_subnet_1')
INFO:pyDatalog.pyEngine:subgoal: existsRoute(variable_283,variable_284,'DMZ_subnet_1','Firewall_1'), clause: existsRoute('15','Outside_subnet_1','DMZ_subnet_1','Firewall_1') <= isConnected(variable_302,variable_303,'Outside_subnet_1')&isRouter(variable_304,variable_303)&existsRoute(variable_306,'Outside_subnet_1','DMZ_subnet_1',variable_303)
INFO:pyDatalog.pyEngine:New fact : isConnected('33','Provider_1','Outside_subnet_1')
INFO:pyDatalog.pyEngine:subgoal: existsRoute(variable_283,variable_284,'DMZ_subnet_1','Firewall_1'), clause: existsRoute('15','Outside_subnet_1','DMZ_subnet_1','Firewall_1') <= isConnected(variable_302,variable_303,'Outside_subnet_1')&isRouter(variable_304,variable_303)&existsRoute(variable_306,'Outside_subnet_1','DMZ_subnet_1',variable_303)
INFO:pyDatalog.pyEngine:New fact : isRouter('34','Provider_1')
INFO:pyDatalog.pyEngine:subgoal: existsRoute(variable_283,variable_284,'DMZ_subnet_1','Firewall_1'), clause: existsRoute('15','Outside_subnet_1','DMZ_subnet_1','Firewall_1') <= isRouter(variable_304,'Provider_1')&existsRoute(variable_306,'Outside_subnet_1','DMZ_subnet_1','Provider_1')
INFO:pyDatalog.pyEngine:New fact : existsRoute('31','Outside_subnet_1','DMZ_subnet_1','Provider_1')
INFO:pyDatalog.pyEngine:subgoal: existsRoute(variable_283,variable_284,'DMZ_subnet_1','Firewall_1'), clause: existsRoute('15','Outside_subnet_1','DMZ_subnet_1','Firewall_1') <= existsRoute(variable_306,'Outside_subnet_1','DMZ_subnet_1','Provider_1')
INFO:pyDatalog.pyEngine:New fact : existsRoute('12','Outside_subnet_1','DMZ_subnet_1','Firewall_1')
INFO:pyDatalog.pyEngine:subgoal: existsRoute(variable_283,variable_284,'DMZ_subnet_1','Firewall_1'), clause: existsRoute('15','Outside_subnet_1','DMZ_subnet_1','Firewall_1') <= existsRoute(variable_306,'Outside_subnet_1','DMZ_subnet_1','Firewall_1')
INFO:pyDatalog.pyEngine:New fact : isConnected('33','Provider_1','Outside_subnet_1')
INFO:pyDatalog.pyEngine:subgoal: existsRoute(variable_306,'Outside_subnet_1','DMZ_subnet_1','Provider_1'), clause: existsRoute('24','Outside_subnet_1','DMZ_subnet_1','Provider_1') <= isConnected(variable_488,'Provider_1','Outside_subnet_1')&isConnected(variable_491,'Provider_1','DMZ_subnet_1')&isRouter(variable_494,'Provider_1')
INFO:pyDatalog.pyEngine:New fact : existsRoute('15','Outside_subnet_1','DMZ_subnet_1','Firewall_1')
INFO:pyDatalog.pyEngine:subgoal: hostACL(variable_227,variable_228,'www_1','tcp','80'), clause: hostACL('25','www_1','www_1','tcp','80') <= existsRoute(variable_283,variable_284,'DMZ_subnet_1','Firewall_1')
INFO:pyDatalog.pyEngine:New fact : isConnected('13','Firewall_1','Outside_subnet_1')
INFO:pyDatalog.pyEngine:subgoal: existsRoute(variable_306,'Outside_subnet_1','DMZ_subnet_1','Firewall_1'), clause: existsRoute('24','Outside_subnet_1','DMZ_subnet_1','Firewall_1') <= isConnected(variable_469,'Firewall_1','Outside_subnet_1')&isConnected(variable_472,'Firewall_1','DMZ_subnet_1')&isRouter(variable_475,'Firewall_1')
INFO:pyDatalog.pyEngine:New fact : existsRoute('24','Outside_subnet_1','DMZ_subnet_1','Firewall_1')
INFO:pyDatalog.pyEngine:subgoal: existsRoute(variable_283,variable_284,'DMZ_subnet_1','Firewall_1'), clause: existsRoute('15','Outside_subnet_1','DMZ_subnet_1','Firewall_1') <= existsRoute(variable_306,'Outside_subnet_1','DMZ_subnet_1','Firewall_1')
INFO:pyDatalog.pyEngine:New fact : existsRoute('15','Outside_subnet_1','DMZ_subnet_1','Firewall_1')
INFO:pyDatalog.pyEngine:subgoal: existsRoute(variable_283,variable_284,'DMZ_subnet_1','Firewall_1'), clause: existsRoute('15','Outside_subnet_1','DMZ_subnet_1','Firewall_1') <= existsRoute(variable_306,'Outside_subnet_1','DMZ_subnet_1','Firewall_1')
INFO:pyDatalog.pyEngine:subgoal: existsRoute(variable_306,'Outside_subnet_1','DMZ_subnet_1','Firewall_1'), clause: existsRoute('15','Outside_subnet_1','DMZ_subnet_1','Firewall_1') <= existsRoute(variable_463,'Outside_subnet_1','DMZ_subnet_1','Firewall_1')
INFO:pyDatalog.pyEngine:New fact : isConnected('17','ns_1','DMZ_subnet_1')
INFO:pyDatalog.pyEngine:subgoal: hostACL(variable_227,variable_228,'www_1','tcp','80'), clause: hostACL('25','www_1','www_1','tcp','80') <= isConnected(variable_278,variable_279,'DMZ_subnet_1')&isRouter(variable_281,variable_279)&existsRoute(variable_283,variable_284,'DMZ_subnet_1',variable_279)
INFO:pyDatalog.pyEngine:New fact : isConnected('1','www_1','DMZ_subnet_1')
INFO:pyDatalog.pyEngine:subgoal: hostACL(variable_227,variable_228,'www_1','tcp','80'), clause: hostACL('25','www_1','www_1','tcp','80') <= isConnected(variable_278,variable_279,'DMZ_subnet_1')&isRouter(variable_281,variable_279)&existsRoute(variable_283,variable_284,'DMZ_subnet_1',variable_279)
INFO:pyDatalog.pyEngine:New fact : hostACL('25','Firewall_1','www_1','tcp','80')
INFO:pyDatalog.pyEngine:subgoal: knows(variable_154,'eve_1','alice'), clause: knows('6','eve_1','alice') <= hostACL(variable_227,variable_228,'www_1','tcp','80')&hasAccount(variable_229,'eve_1',variable_228,variable_232)
INFO:pyDatalog.pyEngine:New fact : isConnected('30','client_1','Simint1_subnet_1')
INFO:pyDatalog.pyEngine:subgoal: hostACL(variable_227,variable_228,'www_1','tcp','80'), clause: hostACL('25','Provider_1','www_1','tcp','80') <= isConnected(variable_278,variable_279,'Simint1_subnet_1')&isRouter(variable_281,variable_279)&existsRoute(variable_283,variable_284,'DMZ_subnet_1',variable_279)
INFO:pyDatalog.pyEngine:New fact : isConnected('23','root-ns_1','Simint1_subnet_1')
INFO:pyDatalog.pyEngine:subgoal: hostACL(variable_227,variable_228,'www_1','tcp','80'), clause: hostACL('25','Provider_1','www_1','tcp','80') <= isConnected(variable_278,variable_279,'Simint1_subnet_1')&isRouter(variable_281,variable_279)&existsRoute(variable_283,variable_284,'DMZ_subnet_1',variable_279)
INFO:pyDatalog.pyEngine:New fact : isConnected('33','Provider_1','Simint1_subnet_1')
INFO:pyDatalog.pyEngine:subgoal: hostACL(variable_227,variable_228,'www_1','tcp','80'), clause: hostACL('25','Provider_1','www_1','tcp','80') <= isConnected(variable_278,variable_279,'Simint1_subnet_1')&isRouter(variable_281,variable_279)&existsRoute(variable_283,variable_284,'DMZ_subnet_1',variable_279)
INFO:pyDatalog.pyEngine:New fact : existsRoute('31','Outside_subnet_1','DMZ_subnet_1','Provider_1')
INFO:pyDatalog.pyEngine:subgoal: hostACL(variable_227,variable_228,'www_1','tcp','80'), clause: hostACL('25','Provider_1','www_1','tcp','80') <= existsRoute(variable_283,variable_284,'DMZ_subnet_1','Provider_1')
INFO:pyDatalog.pyEngine:New fact : hostACL('25','Provider_1','www_1','tcp','80')
INFO:pyDatalog.pyEngine:subgoal: knows(variable_154,'eve_1','alice'), clause: knows('6','eve_1','alice') <= hostACL(variable_227,variable_228,'www_1','tcp','80')&hasAccount(variable_229,'eve_1',variable_228,variable_232)
INFO:pyDatalog.pyEngine:New fact : isConnected('33','Provider_1','Simint1_subnet_1')
INFO:pyDatalog.pyEngine:subgoal: existsRoute(variable_283,variable_284,'DMZ_subnet_1','Provider_1'), clause: existsRoute('24',variable_284,'DMZ_subnet_1','Provider_1') <= isConnected(variable_507,'Provider_1',variable_284)&isConnected(variable_510,'Provider_1','DMZ_subnet_1')&isRouter(variable_513,'Provider_1')
INFO:pyDatalog.pyEngine:New fact : isConnected('33','Provider_1','Extnet_subnet_1')
INFO:pyDatalog.pyEngine:subgoal: existsRoute(variable_283,variable_284,'DMZ_subnet_1','Provider_1'), clause: existsRoute('24',variable_284,'DMZ_subnet_1','Provider_1') <= isConnected(variable_507,'Provider_1',variable_284)&isConnected(variable_510,'Provider_1','DMZ_subnet_1')&isRouter(variable_513,'Provider_1')
INFO:pyDatalog.pyEngine:New fact : isConnected('33','Provider_1','Outside_subnet_1')
INFO:pyDatalog.pyEngine:subgoal: existsRoute(variable_283,variable_284,'DMZ_subnet_1','Provider_1'), clause: existsRoute('24',variable_284,'DMZ_subnet_1','Provider_1') <= isConnected(variable_507,'Provider_1',variable_284)&isConnected(variable_510,'Provider_1','DMZ_subnet_1')&isRouter(variable_513,'Provider_1')
INFO:pyDatalog.pyEngine:New fact : isConnected('13','Firewall_1','Server_subnet_1')
INFO:pyDatalog.pyEngine:subgoal: hostACL(variable_227,variable_228,'www_1','tcp','80'), clause: hostACL('25','db_1','www_1','tcp','80') <= isConnected(variable_278,variable_279,'Server_subnet_1')&isRouter(variable_281,variable_279)&existsRoute(variable_283,variable_284,'DMZ_subnet_1',variable_279)
INFO:pyDatalog.pyEngine:New fact : hostACL('25','db_1','www_1','tcp','80')
INFO:pyDatalog.pyEngine:subgoal: knows(variable_154,'eve_1','alice'), clause: knows('6','eve_1','alice') <= hostACL(variable_227,variable_228,'www_1','tcp','80')&hasAccount(variable_229,'eve_1',variable_228,variable_232)
INFO:pyDatalog.pyEngine:New fact : isConnected('20','db_1','Server_subnet_1')
INFO:pyDatalog.pyEngine:subgoal: hostACL(variable_227,variable_228,'www_1','tcp','80'), clause: hostACL('25','db_1','www_1','tcp','80') <= isConnected(variable_278,variable_279,'Server_subnet_1')&isRouter(variable_281,variable_279)&existsRoute(variable_283,variable_284,'DMZ_subnet_1',variable_279)
INFO:pyDatalog.pyEngine:New fact : hostACL('25','ns_1','www_1','tcp','80')
INFO:pyDatalog.pyEngine:subgoal: knows(variable_154,'eve_1','alice'), clause: knows('6','eve_1','alice') <= hostACL(variable_227,variable_228,'www_1','tcp','80')&hasAccount(variable_229,'eve_1',variable_228,variable_232)
INFO:pyDatalog.pyEngine:New fact : hostACL('25','root-ns_1','www_1','tcp','80')
INFO:pyDatalog.pyEngine:subgoal: knows(variable_154,'eve_1','alice'), clause: knows('6','eve_1','alice') <= hostACL(variable_227,variable_228,'www_1','tcp','80')&hasAccount(variable_229,'eve_1',variable_228,variable_232)
INFO:pyDatalog.pyEngine:New fact : isConnected('33','Provider_1','Extnet_subnet_1')
INFO:pyDatalog.pyEngine:subgoal: hostACL(variable_227,variable_228,'www_1','tcp','80'), clause: hostACL('25','Provider_1','www_1','tcp','80') <= isConnected(variable_278,variable_279,'Extnet_subnet_1')&isRouter(variable_281,variable_279)&existsRoute(variable_283,variable_284,'DMZ_subnet_1',variable_279)
INFO:pyDatalog.pyEngine:New fact : hostACL('25','client_1','www_1','tcp','80')
INFO:pyDatalog.pyEngine:subgoal: knows(variable_154,'eve_1','alice'), clause: knows('6','eve_1','alice') <= hostACL(variable_227,variable_228,'www_1','tcp','80')&hasAccount(variable_229,'eve_1',variable_228,variable_232)
INFO:pyDatalog.pyEngine:New fact : hasAccount('28','eve_1','client_1','client_user1_1')
INFO:pyDatalog.pyEngine:subgoal: knows(variable_154,'eve_1','alice'), clause: knows('6','eve_1','alice') <= hasAccount(variable_229,'eve_1','client_1',variable_232)
INFO:pyDatalog.pyEngine:New fact : hasUser('29','client_user1_1','client_1','supersecret','admin')
INFO:pyDatalog.pyEngine:subgoal: hasAccount(variable_229,'eve_1','client_1',variable_232), clause: hasAccount('27','eve_1','client_1',variable_232) <= hasUser(variable_636,variable_232,'client_1',variable_639,variable_640)&knows(variable_641,'eve_1',variable_232)&knows(variable_644,'eve_1',variable_639)
INFO:pyDatalog.pyEngine:New fact : knows('6','eve_1','alice')
INFO:pyDatalog.pyEngine:subgoal: hasAccount(variable_98,'eve_1','www_1','www_user1_1'), clause: hasAccount('4','eve_1','www_1','www_user1_1') <= knows(variable_154,'eve_1','alice')&hasUser(variable_156,'www_user1_1','www_1',variable_157,variable_158)&listeningOn(variable_159,'www_1','tcp','22')&hostACL(variable_160,variable_161,'www_1','tcp','22')&hasAccount(variable_162,'eve_1',variable_161,variable_165)
INFO:pyDatalog.pyEngine:New fact : listeningOn('3','www_1','tcp','22')
INFO:pyDatalog.pyEngine:subgoal: hasAccount(variable_98,'eve_1','www_1','www_user1_1'), clause: hasAccount('4','eve_1','www_1','www_user1_1') <= listeningOn(variable_159,'www_1','tcp','22')&hostACL(variable_160,variable_161,'www_1','tcp','22')&hasAccount(variable_162,'eve_1',variable_161,variable_165)
INFO:pyDatalog.pyEngine:New fact : hostACL('26','www_1','www_1','tcp','22')
INFO:pyDatalog.pyEngine:subgoal: hasAccount(variable_98,'eve_1','www_1','www_user1_1'), clause: hasAccount('4','eve_1','www_1','www_user1_1') <= hostACL(variable_160,variable_161,'www_1','tcp','22')&hasAccount(variable_162,'eve_1',variable_161,variable_165)
INFO:pyDatalog.pyEngine:New fact : hostACL('26','Firewall_1','www_1','tcp','22')
INFO:pyDatalog.pyEngine:subgoal: hasAccount(variable_98,'eve_1','www_1','www_user1_1'), clause: hasAccount('4','eve_1','www_1','www_user1_1') <= hostACL(variable_160,variable_161,'www_1','tcp','22')&hasAccount(variable_162,'eve_1',variable_161,variable_165)
INFO:pyDatalog.pyEngine:New fact : hostACL('26','ns_1','www_1','tcp','22')
INFO:pyDatalog.pyEngine:subgoal: hasAccount(variable_98,'eve_1','www_1','www_user1_1'), clause: hasAccount('4','eve_1','www_1','www_user1_1') <= hostACL(variable_160,variable_161,'www_1','tcp','22')&hasAccount(variable_162,'eve_1',variable_161,variable_165)
INFO:pyDatalog.pyEngine:New fact : hostACL('25','www_1','www_1','tcp','22')
INFO:pyDatalog.pyEngine:subgoal: hasAccount(variable_98,'eve_1','www_1','www_user1_1'), clause: hasAccount('4','eve_1','www_1','www_user1_1') <= hostACL(variable_160,variable_161,'www_1','tcp','22')&hasAccount(variable_162,'eve_1',variable_161,variable_165)
INFO:pyDatalog.pyEngine:New fact : hostACL('25','Firewall_1','www_1','tcp','22')
INFO:pyDatalog.pyEngine:subgoal: hasAccount(variable_98,'eve_1','www_1','www_user1_1'), clause: hasAccount('4','eve_1','www_1','www_user1_1') <= hostACL(variable_160,variable_161,'www_1','tcp','22')&hasAccount(variable_162,'eve_1',variable_161,variable_165)
INFO:pyDatalog.pyEngine:New fact : hostACL('25','Provider_1','www_1','tcp','22')
INFO:pyDatalog.pyEngine:subgoal: hasAccount(variable_98,'eve_1','www_1','www_user1_1'), clause: hasAccount('4','eve_1','www_1','www_user1_1') <= hostACL(variable_160,variable_161,'www_1','tcp','22')&hasAccount(variable_162,'eve_1',variable_161,variable_165)
INFO:pyDatalog.pyEngine:New fact : hostACL('25','db_1','www_1','tcp','22')
INFO:pyDatalog.pyEngine:subgoal: hasAccount(variable_98,'eve_1','www_1','www_user1_1'), clause: hasAccount('4','eve_1','www_1','www_user1_1') <= hostACL(variable_160,variable_161,'www_1','tcp','22')&hasAccount(variable_162,'eve_1',variable_161,variable_165)
INFO:pyDatalog.pyEngine:New fact : hostACL('25','ns_1','www_1','tcp','22')
INFO:pyDatalog.pyEngine:subgoal: hasAccount(variable_98,'eve_1','www_1','www_user1_1'), clause: hasAccount('4','eve_1','www_1','www_user1_1') <= hostACL(variable_160,variable_161,'www_1','tcp','22')&hasAccount(variable_162,'eve_1',variable_161,variable_165)
INFO:pyDatalog.pyEngine:New fact : hostACL('25','root-ns_1','www_1','tcp','22')
INFO:pyDatalog.pyEngine:subgoal: hasAccount(variable_98,'eve_1','www_1','www_user1_1'), clause: hasAccount('4','eve_1','www_1','www_user1_1') <= hostACL(variable_160,variable_161,'www_1','tcp','22')&hasAccount(variable_162,'eve_1',variable_161,variable_165)
INFO:pyDatalog.pyEngine:New fact : hostACL('25','client_1','www_1','tcp','22')
INFO:pyDatalog.pyEngine:subgoal: hasAccount(variable_98,'eve_1','www_1','www_user1_1'), clause: hasAccount('4','eve_1','www_1','www_user1_1') <= hostACL(variable_160,variable_161,'www_1','tcp','22')&hasAccount(variable_162,'eve_1',variable_161,variable_165)
INFO:pyDatalog.pyEngine:New fact : hasAccount('4','eve_1','www_1','www_user1_1')
INFO:pyDatalog.pyEngine:subgoal: hasAccount(variable_60,'eve_1','www_1','www_root_1'), clause: hasAccount('5','eve_1','www_1','www_root_1') <= hasAccount(variable_98,'eve_1','www_1','www_user1_1')
INFO:pyDatalog.pyEngine:subgoal: hasAccount(variable_229,'eve_1','www_1',variable_232), clause: hasAccount('5','eve_1','www_1','www_root_1') <= hasAccount(variable_403,'eve_1','www_1','www_user1_1')
INFO:pyDatalog.pyEngine:New fact : hasAccount('5','eve_1','www_1','www_root_1')
INFO:pyDatalog.pyEngine:subgoal: knows(variable_34,'eve_1','venerus'), clause: knows('10','eve_1','venerus') <= hasAccount(variable_60,'eve_1','www_1','www_root_1')
INFO:pyDatalog.pyEngine:New fact : hasAccount('5','eve_1','www_1','www_root_1')
INFO:pyDatalog.pyEngine:subgoal: knows(variable_154,'eve_1','alice'), clause: knows('6','eve_1','alice') <= hasAccount(variable_229,'eve_1','www_1',variable_232)
INFO:pyDatalog.pyEngine:subgoal: knows(variable_154,'eve_1','alice'), clause: knows('6','eve_1','alice') <= hasAccount(variable_229,'eve_1','www_1',variable_232)
INFO:pyDatalog.pyEngine:subgoal: hasAccount(variable_98,'eve_1','www_1','www_user1_1'), clause: hasAccount('4','eve_1','www_1','www_user1_1') <= hasAccount(variable_162,'eve_1','www_1',variable_165)
INFO:pyDatalog.pyEngine:subgoal: hasAccount(variable_98,'eve_1','www_1','www_user1_1'), clause: hasAccount('4','eve_1','www_1','www_user1_1') <= hasAccount(variable_162,'eve_1','www_1',variable_165)
INFO:pyDatalog.pyEngine:New fact : knows('10','eve_1','venerus')
INFO:pyDatalog.pyEngine:subgoal: knows(ID1,'eve_1','DB_confidential'), clause: knows('21','eve_1','DB_confidential') <= knows(variable_34,'eve_1','venerus')&hasAccount(variable_36,'eve_1',variable_38,variable_39)&hostACL(variable_40,variable_38,'db_1','tcp','3306')
INFO:pyDatalog.pyEngine:New fact : hasAccount('28','eve_1','client_1','client_user1_1')
INFO:pyDatalog.pyEngine:subgoal: knows(ID1,'eve_1','DB_confidential'), clause: knows('21','eve_1','DB_confidential') <= hasAccount(variable_36,'eve_1',variable_38,variable_39)&hostACL(variable_40,variable_38,'db_1','tcp','3306')
INFO:pyDatalog.pyEngine:New fact : hasUser('29','client_user1_1','client_1','supersecret','admin')
INFO:pyDatalog.pyEngine:subgoal: hasAccount(variable_36,'eve_1',variable_38,variable_39), clause: hasAccount('27','eve_1',variable_38,variable_39) <= hasUser(variable_745,variable_39,variable_38,variable_748,variable_749)&knows(variable_750,'eve_1',variable_39)&knows(variable_753,'eve_1',variable_748)
INFO:pyDatalog.pyEngine:New fact : hasUser('11','www_sysuser1_1','www_1','None','user')
INFO:pyDatalog.pyEngine:subgoal: hasAccount(variable_36,'eve_1',variable_38,variable_39), clause: hasAccount('27','eve_1',variable_38,variable_39) <= hasUser(variable_745,variable_39,variable_38,variable_748,variable_749)&knows(variable_750,'eve_1',variable_39)&knows(variable_753,'eve_1',variable_748)
INFO:pyDatalog.pyEngine:New fact : hasUser('7','www_user1_1','www_1','xexexexe','user')
INFO:pyDatalog.pyEngine:subgoal: hasAccount(variable_36,'eve_1',variable_38,variable_39), clause: hasAccount('27','eve_1',variable_38,variable_39) <= hasUser(variable_745,variable_39,variable_38,variable_748,variable_749)&knows(variable_750,'eve_1',variable_39)&knows(variable_753,'eve_1',variable_748)
INFO:pyDatalog.pyEngine:New fact : hasUser('2','www_root_1','www_1','None','admin')
INFO:pyDatalog.pyEngine:subgoal: hasAccount(variable_36,'eve_1',variable_38,variable_39), clause: hasAccount('27','eve_1',variable_38,variable_39) <= hasUser(variable_745,variable_39,variable_38,variable_748,variable_749)&knows(variable_750,'eve_1',variable_39)&knows(variable_753,'eve_1',variable_748)
INFO:pyDatalog.pyEngine:New fact : listeningOn('18','db_1','tcp','3306')
INFO:pyDatalog.pyEngine:subgoal: hostACL(variable_40,'client_1','db_1','tcp','3306'), clause: hostACL('26','client_1','db_1','tcp','3306') <= listeningOn(variable_783,'db_1','tcp','3306')&isConnected(variable_787,'client_1',variable_789)&isConnected(variable_790,'db_1',variable_789)
INFO:pyDatalog.pyEngine:New fact : isConnected('30','client_1','Simint1_subnet_1')
INFO:pyDatalog.pyEngine:subgoal: hostACL(variable_40,'client_1','db_1','tcp','3306'), clause: hostACL('26','client_1','db_1','tcp','3306') <= isConnected(variable_787,'client_1',variable_789)&isConnected(variable_790,'db_1',variable_789)
INFO:pyDatalog.pyEngine:New fact : isConnected('20','db_1','Server_subnet_1')
INFO:pyDatalog.pyEngine:subgoal: hostACL(variable_40,'client_1','db_1','tcp','3306'), clause: hostACL('25','client_1','db_1','tcp','3306') <= isConnected(variable_764,'db_1',variable_766)&isConnected(variable_767,'client_1',variable_769)&isConnected(variable_770,variable_771,variable_769)&isRouter(variable_773,variable_771)&existsRoute(variable_775,variable_776,variable_766,variable_771)
INFO:pyDatalog.pyEngine:New fact : hasAccount('4','eve_1','www_1','www_user1_1')
INFO:pyDatalog.pyEngine:subgoal: knows(variable_154,'eve_1','alice'), clause: knows('6','eve_1','alice') <= hasAccount(variable_229,'eve_1','www_1',variable_232)
INFO:pyDatalog.pyEngine:subgoal: knows(variable_154,'eve_1','alice'), clause: knows('6','eve_1','alice') <= hasAccount(variable_229,'eve_1','www_1',variable_232)
INFO:pyDatalog.pyEngine:subgoal: hasAccount(variable_98,'eve_1','www_1','www_user1_1'), clause: hasAccount('4','eve_1','www_1','www_user1_1') <= hasAccount(variable_162,'eve_1','www_1',variable_165)
INFO:pyDatalog.pyEngine:subgoal: hasAccount(variable_98,'eve_1','www_1','www_user1_1'), clause: hasAccount('4','eve_1','www_1','www_user1_1') <= hasAccount(variable_162,'eve_1','www_1',variable_165)
INFO:pyDatalog.pyEngine:subgoal: hasAccount(variable_229,'eve_1','www_1',variable_232), clause: hasAccount('4','eve_1','www_1','www_user1_1') <= hasAccount(variable_395,'eve_1','www_1',variable_398)
INFO:pyDatalog.pyEngine:subgoal: hasAccount(variable_229,'eve_1','www_1',variable_232), clause: hasAccount('4','eve_1','www_1','www_user1_1') <= hasAccount(variable_395,'eve_1','www_1',variable_398)
INFO:pyDatalog.pyEngine:New fact : hasUser('11','www_sysuser1_1','www_1','None','user')
INFO:pyDatalog.pyEngine:subgoal: knows(variable_34,'eve_1','venerus'), clause: knows('9','eve_1','venerus') <= hasUser(variable_51,'www_sysuser1_1','www_1',variable_52,variable_53)&hasAccount(variable_54,'eve_1','www_1','www_sysuser1_1')
INFO:pyDatalog.pyEngine:New fact : hasAccount('5','eve_1','www_1','www_root_1')
INFO:pyDatalog.pyEngine:subgoal: knows(ID1,'eve_1','DB_confidential'), clause: knows('21','eve_1','DB_confidential') <= hasAccount(variable_36,'eve_1',variable_38,variable_39)&hostACL(variable_40,variable_38,'db_1','tcp','3306')
INFO:pyDatalog.pyEngine:New fact : existsRoute('12','DMZ_subnet_1','Server_subnet_1','Firewall_1')
INFO:pyDatalog.pyEngine:subgoal: hostACL(variable_40,'www_1','db_1','tcp','3306'), clause: hostACL('25','www_1','db_1','tcp','3306') <= existsRoute(variable_864,variable_865,'Server_subnet_1','Firewall_1')
INFO:pyDatalog.pyEngine:New fact : hostACL('25','www_1','db_1','tcp','3306')
INFO:pyDatalog.pyEngine:subgoal: knows(ID1,'eve_1','DB_confidential'), clause: knows('21','eve_1','DB_confidential') <= hostACL(variable_40,'www_1','db_1','tcp','3306')
INFO:pyDatalog.pyEngine:New fact : existsRoute('12','Outside_subnet_1','Server_subnet_1','Firewall_1')
INFO:pyDatalog.pyEngine:subgoal: hostACL(variable_40,'www_1','db_1','tcp','3306'), clause: hostACL('25','www_1','db_1','tcp','3306') <= existsRoute(variable_864,variable_865,'Server_subnet_1','Firewall_1')
INFO:pyDatalog.pyEngine:New fact : existsRoute('12','Server_subnet_1','Server_subnet_1','Firewall_1')
INFO:pyDatalog.pyEngine:subgoal: hostACL(variable_40,'www_1','db_1','tcp','3306'), clause: hostACL('25','www_1','db_1','tcp','3306') <= existsRoute(variable_864,variable_865,'Server_subnet_1','Firewall_1')
INFO:pyDatalog.pyEngine:New fact : knows('21','eve_1','DB_confidential')
INFO:pyDatalog.pyEngine:subgoal: _pyD_query1(ID1), clause: _pyD_query1(ID1) <= knows(ID1,'eve_1','DB_confidential')
INFO:pyDatalog.pyEngine:New fact : isConnected('13','Firewall_1','Server_subnet_1')
INFO:pyDatalog.pyEngine:subgoal: existsRoute(variable_864,variable_865,'Server_subnet_1','Firewall_1'), clause: existsRoute('24','Outside_subnet_1','Server_subnet_1','Firewall_1') <= isConnected(variable_896,'Firewall_1','Server_subnet_1')&isRouter(variable_899,'Firewall_1')
INFO:pyDatalog.pyEngine:New fact : hasAccount('4','eve_1','www_1','www_user1_1')
INFO:pyDatalog.pyEngine:subgoal: knows(ID1,'eve_1','DB_confidential'), clause: knows('21','eve_1','DB_confidential') <= hasAccount(variable_36,'eve_1',variable_38,variable_39)&hostACL(variable_40,variable_38,'db_1','tcp','3306')
INFO:pyDatalog.pyEngine:New fact : existsRoute('24','Outside_subnet_1','Server_subnet_1','Firewall_1')
INFO:pyDatalog.pyEngine:subgoal: hostACL(variable_40,'www_1','db_1','tcp','3306'), clause: hostACL('25','www_1','db_1','tcp','3306') <= existsRoute(variable_864,variable_865,'Server_subnet_1','Firewall_1')
INFO:pyDatalog.pyEngine:New fact : existsRoute('24','Server_subnet_1','Server_subnet_1','Firewall_1')
INFO:pyDatalog.pyEngine:subgoal: hostACL(variable_40,'www_1','db_1','tcp','3306'), clause: hostACL('25','www_1','db_1','tcp','3306') <= existsRoute(variable_864,variable_865,'Server_subnet_1','Firewall_1')
INFO:pyDatalog.pyEngine:New fact : existsRoute('24','DMZ_subnet_1','Server_subnet_1','Firewall_1')
INFO:pyDatalog.pyEngine:subgoal: hostACL(variable_40,'www_1','db_1','tcp','3306'), clause: hostACL('25','www_1','db_1','tcp','3306') <= existsRoute(variable_864,variable_865,'Server_subnet_1','Firewall_1')
INFO:pyDatalog.pyEngine:New fact : existsRoute('12','Outside_subnet_1','Server_subnet_1','Firewall_1')
INFO:pyDatalog.pyEngine:subgoal: existsRoute(variable_864,variable_865,'Server_subnet_1','Firewall_1'), clause: existsRoute('15','Outside_subnet_1','Server_subnet_1','Firewall_1') <= existsRoute(variable_887,'Outside_subnet_1','Server_subnet_1','Firewall_1')
INFO:pyDatalog.pyEngine:New fact : existsRoute('15','Outside_subnet_1','Server_subnet_1','Firewall_1')
INFO:pyDatalog.pyEngine:subgoal: hostACL(variable_40,'www_1','db_1','tcp','3306'), clause: hostACL('25','www_1','db_1','tcp','3306') <= existsRoute(variable_864,variable_865,'Server_subnet_1','Firewall_1')
INFO:pyDatalog.pyEngine:New fact : existsRoute('24','Outside_subnet_1','Server_subnet_1','Firewall_1')
INFO:pyDatalog.pyEngine:subgoal: existsRoute(variable_864,variable_865,'Server_subnet_1','Firewall_1'), clause: existsRoute('15','Outside_subnet_1','Server_subnet_1','Firewall_1') <= existsRoute(variable_887,'Outside_subnet_1','Server_subnet_1','Firewall_1')
INFO:pyDatalog.pyEngine:New fact : existsRoute('15','Outside_subnet_1','Server_subnet_1','Firewall_1')
INFO:pyDatalog.pyEngine:subgoal: existsRoute(variable_864,variable_865,'Server_subnet_1','Firewall_1'), clause: existsRoute('15','Outside_subnet_1','Server_subnet_1','Firewall_1') <= existsRoute(variable_887,'Outside_subnet_1','Server_subnet_1','Firewall_1')
INFO:pyDatalog.pyEngine:subgoal: existsRoute(variable_887,'Outside_subnet_1','Server_subnet_1','Firewall_1'), clause: existsRoute('15','Outside_subnet_1','Server_subnet_1','Firewall_1') <= existsRoute(variable_906,'Outside_subnet_1','Server_subnet_1','Firewall_1')
INFO:pyDatalog.pyEngine:New fact : _pyD_query1('21')
