INFO:pyDatalog.pyEngine:New fact : hasUser('39','www_root_1','www_1','None','admin')
INFO:pyDatalog.pyEngine:subgoal: knows(variable_48,'eve_1','venerus'), clause: knows('43','eve_1','venerus') <= hasUser(variable_87,variable_88,'www_1',variable_89,'admin')&hasAccount(variable_90,'eve_1','www_1',variable_88)
INFO:pyDatalog.pyEngine:New fact : hasUser('39','www_root_1','www_1','None','admin')
INFO:pyDatalog.pyEngine:subgoal: hasAccount(variable_90,'eve_1','www_1','www_root_1'), clause: hasAccount('36','eve_1','www_1','www_root_1') <= hasUser(variable_169,'www_root_1','www_1',variable_170,variable_171)&hasAccount(variable_172,'eve_1','www_1','www_user1_1')
INFO:pyDatalog.pyEngine:New fact : listeningOn('37','www_1','tcp','80')
INFO:pyDatalog.pyEngine:subgoal: knows(variable_189,'eve_1','alice'), clause: knows('34','eve_1','alice') <= listeningOn(variable_208,'www_1','tcp','80')&hostACL(variable_209,variable_210,'www_1','tcp','80')&hasAccount(variable_211,'eve_1',variable_210,variable_214)
INFO:pyDatalog.pyEngine:New fact : isConnected('64','cam2_1','Server_subnet_1')
INFO:pyDatalog.pyEngine:subgoal: hostACL(variable_209,variable_210,'www_1','tcp','80'), clause: hostACL('9',variable_210,'www_1','tcp','80') <= isConnected(variable_307,variable_210,variable_309)&isConnected(variable_310,'www_1',variable_309)
INFO:pyDatalog.pyEngine:New fact : isConnected('62','Provider_1','Simint1_subnet_1')
INFO:pyDatalog.pyEngine:subgoal: hostACL(variable_209,variable_210,'www_1','tcp','80'), clause: hostACL('9',variable_210,'www_1','tcp','80') <= isConnected(variable_307,variable_210,variable_309)&isConnected(variable_310,'www_1',variable_309)
INFO:pyDatalog.pyEngine:New fact : isConnected('62','Provider_1','Outside_subnet_1')
INFO:pyDatalog.pyEngine:subgoal: hostACL(variable_209,variable_210,'www_1','tcp','80'), clause: hostACL('9',variable_210,'www_1','tcp','80') <= isConnected(variable_307,variable_210,variable_309)&isConnected(variable_310,'www_1',variable_309)
INFO:pyDatalog.pyEngine:New fact : isConnected('62','Provider_1','Extnet_subnet_1')
INFO:pyDatalog.pyEngine:subgoal: hostACL(variable_209,variable_210,'www_1','tcp','80'), clause: hostACL('9',variable_210,'www_1','tcp','80') <= isConnected(variable_307,variable_210,variable_309)&isConnected(variable_310,'www_1',variable_309)
INFO:pyDatalog.pyEngine:New fact : isConnected('59','client_1','Simint1_subnet_1')
INFO:pyDatalog.pyEngine:subgoal: hostACL(variable_209,variable_210,'www_1','tcp','80'), clause: hostACL('9',variable_210,'www_1','tcp','80') <= isConnected(variable_307,variable_210,variable_309)&isConnected(variable_310,'www_1',variable_309)
INFO:pyDatalog.pyEngine:New fact : isConnected('56','cam4_1','Server_subnet_1')
INFO:pyDatalog.pyEngine:subgoal: hostACL(variable_209,variable_210,'www_1','tcp','80'), clause: hostACL('9',variable_210,'www_1','tcp','80') <= isConnected(variable_307,variable_210,variable_309)&isConnected(variable_310,'www_1',variable_309)
INFO:pyDatalog.pyEngine:New fact : isConnected('55','elev_1','IoT_subnet_1')
INFO:pyDatalog.pyEngine:subgoal: hostACL(variable_209,variable_210,'www_1','tcp','80'), clause: hostACL('9',variable_210,'www_1','tcp','80') <= isConnected(variable_307,variable_210,variable_309)&isConnected(variable_310,'www_1',variable_309)
INFO:pyDatalog.pyEngine:New fact : isConnected('51','db_1','Server_subnet_1')
INFO:pyDatalog.pyEngine:subgoal: hostACL(variable_209,variable_210,'www_1','tcp','80'), clause: hostACL('9',variable_210,'www_1','tcp','80') <= isConnected(variable_307,variable_210,variable_309)&isConnected(variable_310,'www_1',variable_309)
INFO:pyDatalog.pyEngine:New fact : isConnected('45','cam3_1','Server_subnet_1')
INFO:pyDatalog.pyEngine:subgoal: hostACL(variable_209,variable_210,'www_1','tcp','80'), clause: hostACL('9',variable_210,'www_1','tcp','80') <= isConnected(variable_307,variable_210,variable_309)&isConnected(variable_310,'www_1',variable_309)
INFO:pyDatalog.pyEngine:New fact : isConnected('44','hmi_1','IoT_subnet_1')
INFO:pyDatalog.pyEngine:subgoal: hostACL(variable_209,variable_210,'www_1','tcp','80'), clause: hostACL('9',variable_210,'www_1','tcp','80') <= isConnected(variable_307,variable_210,variable_309)&isConnected(variable_310,'www_1',variable_309)
INFO:pyDatalog.pyEngine:New fact : isConnected('33','www_1','DMZ_subnet_1')
INFO:pyDatalog.pyEngine:subgoal: hostACL(variable_209,variable_210,'www_1','tcp','80'), clause: hostACL('9',variable_210,'www_1','tcp','80') <= isConnected(variable_307,variable_210,variable_309)&isConnected(variable_310,'www_1',variable_309)
INFO:pyDatalog.pyEngine:New fact : isConnected('33','www_1','DMZ_subnet_1')
INFO:pyDatalog.pyEngine:subgoal: hostACL(variable_209,variable_210,'www_1','tcp','80'), clause: hostACL('9','www_1','www_1','tcp','80') <= isConnected(variable_310,'www_1','DMZ_subnet_1')
INFO:pyDatalog.pyEngine:New fact : hostACL('9','www_1','www_1','tcp','80')
INFO:pyDatalog.pyEngine:subgoal: knows(variable_189,'eve_1','alice'), clause: knows('34','eve_1','alice') <= hostACL(variable_209,variable_210,'www_1','tcp','80')&hasAccount(variable_211,'eve_1',variable_210,variable_214)
INFO:pyDatalog.pyEngine:New fact : isConnected('32','ftp_1','DMZ_subnet_1')
INFO:pyDatalog.pyEngine:subgoal: hostACL(variable_209,variable_210,'www_1','tcp','80'), clause: hostACL('9',variable_210,'www_1','tcp','80') <= isConnected(variable_307,variable_210,variable_309)&isConnected(variable_310,'www_1',variable_309)
INFO:pyDatalog.pyEngine:New fact : hostACL('9','ftp_1','www_1','tcp','80')
INFO:pyDatalog.pyEngine:subgoal: knows(variable_189,'eve_1','alice'), clause: knows('34','eve_1','alice') <= hostACL(variable_209,variable_210,'www_1','tcp','80')&hasAccount(variable_211,'eve_1',variable_210,variable_214)
INFO:pyDatalog.pyEngine:New fact : isConnected('31','dc_1','Server_subnet_1')
INFO:pyDatalog.pyEngine:subgoal: hostACL(variable_209,variable_210,'www_1','tcp','80'), clause: hostACL('9',variable_210,'www_1','tcp','80') <= isConnected(variable_307,variable_210,variable_309)&isConnected(variable_310,'www_1',variable_309)
INFO:pyDatalog.pyEngine:New fact : isConnected('30','ids_1','Server_subnet_1')
INFO:pyDatalog.pyEngine:subgoal: hostACL(variable_209,variable_210,'www_1','tcp','80'), clause: hostACL('9',variable_210,'www_1','tcp','80') <= isConnected(variable_307,variable_210,variable_309)&isConnected(variable_310,'www_1',variable_309)
INFO:pyDatalog.pyEngine:New fact : isConnected('28','collab_1','DMZ_subnet_1')
INFO:pyDatalog.pyEngine:subgoal: hostACL(variable_209,variable_210,'www_1','tcp','80'), clause: hostACL('9',variable_210,'www_1','tcp','80') <= isConnected(variable_307,variable_210,variable_309)&isConnected(variable_310,'www_1',variable_309)
INFO:pyDatalog.pyEngine:New fact : hostACL('9','collab_1','www_1','tcp','80')
INFO:pyDatalog.pyEngine:subgoal: knows(variable_189,'eve_1','alice'), clause: knows('34','eve_1','alice') <= hostACL(variable_209,variable_210,'www_1','tcp','80')&hasAccount(variable_211,'eve_1',variable_210,variable_214)
INFO:pyDatalog.pyEngine:New fact : isConnected('25','alarm_1','IoT_subnet_1')
INFO:pyDatalog.pyEngine:subgoal: hostACL(variable_209,variable_210,'www_1','tcp','80'), clause: hostACL('9',variable_210,'www_1','tcp','80') <= isConnected(variable_307,variable_210,variable_309)&isConnected(variable_310,'www_1',variable_309)
INFO:pyDatalog.pyEngine:New fact : isConnected('24','intranet_1','Server_subnet_1')
INFO:pyDatalog.pyEngine:subgoal: hostACL(variable_209,variable_210,'www_1','tcp','80'), clause: hostACL('9',variable_210,'www_1','tcp','80') <= isConnected(variable_307,variable_210,variable_309)&isConnected(variable_310,'www_1',variable_309)
INFO:pyDatalog.pyEngine:New fact : isConnected('23','root-ns_1','Simint1_subnet_1')
INFO:pyDatalog.pyEngine:subgoal: hostACL(variable_209,variable_210,'www_1','tcp','80'), clause: hostACL('9',variable_210,'www_1','tcp','80') <= isConnected(variable_307,variable_210,variable_309)&isConnected(variable_310,'www_1',variable_309)
INFO:pyDatalog.pyEngine:New fact : isConnected('21','nas_1','Server_subnet_1')
INFO:pyDatalog.pyEngine:subgoal: hostACL(variable_209,variable_210,'www_1','tcp','80'), clause: hostACL('9',variable_210,'www_1','tcp','80') <= isConnected(variable_307,variable_210,variable_309)&isConnected(variable_310,'www_1',variable_309)
INFO:pyDatalog.pyEngine:New fact : isConnected('20','siem_1','Server_subnet_1')
INFO:pyDatalog.pyEngine:subgoal: hostACL(variable_209,variable_210,'www_1','tcp','80'), clause: hostACL('9',variable_210,'www_1','tcp','80') <= isConnected(variable_307,variable_210,variable_309)&isConnected(variable_310,'www_1',variable_309)
INFO:pyDatalog.pyEngine:New fact : isConnected('18','ns_1','DMZ_subnet_1')
INFO:pyDatalog.pyEngine:subgoal: hostACL(variable_209,variable_210,'www_1','tcp','80'), clause: hostACL('9',variable_210,'www_1','tcp','80') <= isConnected(variable_307,variable_210,variable_309)&isConnected(variable_310,'www_1',variable_309)
INFO:pyDatalog.pyEngine:New fact : hostACL('9','ns_1','www_1','tcp','80')
INFO:pyDatalog.pyEngine:subgoal: knows(variable_189,'eve_1','alice'), clause: knows('34','eve_1','alice') <= hostACL(variable_209,variable_210,'www_1','tcp','80')&hasAccount(variable_211,'eve_1',variable_210,variable_214)
INFO:pyDatalog.pyEngine:New fact : isConnected('17','climate_1','IoT_subnet_1')
INFO:pyDatalog.pyEngine:subgoal: hostACL(variable_209,variable_210,'www_1','tcp','80'), clause: hostACL('9',variable_210,'www_1','tcp','80') <= isConnected(variable_307,variable_210,variable_309)&isConnected(variable_310,'www_1',variable_309)
INFO:pyDatalog.pyEngine:New fact : isConnected('16','cam6_1','IoT_subnet_1')
INFO:pyDatalog.pyEngine:subgoal: hostACL(variable_209,variable_210,'www_1','tcp','80'), clause: hostACL('9',variable_210,'www_1','tcp','80') <= isConnected(variable_307,variable_210,variable_309)&isConnected(variable_310,'www_1',variable_309)
INFO:pyDatalog.pyEngine:New fact : isConnected('15','waf_1','DMZ_subnet_1')
INFO:pyDatalog.pyEngine:subgoal: hostACL(variable_209,variable_210,'www_1','tcp','80'), clause: hostACL('9',variable_210,'www_1','tcp','80') <= isConnected(variable_307,variable_210,variable_309)&isConnected(variable_310,'www_1',variable_309)
INFO:pyDatalog.pyEngine:New fact : hostACL('9','waf_1','www_1','tcp','80')
INFO:pyDatalog.pyEngine:subgoal: knows(variable_189,'eve_1','alice'), clause: knows('34','eve_1','alice') <= hostACL(variable_209,variable_210,'www_1','tcp','80')&hasAccount(variable_211,'eve_1',variable_210,variable_214)
INFO:pyDatalog.pyEngine:New fact : isConnected('11','cam5_1','Server_subnet_1')
INFO:pyDatalog.pyEngine:subgoal: hostACL(variable_209,variable_210,'www_1','tcp','80'), clause: hostACL('9',variable_210,'www_1','tcp','80') <= isConnected(variable_307,variable_210,variable_309)&isConnected(variable_310,'www_1',variable_309)
INFO:pyDatalog.pyEngine:New fact : isConnected('6','cam1_1','Server_subnet_1')
INFO:pyDatalog.pyEngine:subgoal: hostACL(variable_209,variable_210,'www_1','tcp','80'), clause: hostACL('9',variable_210,'www_1','tcp','80') <= isConnected(variable_307,variable_210,variable_309)&isConnected(variable_310,'www_1',variable_309)
INFO:pyDatalog.pyEngine:New fact : isConnected('3','Firewall_1','IoT_subnet_1')
INFO:pyDatalog.pyEngine:subgoal: hostACL(variable_209,variable_210,'www_1','tcp','80'), clause: hostACL('9',variable_210,'www_1','tcp','80') <= isConnected(variable_307,variable_210,variable_309)&isConnected(variable_310,'www_1',variable_309)
INFO:pyDatalog.pyEngine:New fact : isConnected('3','Firewall_1','DMZ_subnet_1')
INFO:pyDatalog.pyEngine:subgoal: hostACL(variable_209,variable_210,'www_1','tcp','80'), clause: hostACL('9',variable_210,'www_1','tcp','80') <= isConnected(variable_307,variable_210,variable_309)&isConnected(variable_310,'www_1',variable_309)
INFO:pyDatalog.pyEngine:New fact : hostACL('9','Firewall_1','www_1','tcp','80')
INFO:pyDatalog.pyEngine:subgoal: knows(variable_189,'eve_1','alice'), clause: knows('34','eve_1','alice') <= hostACL(variable_209,variable_210,'www_1','tcp','80')&hasAccount(variable_211,'eve_1',variable_210,variable_214)
INFO:pyDatalog.pyEngine:New fact : isConnected('3','Firewall_1','Outside_subnet_1')
INFO:pyDatalog.pyEngine:subgoal: hostACL(variable_209,variable_210,'www_1','tcp','80'), clause: hostACL('9',variable_210,'www_1','tcp','80') <= isConnected(variable_307,variable_210,variable_309)&isConnected(variable_310,'www_1',variable_309)
INFO:pyDatalog.pyEngine:New fact : isConnected('3','Firewall_1','Server_subnet_1')
INFO:pyDatalog.pyEngine:subgoal: hostACL(variable_209,variable_210,'www_1','tcp','80'), clause: hostACL('9',variable_210,'www_1','tcp','80') <= isConnected(variable_307,variable_210,variable_309)&isConnected(variable_310,'www_1',variable_309)
INFO:pyDatalog.pyEngine:New fact : isConnected('1','videoserver_1','Server_subnet_1')
INFO:pyDatalog.pyEngine:subgoal: hostACL(variable_209,variable_210,'www_1','tcp','80'), clause: hostACL('9',variable_210,'www_1','tcp','80') <= isConnected(variable_307,variable_210,variable_309)&isConnected(variable_310,'www_1',variable_309)
INFO:pyDatalog.pyEngine:New fact : isConnected('33','www_1','DMZ_subnet_1')
INFO:pyDatalog.pyEngine:subgoal: hostACL(variable_209,variable_210,'www_1','tcp','80'), clause: hostACL('8',variable_210,'www_1','tcp','80') <= isConnected(variable_284,'www_1',variable_286)&isConnected(variable_287,variable_210,variable_289)&isConnected(variable_290,variable_291,variable_289)&isRouter(variable_293,variable_291)&existsRoute(variable_295,variable_296,variable_286,variable_291)
INFO:pyDatalog.pyEngine:New fact : isConnected('30','ids_1','Server_subnet_1')
INFO:pyDatalog.pyEngine:subgoal: hostACL(variable_209,variable_210,'www_1','tcp','80'), clause: hostACL('8','intranet_1','www_1','tcp','80') <= isConnected(variable_290,variable_291,'Server_subnet_1')&isRouter(variable_293,variable_291)&existsRoute(variable_295,variable_296,'DMZ_subnet_1',variable_291)
INFO:pyDatalog.pyEngine:New fact : isConnected('45','cam3_1','Server_subnet_1')
INFO:pyDatalog.pyEngine:subgoal: hostACL(variable_209,variable_210,'www_1','tcp','80'), clause: hostACL('8','intranet_1','www_1','tcp','80') <= isConnected(variable_290,variable_291,'Server_subnet_1')&isRouter(variable_293,variable_291)&existsRoute(variable_295,variable_296,'DMZ_subnet_1',variable_291)
INFO:pyDatalog.pyEngine:New fact : isConnected('56','cam4_1','Server_subnet_1')
INFO:pyDatalog.pyEngine:subgoal: hostACL(variable_209,variable_210,'www_1','tcp','80'), clause: hostACL('8','intranet_1','www_1','tcp','80') <= isConnected(variable_290,variable_291,'Server_subnet_1')&isRouter(variable_293,variable_291)&existsRoute(variable_295,variable_296,'DMZ_subnet_1',variable_291)
INFO:pyDatalog.pyEngine:New fact : isConnected('11','cam5_1','Server_subnet_1')
INFO:pyDatalog.pyEngine:subgoal: hostACL(variable_209,variable_210,'www_1','tcp','80'), clause: hostACL('8','intranet_1','www_1','tcp','80') <= isConnected(variable_290,variable_291,'Server_subnet_1')&isRouter(variable_293,variable_291)&existsRoute(variable_295,variable_296,'DMZ_subnet_1',variable_291)
INFO:pyDatalog.pyEngine:New fact : isConnected('21','nas_1','Server_subnet_1')
INFO:pyDatalog.pyEngine:subgoal: hostACL(variable_209,variable_210,'www_1','tcp','80'), clause: hostACL('8','intranet_1','www_1','tcp','80') <= isConnected(variable_290,variable_291,'Server_subnet_1')&isRouter(variable_293,variable_291)&existsRoute(variable_295,variable_296,'DMZ_subnet_1',variable_291)
INFO:pyDatalog.pyEngine:New fact : isConnected('1','videoserver_1','Server_subnet_1')
INFO:pyDatalog.pyEngine:subgoal: hostACL(variable_209,variable_210,'www_1','tcp','80'), clause: hostACL('8','intranet_1','www_1','tcp','80') <= isConnected(variable_290,variable_291,'Server_subnet_1')&isRouter(variable_293,variable_291)&existsRoute(variable_295,variable_296,'DMZ_subnet_1',variable_291)
INFO:pyDatalog.pyEngine:New fact : isConnected('3','Firewall_1','Server_subnet_1')
INFO:pyDatalog.pyEngine:subgoal: hostACL(variable_209,variable_210,'www_1','tcp','80'), clause: hostACL('8','intranet_1','www_1','tcp','80') <= isConnected(variable_290,variable_291,'Server_subnet_1')&isRouter(variable_293,variable_291)&existsRoute(variable_295,variable_296,'DMZ_subnet_1',variable_291)
INFO:pyDatalog.pyEngine:New fact : isRouter('4','Firewall_1')
INFO:pyDatalog.pyEngine:subgoal: hostACL(variable_209,variable_210,'www_1','tcp','80'), clause: hostACL('8','intranet_1','www_1','tcp','80') <= isRouter(variable_293,'Firewall_1')&existsRoute(variable_295,variable_296,'DMZ_subnet_1','Firewall_1')
INFO:pyDatalog.pyEngine:New fact : existsRoute('2','IoT_subnet_1','DMZ_subnet_1','Firewall_1')
INFO:pyDatalog.pyEngine:subgoal: hostACL(variable_209,variable_210,'www_1','tcp','80'), clause: hostACL('8','intranet_1','www_1','tcp','80') <= existsRoute(variable_295,variable_296,'DMZ_subnet_1','Firewall_1')
INFO:pyDatalog.pyEngine:New fact : hostACL('8','intranet_1','www_1','tcp','80')
INFO:pyDatalog.pyEngine:subgoal: knows(variable_189,'eve_1','alice'), clause: knows('34','eve_1','alice') <= hostACL(variable_209,variable_210,'www_1','tcp','80')&hasAccount(variable_211,'eve_1',variable_210,variable_214)
INFO:pyDatalog.pyEngine:New fact : existsRoute('2','Server_subnet_1','DMZ_subnet_1','Firewall_1')
INFO:pyDatalog.pyEngine:subgoal: hostACL(variable_209,variable_210,'www_1','tcp','80'), clause: hostACL('8','intranet_1','www_1','tcp','80') <= existsRoute(variable_295,variable_296,'DMZ_subnet_1','Firewall_1')
INFO:pyDatalog.pyEngine:New fact : hasUser('26','collab_sysuser1_1','collab_1','None','user')
INFO:pyDatalog.pyEngine:subgoal: hasAccount(variable_211,'eve_1','collab_1',variable_214), clause: hasAccount('10','eve_1','collab_1',variable_214) <= hasUser(variable_401,variable_214,'collab_1',variable_404,variable_405)&knows(variable_406,'eve_1',variable_214)&knows(variable_409,'eve_1',variable_404)
INFO:pyDatalog.pyEngine:New fact : hasUser('29','collab_root_1','collab_1','None','admin')
INFO:pyDatalog.pyEngine:subgoal: hasAccount(variable_211,'eve_1','collab_1',variable_214), clause: hasAccount('10','eve_1','collab_1',variable_214) <= hasUser(variable_401,variable_214,'collab_1',variable_404,variable_405)&knows(variable_406,'eve_1',variable_214)&knows(variable_409,'eve_1',variable_404)
INFO:pyDatalog.pyEngine:New fact : existsRoute('2','DMZ_subnet_1','DMZ_subnet_1','Firewall_1')
INFO:pyDatalog.pyEngine:subgoal: hostACL(variable_209,variable_210,'www_1','tcp','80'), clause: hostACL('8','intranet_1','www_1','tcp','80') <= existsRoute(variable_295,variable_296,'DMZ_subnet_1','Firewall_1')
INFO:pyDatalog.pyEngine:New fact : existsRoute('2','Outside_subnet_1','DMZ_subnet_1','Firewall_1')
INFO:pyDatalog.pyEngine:subgoal: hostACL(variable_209,variable_210,'www_1','tcp','80'), clause: hostACL('8','intranet_1','www_1','tcp','80') <= existsRoute(variable_295,variable_296,'DMZ_subnet_1','Firewall_1')
INFO:pyDatalog.pyEngine:New fact : hasUser('12','waf_root_1','waf_1','None','admin')
INFO:pyDatalog.pyEngine:subgoal: hasAccount(variable_211,'eve_1','waf_1',variable_214), clause: hasAccount('10','eve_1','waf_1',variable_214) <= hasUser(variable_467,variable_214,'waf_1',variable_470,variable_471)&knows(variable_472,'eve_1',variable_214)&knows(variable_475,'eve_1',variable_470)
INFO:pyDatalog.pyEngine:New fact : hasUser('14','waf_sysuser1_1','waf_1','None','user')
INFO:pyDatalog.pyEngine:subgoal: hasAccount(variable_211,'eve_1','waf_1',variable_214), clause: hasAccount('10','eve_1','waf_1',variable_214) <= hasUser(variable_467,variable_214,'waf_1',variable_470,variable_471)&knows(variable_472,'eve_1',variable_214)&knows(variable_475,'eve_1',variable_470)
INFO:pyDatalog.pyEngine:New fact : isConnected('3','Firewall_1','IoT_subnet_1')
INFO:pyDatalog.pyEngine:subgoal: existsRoute(variable_295,variable_296,'DMZ_subnet_1','Firewall_1'), clause: existsRoute('7',variable_296,'DMZ_subnet_1','Firewall_1') <= isConnected(variable_324,'Firewall_1',variable_296)&isConnected(variable_327,'Firewall_1','DMZ_subnet_1')&isRouter(variable_330,'Firewall_1')
INFO:pyDatalog.pyEngine:New fact : isConnected('3','Firewall_1','Server_subnet_1')
INFO:pyDatalog.pyEngine:subgoal: existsRoute(variable_295,variable_296,'DMZ_subnet_1','Firewall_1'), clause: existsRoute('7',variable_296,'DMZ_subnet_1','Firewall_1') <= isConnected(variable_324,'Firewall_1',variable_296)&isConnected(variable_327,'Firewall_1','DMZ_subnet_1')&isRouter(variable_330,'Firewall_1')
INFO:pyDatalog.pyEngine:New fact : isConnected('3','Firewall_1','Outside_subnet_1')
INFO:pyDatalog.pyEngine:subgoal: existsRoute(variable_295,variable_296,'DMZ_subnet_1','Firewall_1'), clause: existsRoute('7',variable_296,'DMZ_subnet_1','Firewall_1') <= isConnected(variable_324,'Firewall_1',variable_296)&isConnected(variable_327,'Firewall_1','DMZ_subnet_1')&isRouter(variable_330,'Firewall_1')
INFO:pyDatalog.pyEngine:New fact : isConnected('3','Firewall_1','DMZ_subnet_1')
INFO:pyDatalog.pyEngine:subgoal: existsRoute(variable_295,variable_296,'DMZ_subnet_1','Firewall_1'), clause: existsRoute('7',variable_296,'DMZ_subnet_1','Firewall_1') <= isConnected(variable_324,'Firewall_1',variable_296)&isConnected(variable_327,'Firewall_1','DMZ_subnet_1')&isRouter(variable_330,'Firewall_1')
INFO:pyDatalog.pyEngine:New fact : isConnected('3','Firewall_1','DMZ_subnet_1')
INFO:pyDatalog.pyEngine:subgoal: existsRoute(variable_295,variable_296,'DMZ_subnet_1','Firewall_1'), clause: existsRoute('7','IoT_subnet_1','DMZ_subnet_1','Firewall_1') <= isConnected(variable_327,'Firewall_1','DMZ_subnet_1')&isRouter(variable_330,'Firewall_1')
INFO:pyDatalog.pyEngine:New fact : existsRoute('7','IoT_subnet_1','DMZ_subnet_1','Firewall_1')
INFO:pyDatalog.pyEngine:subgoal: hostACL(variable_209,variable_210,'www_1','tcp','80'), clause: hostACL('8','intranet_1','www_1','tcp','80') <= existsRoute(variable_295,variable_296,'DMZ_subnet_1','Firewall_1')
INFO:pyDatalog.pyEngine:New fact : existsRoute('7','Server_subnet_1','DMZ_subnet_1','Firewall_1')
INFO:pyDatalog.pyEngine:subgoal: hostACL(variable_209,variable_210,'www_1','tcp','80'), clause: hostACL('8','intranet_1','www_1','tcp','80') <= existsRoute(variable_295,variable_296,'DMZ_subnet_1','Firewall_1')
INFO:pyDatalog.pyEngine:New fact : existsRoute('7','Outside_subnet_1','DMZ_subnet_1','Firewall_1')
INFO:pyDatalog.pyEngine:subgoal: hostACL(variable_209,variable_210,'www_1','tcp','80'), clause: hostACL('8','intranet_1','www_1','tcp','80') <= existsRoute(variable_295,variable_296,'DMZ_subnet_1','Firewall_1')
INFO:pyDatalog.pyEngine:New fact : existsRoute('7','DMZ_subnet_1','DMZ_subnet_1','Firewall_1')
INFO:pyDatalog.pyEngine:subgoal: hostACL(variable_209,variable_210,'www_1','tcp','80'), clause: hostACL('8','intranet_1','www_1','tcp','80') <= existsRoute(variable_295,variable_296,'DMZ_subnet_1','Firewall_1')
INFO:pyDatalog.pyEngine:New fact : isConnected('3','Firewall_1','Outside_subnet_1')
INFO:pyDatalog.pyEngine:subgoal: existsRoute(variable_295,variable_296,'DMZ_subnet_1','Firewall_1'), clause: existsRoute('5','Outside_subnet_1','DMZ_subnet_1','Firewall_1') <= isConnected(variable_314,variable_315,'Outside_subnet_1')&isRouter(variable_316,variable_315)&existsRoute(variable_318,'Outside_subnet_1','DMZ_subnet_1',variable_315)
INFO:pyDatalog.pyEngine:New fact : isConnected('62','Provider_1','Outside_subnet_1')
INFO:pyDatalog.pyEngine:subgoal: existsRoute(variable_295,variable_296,'DMZ_subnet_1','Firewall_1'), clause: existsRoute('5','Outside_subnet_1','DMZ_subnet_1','Firewall_1') <= isConnected(variable_314,variable_315,'Outside_subnet_1')&isRouter(variable_316,variable_315)&existsRoute(variable_318,'Outside_subnet_1','DMZ_subnet_1',variable_315)
INFO:pyDatalog.pyEngine:New fact : isRouter('63','Provider_1')
INFO:pyDatalog.pyEngine:subgoal: existsRoute(variable_295,variable_296,'DMZ_subnet_1','Firewall_1'), clause: existsRoute('5','Outside_subnet_1','DMZ_subnet_1','Firewall_1') <= isRouter(variable_316,'Provider_1')&existsRoute(variable_318,'Outside_subnet_1','DMZ_subnet_1','Provider_1')
INFO:pyDatalog.pyEngine:New fact : existsRoute('60','Outside_subnet_1','DMZ_subnet_1','Provider_1')
INFO:pyDatalog.pyEngine:subgoal: existsRoute(variable_295,variable_296,'DMZ_subnet_1','Firewall_1'), clause: existsRoute('5','Outside_subnet_1','DMZ_subnet_1','Firewall_1') <= existsRoute(variable_318,'Outside_subnet_1','DMZ_subnet_1','Provider_1')
INFO:pyDatalog.pyEngine:New fact : existsRoute('2','Outside_subnet_1','DMZ_subnet_1','Firewall_1')
INFO:pyDatalog.pyEngine:subgoal: existsRoute(variable_295,variable_296,'DMZ_subnet_1','Firewall_1'), clause: existsRoute('5','Outside_subnet_1','DMZ_subnet_1','Firewall_1') <= existsRoute(variable_318,'Outside_subnet_1','DMZ_subnet_1','Firewall_1')
INFO:pyDatalog.pyEngine:New fact : isConnected('62','Provider_1','Outside_subnet_1')
INFO:pyDatalog.pyEngine:subgoal: existsRoute(variable_318,'Outside_subnet_1','DMZ_subnet_1','Provider_1'), clause: existsRoute('7','Outside_subnet_1','DMZ_subnet_1','Provider_1') <= isConnected(variable_869,'Provider_1','Outside_subnet_1')&isConnected(variable_872,'Provider_1','DMZ_subnet_1')&isRouter(variable_875,'Provider_1')
INFO:pyDatalog.pyEngine:New fact : existsRoute('5','Outside_subnet_1','DMZ_subnet_1','Firewall_1')
INFO:pyDatalog.pyEngine:subgoal: hostACL(variable_209,variable_210,'www_1','tcp','80'), clause: hostACL('8','intranet_1','www_1','tcp','80') <= existsRoute(variable_295,variable_296,'DMZ_subnet_1','Firewall_1')
INFO:pyDatalog.pyEngine:New fact : isConnected('3','Firewall_1','Outside_subnet_1')
INFO:pyDatalog.pyEngine:subgoal: existsRoute(variable_318,'Outside_subnet_1','DMZ_subnet_1','Firewall_1'), clause: existsRoute('7','Outside_subnet_1','DMZ_subnet_1','Firewall_1') <= isConnected(variable_850,'Firewall_1','Outside_subnet_1')&isConnected(variable_853,'Firewall_1','DMZ_subnet_1')&isRouter(variable_856,'Firewall_1')
INFO:pyDatalog.pyEngine:New fact : existsRoute('7','Outside_subnet_1','DMZ_subnet_1','Firewall_1')
INFO:pyDatalog.pyEngine:subgoal: existsRoute(variable_295,variable_296,'DMZ_subnet_1','Firewall_1'), clause: existsRoute('5','Outside_subnet_1','DMZ_subnet_1','Firewall_1') <= existsRoute(variable_318,'Outside_subnet_1','DMZ_subnet_1','Firewall_1')
INFO:pyDatalog.pyEngine:New fact : existsRoute('5','Outside_subnet_1','DMZ_subnet_1','Firewall_1')
INFO:pyDatalog.pyEngine:subgoal: existsRoute(variable_295,variable_296,'DMZ_subnet_1','Firewall_1'), clause: existsRoute('5','Outside_subnet_1','DMZ_subnet_1','Firewall_1') <= existsRoute(variable_318,'Outside_subnet_1','DMZ_subnet_1','Firewall_1')
INFO:pyDatalog.pyEngine:subgoal: existsRoute(variable_318,'Outside_subnet_1','DMZ_subnet_1','Firewall_1'), clause: existsRoute('5','Outside_subnet_1','DMZ_subnet_1','Firewall_1') <= existsRoute(variable_844,'Outside_subnet_1','DMZ_subnet_1','Firewall_1')
INFO:pyDatalog.pyEngine:New fact : isConnected('6','cam1_1','Server_subnet_1')
INFO:pyDatalog.pyEngine:subgoal: hostACL(variable_209,variable_210,'www_1','tcp','80'), clause: hostACL('8','intranet_1','www_1','tcp','80') <= isConnected(variable_290,variable_291,'Server_subnet_1')&isRouter(variable_293,variable_291)&existsRoute(variable_295,variable_296,'DMZ_subnet_1',variable_291)
INFO:pyDatalog.pyEngine:New fact : isConnected('20','siem_1','Server_subnet_1')
INFO:pyDatalog.pyEngine:subgoal: hostACL(variable_209,variable_210,'www_1','tcp','80'), clause: hostACL('8','intranet_1','www_1','tcp','80') <= isConnected(variable_290,variable_291,'Server_subnet_1')&isRouter(variable_293,variable_291)&existsRoute(variable_295,variable_296,'DMZ_subnet_1',variable_291)
INFO:pyDatalog.pyEngine:New fact : isConnected('51','db_1','Server_subnet_1')
INFO:pyDatalog.pyEngine:subgoal: hostACL(variable_209,variable_210,'www_1','tcp','80'), clause: hostACL('8','intranet_1','www_1','tcp','80') <= isConnected(variable_290,variable_291,'Server_subnet_1')&isRouter(variable_293,variable_291)&existsRoute(variable_295,variable_296,'DMZ_subnet_1',variable_291)
INFO:pyDatalog.pyEngine:New fact : isConnected('31','dc_1','Server_subnet_1')
INFO:pyDatalog.pyEngine:subgoal: hostACL(variable_209,variable_210,'www_1','tcp','80'), clause: hostACL('8','intranet_1','www_1','tcp','80') <= isConnected(variable_290,variable_291,'Server_subnet_1')&isRouter(variable_293,variable_291)&existsRoute(variable_295,variable_296,'DMZ_subnet_1',variable_291)
INFO:pyDatalog.pyEngine:New fact : isConnected('24','intranet_1','Server_subnet_1')
INFO:pyDatalog.pyEngine:subgoal: hostACL(variable_209,variable_210,'www_1','tcp','80'), clause: hostACL('8','intranet_1','www_1','tcp','80') <= isConnected(variable_290,variable_291,'Server_subnet_1')&isRouter(variable_293,variable_291)&existsRoute(variable_295,variable_296,'DMZ_subnet_1',variable_291)
INFO:pyDatalog.pyEngine:New fact : isConnected('64','cam2_1','Server_subnet_1')
INFO:pyDatalog.pyEngine:subgoal: hostACL(variable_209,variable_210,'www_1','tcp','80'), clause: hostACL('8','intranet_1','www_1','tcp','80') <= isConnected(variable_290,variable_291,'Server_subnet_1')&isRouter(variable_293,variable_291)&existsRoute(variable_295,variable_296,'DMZ_subnet_1',variable_291)
INFO:pyDatalog.pyEngine:New fact : isConnected('25','alarm_1','IoT_subnet_1')
INFO:pyDatalog.pyEngine:subgoal: hostACL(variable_209,variable_210,'www_1','tcp','80'), clause: hostACL('8','climate_1','www_1','tcp','80') <= isConnected(variable_290,variable_291,'IoT_subnet_1')&isRouter(variable_293,variable_291)&existsRoute(variable_295,variable_296,'DMZ_subnet_1',variable_291)
INFO:pyDatalog.pyEngine:New fact : isConnected('17','climate_1','IoT_subnet_1')
INFO:pyDatalog.pyEngine:subgoal: hostACL(variable_209,variable_210,'www_1','tcp','80'), clause: hostACL('8','climate_1','www_1','tcp','80') <= isConnected(variable_290,variable_291,'IoT_subnet_1')&isRouter(variable_293,variable_291)&existsRoute(variable_295,variable_296,'DMZ_subnet_1',variable_291)
INFO:pyDatalog.pyEngine:New fact : isConnected('16','cam6_1','IoT_subnet_1')
INFO:pyDatalog.pyEngine:subgoal: hostACL(variable_209,variable_210,'www_1','tcp','80'), clause: hostACL('8','climate_1','www_1','tcp','80') <= isConnected(variable_290,variable_291,'IoT_subnet_1')&isRouter(variable_293,variable_291)&existsRoute(variable_295,variable_296,'DMZ_subnet_1',variable_291)
INFO:pyDatalog.pyEngine:New fact : isConnected('44','hmi_1','IoT_subnet_1')
INFO:pyDatalog.pyEngine:subgoal: hostACL(variable_209,variable_210,'www_1','tcp','80'), clause: hostACL('8','climate_1','www_1','tcp','80') <= isConnected(variable_290,variable_291,'IoT_subnet_1')&isRouter(variable_293,variable_291)&existsRoute(variable_295,variable_296,'DMZ_subnet_1',variable_291)
INFO:pyDatalog.pyEngine:New fact : isConnected('3','Firewall_1','IoT_subnet_1')
INFO:pyDatalog.pyEngine:subgoal: hostACL(variable_209,variable_210,'www_1','tcp','80'), clause: hostACL('8','climate_1','www_1','tcp','80') <= isConnected(variable_290,variable_291,'IoT_subnet_1')&isRouter(variable_293,variable_291)&existsRoute(variable_295,variable_296,'DMZ_subnet_1',variable_291)
INFO:pyDatalog.pyEngine:New fact : hostACL('8','climate_1','www_1','tcp','80')
INFO:pyDatalog.pyEngine:subgoal: knows(variable_189,'eve_1','alice'), clause: knows('34','eve_1','alice') <= hostACL(variable_209,variable_210,'www_1','tcp','80')&hasAccount(variable_211,'eve_1',variable_210,variable_214)
INFO:pyDatalog.pyEngine:New fact : isConnected('55','elev_1','IoT_subnet_1')
INFO:pyDatalog.pyEngine:subgoal: hostACL(variable_209,variable_210,'www_1','tcp','80'), clause: hostACL('8','climate_1','www_1','tcp','80') <= isConnected(variable_290,variable_291,'IoT_subnet_1')&isRouter(variable_293,variable_291)&existsRoute(variable_295,variable_296,'DMZ_subnet_1',variable_291)
INFO:pyDatalog.pyEngine:New fact : isConnected('3','Firewall_1','DMZ_subnet_1')
INFO:pyDatalog.pyEngine:subgoal: hostACL(variable_209,variable_210,'www_1','tcp','80'), clause: hostACL('8','www_1','www_1','tcp','80') <= isConnected(variable_290,variable_291,'DMZ_subnet_1')&isRouter(variable_293,variable_291)&existsRoute(variable_295,variable_296,'DMZ_subnet_1',variable_291)
INFO:pyDatalog.pyEngine:New fact : hostACL('8','www_1','www_1','tcp','80')
INFO:pyDatalog.pyEngine:subgoal: knows(variable_189,'eve_1','alice'), clause: knows('34','eve_1','alice') <= hostACL(variable_209,variable_210,'www_1','tcp','80')&hasAccount(variable_211,'eve_1',variable_210,variable_214)
INFO:pyDatalog.pyEngine:New fact : isConnected('15','waf_1','DMZ_subnet_1')
INFO:pyDatalog.pyEngine:subgoal: hostACL(variable_209,variable_210,'www_1','tcp','80'), clause: hostACL('8','www_1','www_1','tcp','80') <= isConnected(variable_290,variable_291,'DMZ_subnet_1')&isRouter(variable_293,variable_291)&existsRoute(variable_295,variable_296,'DMZ_subnet_1',variable_291)
INFO:pyDatalog.pyEngine:New fact : isConnected('18','ns_1','DMZ_subnet_1')
INFO:pyDatalog.pyEngine:subgoal: hostACL(variable_209,variable_210,'www_1','tcp','80'), clause: hostACL('8','www_1','www_1','tcp','80') <= isConnected(variable_290,variable_291,'DMZ_subnet_1')&isRouter(variable_293,variable_291)&existsRoute(variable_295,variable_296,'DMZ_subnet_1',variable_291)
INFO:pyDatalog.pyEngine:New fact : isConnected('33','www_1','DMZ_subnet_1')
INFO:pyDatalog.pyEngine:subgoal: hostACL(variable_209,variable_210,'www_1','tcp','80'), clause: hostACL('8','www_1','www_1','tcp','80') <= isConnected(variable_290,variable_291,'DMZ_subnet_1')&isRouter(variable_293,variable_291)&existsRoute(variable_295,variable_296,'DMZ_subnet_1',variable_291)
INFO:pyDatalog.pyEngine:New fact : isConnected('32','ftp_1','DMZ_subnet_1')
INFO:pyDatalog.pyEngine:subgoal: hostACL(variable_209,variable_210,'www_1','tcp','80'), clause: hostACL('8','www_1','www_1','tcp','80') <= isConnected(variable_290,variable_291,'DMZ_subnet_1')&isRouter(variable_293,variable_291)&existsRoute(variable_295,variable_296,'DMZ_subnet_1',variable_291)
INFO:pyDatalog.pyEngine:New fact : isConnected('28','collab_1','DMZ_subnet_1')
INFO:pyDatalog.pyEngine:subgoal: hostACL(variable_209,variable_210,'www_1','tcp','80'), clause: hostACL('8','www_1','www_1','tcp','80') <= isConnected(variable_290,variable_291,'DMZ_subnet_1')&isRouter(variable_293,variable_291)&existsRoute(variable_295,variable_296,'DMZ_subnet_1',variable_291)
INFO:pyDatalog.pyEngine:New fact : hostACL('8','db_1','www_1','tcp','80')
INFO:pyDatalog.pyEngine:subgoal: knows(variable_189,'eve_1','alice'), clause: knows('34','eve_1','alice') <= hostACL(variable_209,variable_210,'www_1','tcp','80')&hasAccount(variable_211,'eve_1',variable_210,variable_214)
INFO:pyDatalog.pyEngine:New fact : isConnected('62','Provider_1','Extnet_subnet_1')
INFO:pyDatalog.pyEngine:subgoal: hostACL(variable_209,variable_210,'www_1','tcp','80'), clause: hostACL('8','Provider_1','www_1','tcp','80') <= isConnected(variable_290,variable_291,'Extnet_subnet_1')&isRouter(variable_293,variable_291)&existsRoute(variable_295,variable_296,'DMZ_subnet_1',variable_291)
INFO:pyDatalog.pyEngine:New fact : existsRoute('60','Outside_subnet_1','DMZ_subnet_1','Provider_1')
INFO:pyDatalog.pyEngine:subgoal: hostACL(variable_209,variable_210,'www_1','tcp','80'), clause: hostACL('8','Provider_1','www_1','tcp','80') <= existsRoute(variable_295,variable_296,'DMZ_subnet_1','Provider_1')
INFO:pyDatalog.pyEngine:New fact : hostACL('8','Provider_1','www_1','tcp','80')
INFO:pyDatalog.pyEngine:subgoal: knows(variable_189,'eve_1','alice'), clause: knows('34','eve_1','alice') <= hostACL(variable_209,variable_210,'www_1','tcp','80')&hasAccount(variable_211,'eve_1',variable_210,variable_214)
INFO:pyDatalog.pyEngine:New fact : isConnected('62','Provider_1','Simint1_subnet_1')
INFO:pyDatalog.pyEngine:subgoal: existsRoute(variable_295,variable_296,'DMZ_subnet_1','Provider_1'), clause: existsRoute('7',variable_296,'DMZ_subnet_1','Provider_1') <= isConnected(variable_888,'Provider_1',variable_296)&isConnected(variable_891,'Provider_1','DMZ_subnet_1')&isRouter(variable_894,'Provider_1')
INFO:pyDatalog.pyEngine:New fact : isConnected('62','Provider_1','Outside_subnet_1')
INFO:pyDatalog.pyEngine:subgoal: existsRoute(variable_295,variable_296,'DMZ_subnet_1','Provider_1'), clause: existsRoute('7',variable_296,'DMZ_subnet_1','Provider_1') <= isConnected(variable_888,'Provider_1',variable_296)&isConnected(variable_891,'Provider_1','DMZ_subnet_1')&isRouter(variable_894,'Provider_1')
INFO:pyDatalog.pyEngine:New fact : isConnected('62','Provider_1','Extnet_subnet_1')
INFO:pyDatalog.pyEngine:subgoal: existsRoute(variable_295,variable_296,'DMZ_subnet_1','Provider_1'), clause: existsRoute('7',variable_296,'DMZ_subnet_1','Provider_1') <= isConnected(variable_888,'Provider_1',variable_296)&isConnected(variable_891,'Provider_1','DMZ_subnet_1')&isRouter(variable_894,'Provider_1')
INFO:pyDatalog.pyEngine:New fact : hasUser('54','db_root_1','db_1','None','admin')
INFO:pyDatalog.pyEngine:subgoal: hasAccount(variable_211,'eve_1','db_1',variable_214), clause: hasAccount('10','eve_1','db_1',variable_214) <= hasUser(variable_932,variable_214,'db_1',variable_935,variable_936)&knows(variable_937,'eve_1',variable_214)&knows(variable_940,'eve_1',variable_935)
INFO:pyDatalog.pyEngine:New fact : hostACL('8','Firewall_1','www_1','tcp','80')
INFO:pyDatalog.pyEngine:subgoal: knows(variable_189,'eve_1','alice'), clause: knows('34','eve_1','alice') <= hostACL(variable_209,variable_210,'www_1','tcp','80')&hasAccount(variable_211,'eve_1',variable_210,variable_214)
INFO:pyDatalog.pyEngine:New fact : hostACL('8','cam3_1','www_1','tcp','80')
INFO:pyDatalog.pyEngine:subgoal: knows(variable_189,'eve_1','alice'), clause: knows('34','eve_1','alice') <= hostACL(variable_209,variable_210,'www_1','tcp','80')&hasAccount(variable_211,'eve_1',variable_210,variable_214)
INFO:pyDatalog.pyEngine:New fact : isConnected('59','client_1','Simint1_subnet_1')
INFO:pyDatalog.pyEngine:subgoal: hostACL(variable_209,variable_210,'www_1','tcp','80'), clause: hostACL('8','root-ns_1','www_1','tcp','80') <= isConnected(variable_290,variable_291,'Simint1_subnet_1')&isRouter(variable_293,variable_291)&existsRoute(variable_295,variable_296,'DMZ_subnet_1',variable_291)
INFO:pyDatalog.pyEngine:New fact : isConnected('62','Provider_1','Simint1_subnet_1')
INFO:pyDatalog.pyEngine:subgoal: hostACL(variable_209,variable_210,'www_1','tcp','80'), clause: hostACL('8','root-ns_1','www_1','tcp','80') <= isConnected(variable_290,variable_291,'Simint1_subnet_1')&isRouter(variable_293,variable_291)&existsRoute(variable_295,variable_296,'DMZ_subnet_1',variable_291)
INFO:pyDatalog.pyEngine:New fact : hostACL('8','root-ns_1','www_1','tcp','80')
INFO:pyDatalog.pyEngine:subgoal: knows(variable_189,'eve_1','alice'), clause: knows('34','eve_1','alice') <= hostACL(variable_209,variable_210,'www_1','tcp','80')&hasAccount(variable_211,'eve_1',variable_210,variable_214)
INFO:pyDatalog.pyEngine:New fact : isConnected('23','root-ns_1','Simint1_subnet_1')
INFO:pyDatalog.pyEngine:subgoal: hostACL(variable_209,variable_210,'www_1','tcp','80'), clause: hostACL('8','root-ns_1','www_1','tcp','80') <= isConnected(variable_290,variable_291,'Simint1_subnet_1')&isRouter(variable_293,variable_291)&existsRoute(variable_295,variable_296,'DMZ_subnet_1',variable_291)
INFO:pyDatalog.pyEngine:New fact : hostACL('8','cam6_1','www_1','tcp','80')
INFO:pyDatalog.pyEngine:subgoal: knows(variable_189,'eve_1','alice'), clause: knows('34','eve_1','alice') <= hostACL(variable_209,variable_210,'www_1','tcp','80')&hasAccount(variable_211,'eve_1',variable_210,variable_214)
INFO:pyDatalog.pyEngine:New fact : hostACL('8','cam5_1','www_1','tcp','80')
INFO:pyDatalog.pyEngine:subgoal: knows(variable_189,'eve_1','alice'), clause: knows('34','eve_1','alice') <= hostACL(variable_209,variable_210,'www_1','tcp','80')&hasAccount(variable_211,'eve_1',variable_210,variable_214)
INFO:pyDatalog.pyEngine:New fact : hostACL('8','alarm_1','www_1','tcp','80')
INFO:pyDatalog.pyEngine:subgoal: knows(variable_189,'eve_1','alice'), clause: knows('34','eve_1','alice') <= hostACL(variable_209,variable_210,'www_1','tcp','80')&hasAccount(variable_211,'eve_1',variable_210,variable_214)
INFO:pyDatalog.pyEngine:New fact : hostACL('8','waf_1','www_1','tcp','80')
INFO:pyDatalog.pyEngine:subgoal: knows(variable_189,'eve_1','alice'), clause: knows('34','eve_1','alice') <= hostACL(variable_209,variable_210,'www_1','tcp','80')&hasAccount(variable_211,'eve_1',variable_210,variable_214)
INFO:pyDatalog.pyEngine:New fact : hostACL('8','client_1','www_1','tcp','80')
INFO:pyDatalog.pyEngine:subgoal: knows(variable_189,'eve_1','alice'), clause: knows('34','eve_1','alice') <= hostACL(variable_209,variable_210,'www_1','tcp','80')&hasAccount(variable_211,'eve_1',variable_210,variable_214)
INFO:pyDatalog.pyEngine:New fact : hostACL('8','cam4_1','www_1','tcp','80')
INFO:pyDatalog.pyEngine:subgoal: knows(variable_189,'eve_1','alice'), clause: knows('34','eve_1','alice') <= hostACL(variable_209,variable_210,'www_1','tcp','80')&hasAccount(variable_211,'eve_1',variable_210,variable_214)
INFO:pyDatalog.pyEngine:New fact : hostACL('8','nas_1','www_1','tcp','80')
INFO:pyDatalog.pyEngine:subgoal: knows(variable_189,'eve_1','alice'), clause: knows('34','eve_1','alice') <= hostACL(variable_209,variable_210,'www_1','tcp','80')&hasAccount(variable_211,'eve_1',variable_210,variable_214)
INFO:pyDatalog.pyEngine:New fact : hostACL('8','ns_1','www_1','tcp','80')
INFO:pyDatalog.pyEngine:subgoal: knows(variable_189,'eve_1','alice'), clause: knows('34','eve_1','alice') <= hostACL(variable_209,variable_210,'www_1','tcp','80')&hasAccount(variable_211,'eve_1',variable_210,variable_214)
INFO:pyDatalog.pyEngine:New fact : hostACL('8','elev_1','www_1','tcp','80')
INFO:pyDatalog.pyEngine:subgoal: knows(variable_189,'eve_1','alice'), clause: knows('34','eve_1','alice') <= hostACL(variable_209,variable_210,'www_1','tcp','80')&hasAccount(variable_211,'eve_1',variable_210,variable_214)
INFO:pyDatalog.pyEngine:New fact : hostACL('8','ftp_1','www_1','tcp','80')
INFO:pyDatalog.pyEngine:subgoal: knows(variable_189,'eve_1','alice'), clause: knows('34','eve_1','alice') <= hostACL(variable_209,variable_210,'www_1','tcp','80')&hasAccount(variable_211,'eve_1',variable_210,variable_214)
INFO:pyDatalog.pyEngine:New fact : hostACL('8','cam2_1','www_1','tcp','80')
INFO:pyDatalog.pyEngine:subgoal: knows(variable_189,'eve_1','alice'), clause: knows('34','eve_1','alice') <= hostACL(variable_209,variable_210,'www_1','tcp','80')&hasAccount(variable_211,'eve_1',variable_210,variable_214)
INFO:pyDatalog.pyEngine:New fact : hostACL('8','cam1_1','www_1','tcp','80')
INFO:pyDatalog.pyEngine:subgoal: knows(variable_189,'eve_1','alice'), clause: knows('34','eve_1','alice') <= hostACL(variable_209,variable_210,'www_1','tcp','80')&hasAccount(variable_211,'eve_1',variable_210,variable_214)
INFO:pyDatalog.pyEngine:New fact : hostACL('8','siem_1','www_1','tcp','80')
INFO:pyDatalog.pyEngine:subgoal: knows(variable_189,'eve_1','alice'), clause: knows('34','eve_1','alice') <= hostACL(variable_209,variable_210,'www_1','tcp','80')&hasAccount(variable_211,'eve_1',variable_210,variable_214)
INFO:pyDatalog.pyEngine:New fact : hostACL('8','videoserver_1','www_1','tcp','80')
INFO:pyDatalog.pyEngine:subgoal: knows(variable_189,'eve_1','alice'), clause: knows('34','eve_1','alice') <= hostACL(variable_209,variable_210,'www_1','tcp','80')&hasAccount(variable_211,'eve_1',variable_210,variable_214)
INFO:pyDatalog.pyEngine:New fact : hostACL('8','collab_1','www_1','tcp','80')
INFO:pyDatalog.pyEngine:subgoal: knows(variable_189,'eve_1','alice'), clause: knows('34','eve_1','alice') <= hostACL(variable_209,variable_210,'www_1','tcp','80')&hasAccount(variable_211,'eve_1',variable_210,variable_214)
INFO:pyDatalog.pyEngine:New fact : hostACL('8','dc_1','www_1','tcp','80')
INFO:pyDatalog.pyEngine:subgoal: knows(variable_189,'eve_1','alice'), clause: knows('34','eve_1','alice') <= hostACL(variable_209,variable_210,'www_1','tcp','80')&hasAccount(variable_211,'eve_1',variable_210,variable_214)
INFO:pyDatalog.pyEngine:New fact : hostACL('8','ids_1','www_1','tcp','80')
INFO:pyDatalog.pyEngine:subgoal: knows(variable_189,'eve_1','alice'), clause: knows('34','eve_1','alice') <= hostACL(variable_209,variable_210,'www_1','tcp','80')&hasAccount(variable_211,'eve_1',variable_210,variable_214)
INFO:pyDatalog.pyEngine:New fact : hostACL('8','hmi_1','www_1','tcp','80')
INFO:pyDatalog.pyEngine:subgoal: knows(variable_189,'eve_1','alice'), clause: knows('34','eve_1','alice') <= hostACL(variable_209,variable_210,'www_1','tcp','80')&hasAccount(variable_211,'eve_1',variable_210,variable_214)
INFO:pyDatalog.pyEngine:New fact : hasAccount('57','eve_1','client_1','client_user1_1')
INFO:pyDatalog.pyEngine:subgoal: knows(variable_189,'eve_1','alice'), clause: knows('34','eve_1','alice') <= hasAccount(variable_211,'eve_1','client_1',variable_214)
INFO:pyDatalog.pyEngine:New fact : hasUser('58','client_user1_1','client_1','supersecret','admin')
INFO:pyDatalog.pyEngine:subgoal: hasAccount(variable_211,'eve_1','client_1',variable_214), clause: hasAccount('10','eve_1','client_1',variable_214) <= hasUser(variable_1232,variable_214,'client_1',variable_1235,variable_1236)&knows(variable_1237,'eve_1',variable_214)&knows(variable_1240,'eve_1',variable_1235)
INFO:pyDatalog.pyEngine:New fact : knows('34','eve_1','alice')
INFO:pyDatalog.pyEngine:subgoal: hasAccount(variable_172,'eve_1','www_1','www_user1_1'), clause: hasAccount('35','eve_1','www_1','www_user1_1') <= knows(variable_189,'eve_1','alice')&hasUser(variable_191,'www_user1_1','www_1',variable_192,variable_193)&listeningOn(variable_194,'www_1','tcp','22')&hostACL(variable_195,variable_196,'www_1','tcp','22')&hasAccount(variable_197,'eve_1',variable_196,variable_200)
INFO:pyDatalog.pyEngine:New fact : hasUser('41','www_user1_1','www_1','9JmDGEr4','user')
INFO:pyDatalog.pyEngine:subgoal: hasAccount(variable_172,'eve_1','www_1','www_user1_1'), clause: hasAccount('35','eve_1','www_1','www_user1_1') <= hasUser(variable_191,'www_user1_1','www_1',variable_192,variable_193)&listeningOn(variable_194,'www_1','tcp','22')&hostACL(variable_195,variable_196,'www_1','tcp','22')&hasAccount(variable_197,'eve_1',variable_196,variable_200)
INFO:pyDatalog.pyEngine:New fact : listeningOn('40','www_1','tcp','22')
INFO:pyDatalog.pyEngine:subgoal: hasAccount(variable_172,'eve_1','www_1','www_user1_1'), clause: hasAccount('35','eve_1','www_1','www_user1_1') <= listeningOn(variable_194,'www_1','tcp','22')&hostACL(variable_195,variable_196,'www_1','tcp','22')&hasAccount(variable_197,'eve_1',variable_196,variable_200)
INFO:pyDatalog.pyEngine:New fact : hostACL('9','www_1','www_1','tcp','22')
INFO:pyDatalog.pyEngine:subgoal: hasAccount(variable_172,'eve_1','www_1','www_user1_1'), clause: hasAccount('35','eve_1','www_1','www_user1_1') <= hostACL(variable_195,variable_196,'www_1','tcp','22')&hasAccount(variable_197,'eve_1',variable_196,variable_200)
INFO:pyDatalog.pyEngine:New fact : hostACL('9','Firewall_1','www_1','tcp','22')
INFO:pyDatalog.pyEngine:subgoal: hasAccount(variable_172,'eve_1','www_1','www_user1_1'), clause: hasAccount('35','eve_1','www_1','www_user1_1') <= hostACL(variable_195,variable_196,'www_1','tcp','22')&hasAccount(variable_197,'eve_1',variable_196,variable_200)
INFO:pyDatalog.pyEngine:New fact : hostACL('9','waf_1','www_1','tcp','22')
INFO:pyDatalog.pyEngine:subgoal: hasAccount(variable_172,'eve_1','www_1','www_user1_1'), clause: hasAccount('35','eve_1','www_1','www_user1_1') <= hostACL(variable_195,variable_196,'www_1','tcp','22')&hasAccount(variable_197,'eve_1',variable_196,variable_200)
INFO:pyDatalog.pyEngine:New fact : hostACL('9','ns_1','www_1','tcp','22')
INFO:pyDatalog.pyEngine:subgoal: hasAccount(variable_172,'eve_1','www_1','www_user1_1'), clause: hasAccount('35','eve_1','www_1','www_user1_1') <= hostACL(variable_195,variable_196,'www_1','tcp','22')&hasAccount(variable_197,'eve_1',variable_196,variable_200)
INFO:pyDatalog.pyEngine:New fact : hostACL('9','ftp_1','www_1','tcp','22')
INFO:pyDatalog.pyEngine:subgoal: hasAccount(variable_172,'eve_1','www_1','www_user1_1'), clause: hasAccount('35','eve_1','www_1','www_user1_1') <= hostACL(variable_195,variable_196,'www_1','tcp','22')&hasAccount(variable_197,'eve_1',variable_196,variable_200)
INFO:pyDatalog.pyEngine:New fact : hostACL('9','collab_1','www_1','tcp','22')
INFO:pyDatalog.pyEngine:subgoal: hasAccount(variable_172,'eve_1','www_1','www_user1_1'), clause: hasAccount('35','eve_1','www_1','www_user1_1') <= hostACL(variable_195,variable_196,'www_1','tcp','22')&hasAccount(variable_197,'eve_1',variable_196,variable_200)
INFO:pyDatalog.pyEngine:New fact : hostACL('8','intranet_1','www_1','tcp','22')
INFO:pyDatalog.pyEngine:subgoal: hasAccount(variable_172,'eve_1','www_1','www_user1_1'), clause: hasAccount('35','eve_1','www_1','www_user1_1') <= hostACL(variable_195,variable_196,'www_1','tcp','22')&hasAccount(variable_197,'eve_1',variable_196,variable_200)
INFO:pyDatalog.pyEngine:New fact : hostACL('8','climate_1','www_1','tcp','22')
INFO:pyDatalog.pyEngine:subgoal: hasAccount(variable_172,'eve_1','www_1','www_user1_1'), clause: hasAccount('35','eve_1','www_1','www_user1_1') <= hostACL(variable_195,variable_196,'www_1','tcp','22')&hasAccount(variable_197,'eve_1',variable_196,variable_200)
INFO:pyDatalog.pyEngine:New fact : hostACL('8','www_1','www_1','tcp','22')
INFO:pyDatalog.pyEngine:subgoal: hasAccount(variable_172,'eve_1','www_1','www_user1_1'), clause: hasAccount('35','eve_1','www_1','www_user1_1') <= hostACL(variable_195,variable_196,'www_1','tcp','22')&hasAccount(variable_197,'eve_1',variable_196,variable_200)
INFO:pyDatalog.pyEngine:New fact : hostACL('8','db_1','www_1','tcp','22')
INFO:pyDatalog.pyEngine:subgoal: hasAccount(variable_172,'eve_1','www_1','www_user1_1'), clause: hasAccount('35','eve_1','www_1','www_user1_1') <= hostACL(variable_195,variable_196,'www_1','tcp','22')&hasAccount(variable_197,'eve_1',variable_196,variable_200)
INFO:pyDatalog.pyEngine:New fact : hostACL('8','Provider_1','www_1','tcp','22')
INFO:pyDatalog.pyEngine:subgoal: hasAccount(variable_172,'eve_1','www_1','www_user1_1'), clause: hasAccount('35','eve_1','www_1','www_user1_1') <= hostACL(variable_195,variable_196,'www_1','tcp','22')&hasAccount(variable_197,'eve_1',variable_196,variable_200)
INFO:pyDatalog.pyEngine:New fact : hostACL('8','Firewall_1','www_1','tcp','22')
INFO:pyDatalog.pyEngine:subgoal: hasAccount(variable_172,'eve_1','www_1','www_user1_1'), clause: hasAccount('35','eve_1','www_1','www_user1_1') <= hostACL(variable_195,variable_196,'www_1','tcp','22')&hasAccount(variable_197,'eve_1',variable_196,variable_200)
INFO:pyDatalog.pyEngine:New fact : hostACL('8','cam3_1','www_1','tcp','22')
INFO:pyDatalog.pyEngine:subgoal: hasAccount(variable_172,'eve_1','www_1','www_user1_1'), clause: hasAccount('35','eve_1','www_1','www_user1_1') <= hostACL(variable_195,variable_196,'www_1','tcp','22')&hasAccount(variable_197,'eve_1',variable_196,variable_200)
INFO:pyDatalog.pyEngine:New fact : hostACL('8','root-ns_1','www_1','tcp','22')
INFO:pyDatalog.pyEngine:subgoal: hasAccount(variable_172,'eve_1','www_1','www_user1_1'), clause: hasAccount('35','eve_1','www_1','www_user1_1') <= hostACL(variable_195,variable_196,'www_1','tcp','22')&hasAccount(variable_197,'eve_1',variable_196,variable_200)
INFO:pyDatalog.pyEngine:New fact : hostACL('8','cam6_1','www_1','tcp','22')
INFO:pyDatalog.pyEngine:subgoal: hasAccount(variable_172,'eve_1','www_1','www_user1_1'), clause: hasAccount('35','eve_1','www_1','www_user1_1') <= hostACL(variable_195,variable_196,'www_1','tcp','22')&hasAccount(variable_197,'eve_1',variable_196,variable_200)
INFO:pyDatalog.pyEngine:New fact : hostACL('8','cam5_1','www_1','tcp','22')
INFO:pyDatalog.pyEngine:subgoal: hasAccount(variable_172,'eve_1','www_1','www_user1_1'), clause: hasAccount('35','eve_1','www_1','www_user1_1') <= hostACL(variable_195,variable_196,'www_1','tcp','22')&hasAccount(variable_197,'eve_1',variable_196,variable_200)
INFO:pyDatalog.pyEngine:New fact : hostACL('8','alarm_1','www_1','tcp','22')
INFO:pyDatalog.pyEngine:subgoal: hasAccount(variable_172,'eve_1','www_1','www_user1_1'), clause: hasAccount('35','eve_1','www_1','www_user1_1') <= hostACL(variable_195,variable_196,'www_1','tcp','22')&hasAccount(variable_197,'eve_1',variable_196,variable_200)
INFO:pyDatalog.pyEngine:New fact : hostACL('8','waf_1','www_1','tcp','22')
INFO:pyDatalog.pyEngine:subgoal: hasAccount(variable_172,'eve_1','www_1','www_user1_1'), clause: hasAccount('35','eve_1','www_1','www_user1_1') <= hostACL(variable_195,variable_196,'www_1','tcp','22')&hasAccount(variable_197,'eve_1',variable_196,variable_200)
INFO:pyDatalog.pyEngine:New fact : hostACL('8','client_1','www_1','tcp','22')
INFO:pyDatalog.pyEngine:subgoal: hasAccount(variable_172,'eve_1','www_1','www_user1_1'), clause: hasAccount('35','eve_1','www_1','www_user1_1') <= hostACL(variable_195,variable_196,'www_1','tcp','22')&hasAccount(variable_197,'eve_1',variable_196,variable_200)
INFO:pyDatalog.pyEngine:New fact : hostACL('8','cam4_1','www_1','tcp','22')
INFO:pyDatalog.pyEngine:subgoal: hasAccount(variable_172,'eve_1','www_1','www_user1_1'), clause: hasAccount('35','eve_1','www_1','www_user1_1') <= hostACL(variable_195,variable_196,'www_1','tcp','22')&hasAccount(variable_197,'eve_1',variable_196,variable_200)
INFO:pyDatalog.pyEngine:New fact : hostACL('8','nas_1','www_1','tcp','22')
INFO:pyDatalog.pyEngine:subgoal: hasAccount(variable_172,'eve_1','www_1','www_user1_1'), clause: hasAccount('35','eve_1','www_1','www_user1_1') <= hostACL(variable_195,variable_196,'www_1','tcp','22')&hasAccount(variable_197,'eve_1',variable_196,variable_200)
INFO:pyDatalog.pyEngine:New fact : hostACL('8','ns_1','www_1','tcp','22')
INFO:pyDatalog.pyEngine:subgoal: hasAccount(variable_172,'eve_1','www_1','www_user1_1'), clause: hasAccount('35','eve_1','www_1','www_user1_1') <= hostACL(variable_195,variable_196,'www_1','tcp','22')&hasAccount(variable_197,'eve_1',variable_196,variable_200)
INFO:pyDatalog.pyEngine:New fact : hostACL('8','elev_1','www_1','tcp','22')
INFO:pyDatalog.pyEngine:subgoal: hasAccount(variable_172,'eve_1','www_1','www_user1_1'), clause: hasAccount('35','eve_1','www_1','www_user1_1') <= hostACL(variable_195,variable_196,'www_1','tcp','22')&hasAccount(variable_197,'eve_1',variable_196,variable_200)
INFO:pyDatalog.pyEngine:New fact : hostACL('8','ftp_1','www_1','tcp','22')
INFO:pyDatalog.pyEngine:subgoal: hasAccount(variable_172,'eve_1','www_1','www_user1_1'), clause: hasAccount('35','eve_1','www_1','www_user1_1') <= hostACL(variable_195,variable_196,'www_1','tcp','22')&hasAccount(variable_197,'eve_1',variable_196,variable_200)
INFO:pyDatalog.pyEngine:New fact : hostACL('8','cam2_1','www_1','tcp','22')
INFO:pyDatalog.pyEngine:subgoal: hasAccount(variable_172,'eve_1','www_1','www_user1_1'), clause: hasAccount('35','eve_1','www_1','www_user1_1') <= hostACL(variable_195,variable_196,'www_1','tcp','22')&hasAccount(variable_197,'eve_1',variable_196,variable_200)
INFO:pyDatalog.pyEngine:New fact : hostACL('8','cam1_1','www_1','tcp','22')
INFO:pyDatalog.pyEngine:subgoal: hasAccount(variable_172,'eve_1','www_1','www_user1_1'), clause: hasAccount('35','eve_1','www_1','www_user1_1') <= hostACL(variable_195,variable_196,'www_1','tcp','22')&hasAccount(variable_197,'eve_1',variable_196,variable_200)
INFO:pyDatalog.pyEngine:New fact : hostACL('8','siem_1','www_1','tcp','22')
INFO:pyDatalog.pyEngine:subgoal: hasAccount(variable_172,'eve_1','www_1','www_user1_1'), clause: hasAccount('35','eve_1','www_1','www_user1_1') <= hostACL(variable_195,variable_196,'www_1','tcp','22')&hasAccount(variable_197,'eve_1',variable_196,variable_200)
INFO:pyDatalog.pyEngine:New fact : hostACL('8','videoserver_1','www_1','tcp','22')
INFO:pyDatalog.pyEngine:subgoal: hasAccount(variable_172,'eve_1','www_1','www_user1_1'), clause: hasAccount('35','eve_1','www_1','www_user1_1') <= hostACL(variable_195,variable_196,'www_1','tcp','22')&hasAccount(variable_197,'eve_1',variable_196,variable_200)
INFO:pyDatalog.pyEngine:New fact : hostACL('8','collab_1','www_1','tcp','22')
INFO:pyDatalog.pyEngine:subgoal: hasAccount(variable_172,'eve_1','www_1','www_user1_1'), clause: hasAccount('35','eve_1','www_1','www_user1_1') <= hostACL(variable_195,variable_196,'www_1','tcp','22')&hasAccount(variable_197,'eve_1',variable_196,variable_200)
INFO:pyDatalog.pyEngine:New fact : hostACL('8','dc_1','www_1','tcp','22')
INFO:pyDatalog.pyEngine:subgoal: hasAccount(variable_172,'eve_1','www_1','www_user1_1'), clause: hasAccount('35','eve_1','www_1','www_user1_1') <= hostACL(variable_195,variable_196,'www_1','tcp','22')&hasAccount(variable_197,'eve_1',variable_196,variable_200)
INFO:pyDatalog.pyEngine:New fact : hostACL('8','ids_1','www_1','tcp','22')
INFO:pyDatalog.pyEngine:subgoal: hasAccount(variable_172,'eve_1','www_1','www_user1_1'), clause: hasAccount('35','eve_1','www_1','www_user1_1') <= hostACL(variable_195,variable_196,'www_1','tcp','22')&hasAccount(variable_197,'eve_1',variable_196,variable_200)
INFO:pyDatalog.pyEngine:New fact : hostACL('8','hmi_1','www_1','tcp','22')
INFO:pyDatalog.pyEngine:subgoal: hasAccount(variable_172,'eve_1','www_1','www_user1_1'), clause: hasAccount('35','eve_1','www_1','www_user1_1') <= hostACL(variable_195,variable_196,'www_1','tcp','22')&hasAccount(variable_197,'eve_1',variable_196,variable_200)
INFO:pyDatalog.pyEngine:New fact : hasAccount('35','eve_1','www_1','www_user1_1')
INFO:pyDatalog.pyEngine:subgoal: hasAccount(variable_90,'eve_1','www_1','www_root_1'), clause: hasAccount('36','eve_1','www_1','www_root_1') <= hasAccount(variable_172,'eve_1','www_1','www_user1_1')
INFO:pyDatalog.pyEngine:subgoal: hasAccount(variable_211,'eve_1','www_1',variable_214), clause: hasAccount('36','eve_1','www_1','www_root_1') <= hasAccount(variable_363,'eve_1','www_1','www_user1_1')
INFO:pyDatalog.pyEngine:New fact : hasAccount('36','eve_1','www_1','www_root_1')
INFO:pyDatalog.pyEngine:subgoal: knows(variable_48,'eve_1','venerus'), clause: knows('43','eve_1','venerus') <= hasAccount(variable_90,'eve_1','www_1','www_root_1')
INFO:pyDatalog.pyEngine:New fact : hasAccount('36','eve_1','www_1','www_root_1')
INFO:pyDatalog.pyEngine:subgoal: knows(variable_189,'eve_1','alice'), clause: knows('34','eve_1','alice') <= hasAccount(variable_211,'eve_1','www_1',variable_214)
INFO:pyDatalog.pyEngine:subgoal: knows(variable_189,'eve_1','alice'), clause: knows('34','eve_1','alice') <= hasAccount(variable_211,'eve_1','www_1',variable_214)
INFO:pyDatalog.pyEngine:subgoal: hasAccount(variable_172,'eve_1','www_1','www_user1_1'), clause: hasAccount('35','eve_1','www_1','www_user1_1') <= hasAccount(variable_197,'eve_1','www_1',variable_200)
INFO:pyDatalog.pyEngine:subgoal: hasAccount(variable_172,'eve_1','www_1','www_user1_1'), clause: hasAccount('35','eve_1','www_1','www_user1_1') <= hasAccount(variable_197,'eve_1','www_1',variable_200)
INFO:pyDatalog.pyEngine:New fact : knows('43','eve_1','venerus')
INFO:pyDatalog.pyEngine:subgoal: knows(ID1,'eve_1','DB_confidential'), clause: knows('49','eve_1','DB_confidential') <= knows(variable_48,'eve_1','venerus')&hasAccount(variable_50,'eve_1',variable_52,variable_53)&hostACL(variable_54,variable_52,'db_1','tcp','3306')
INFO:pyDatalog.pyEngine:New fact : hasAccount('57','eve_1','client_1','client_user1_1')
INFO:pyDatalog.pyEngine:subgoal: knows(ID1,'eve_1','DB_confidential'), clause: knows('49','eve_1','DB_confidential') <= hasAccount(variable_50,'eve_1',variable_52,variable_53)&hostACL(variable_54,variable_52,'db_1','tcp','3306')
INFO:pyDatalog.pyEngine:New fact : listeningOn('50','db_1','tcp','3306')
INFO:pyDatalog.pyEngine:subgoal: hostACL(variable_54,'client_1','db_1','tcp','3306'), clause: hostACL('9','client_1','db_1','tcp','3306') <= listeningOn(variable_1758,'db_1','tcp','3306')&isConnected(variable_1762,'client_1',variable_1764)&isConnected(variable_1765,'db_1',variable_1764)
INFO:pyDatalog.pyEngine:New fact : isConnected('59','client_1','Simint1_subnet_1')
INFO:pyDatalog.pyEngine:subgoal: hostACL(variable_54,'client_1','db_1','tcp','3306'), clause: hostACL('9','client_1','db_1','tcp','3306') <= isConnected(variable_1762,'client_1',variable_1764)&isConnected(variable_1765,'db_1',variable_1764)
INFO:pyDatalog.pyEngine:New fact : isConnected('51','db_1','Server_subnet_1')
INFO:pyDatalog.pyEngine:subgoal: hostACL(variable_54,'client_1','db_1','tcp','3306'), clause: hostACL('8','client_1','db_1','tcp','3306') <= isConnected(variable_1739,'db_1',variable_1741)&isConnected(variable_1742,'client_1',variable_1744)&isConnected(variable_1745,variable_1746,variable_1744)&isRouter(variable_1748,variable_1746)&existsRoute(variable_1750,variable_1751,variable_1741,variable_1746)
INFO:pyDatalog.pyEngine:New fact : hasAccount('35','eve_1','www_1','www_user1_1')
INFO:pyDatalog.pyEngine:subgoal: knows(variable_189,'eve_1','alice'), clause: knows('34','eve_1','alice') <= hasAccount(variable_211,'eve_1','www_1',variable_214)
INFO:pyDatalog.pyEngine:subgoal: knows(variable_189,'eve_1','alice'), clause: knows('34','eve_1','alice') <= hasAccount(variable_211,'eve_1','www_1',variable_214)
INFO:pyDatalog.pyEngine:subgoal: hasAccount(variable_172,'eve_1','www_1','www_user1_1'), clause: hasAccount('35','eve_1','www_1','www_user1_1') <= hasAccount(variable_197,'eve_1','www_1',variable_200)
INFO:pyDatalog.pyEngine:subgoal: hasAccount(variable_172,'eve_1','www_1','www_user1_1'), clause: hasAccount('35','eve_1','www_1','www_user1_1') <= hasAccount(variable_197,'eve_1','www_1',variable_200)
INFO:pyDatalog.pyEngine:subgoal: hasAccount(variable_211,'eve_1','www_1',variable_214), clause: hasAccount('35','eve_1','www_1','www_user1_1') <= hasAccount(variable_355,'eve_1','www_1',variable_358)
INFO:pyDatalog.pyEngine:subgoal: hasAccount(variable_211,'eve_1','www_1',variable_214), clause: hasAccount('35','eve_1','www_1','www_user1_1') <= hasAccount(variable_355,'eve_1','www_1',variable_358)
INFO:pyDatalog.pyEngine:New fact : hasAccount('36','eve_1','www_1','www_root_1')
INFO:pyDatalog.pyEngine:subgoal: knows(ID1,'eve_1','DB_confidential'), clause: knows('49','eve_1','DB_confidential') <= hasAccount(variable_50,'eve_1',variable_52,variable_53)&hostACL(variable_54,variable_52,'db_1','tcp','3306')
INFO:pyDatalog.pyEngine:New fact : hasUser('39','www_root_1','www_1','None','admin')
INFO:pyDatalog.pyEngine:subgoal: hasAccount(variable_211,'eve_1','www_1',variable_214), clause: hasAccount('10','eve_1','www_1',variable_214) <= hasUser(variable_335,variable_214,'www_1',variable_338,variable_339)&knows(variable_340,'eve_1',variable_214)&knows(variable_343,'eve_1',variable_338)
INFO:pyDatalog.pyEngine:New fact : hasUser('41','www_user1_1','www_1','9JmDGEr4','user')
INFO:pyDatalog.pyEngine:subgoal: hasAccount(variable_211,'eve_1','www_1',variable_214), clause: hasAccount('10','eve_1','www_1',variable_214) <= hasUser(variable_335,variable_214,'www_1',variable_338,variable_339)&knows(variable_340,'eve_1',variable_214)&knows(variable_343,'eve_1',variable_338)
INFO:pyDatalog.pyEngine:New fact : hasUser('38','www_sysuser1_1','www_1','None','user')
INFO:pyDatalog.pyEngine:subgoal: hasAccount(variable_211,'eve_1','www_1',variable_214), clause: hasAccount('10','eve_1','www_1',variable_214) <= hasUser(variable_335,variable_214,'www_1',variable_338,variable_339)&knows(variable_340,'eve_1',variable_214)&knows(variable_343,'eve_1',variable_338)
INFO:pyDatalog.pyEngine:New fact : existsRoute('2','IoT_subnet_1','Server_subnet_1','Firewall_1')
INFO:pyDatalog.pyEngine:subgoal: hostACL(variable_54,'www_1','db_1','tcp','3306'), clause: hostACL('8','www_1','db_1','tcp','3306') <= existsRoute(variable_1875,variable_1876,'Server_subnet_1','Firewall_1')
INFO:pyDatalog.pyEngine:New fact : hostACL('8','www_1','db_1','tcp','3306')
INFO:pyDatalog.pyEngine:subgoal: knows(ID1,'eve_1','DB_confidential'), clause: knows('49','eve_1','DB_confidential') <= hostACL(variable_54,'www_1','db_1','tcp','3306')
INFO:pyDatalog.pyEngine:New fact : existsRoute('2','Server_subnet_1','Server_subnet_1','Firewall_1')
INFO:pyDatalog.pyEngine:subgoal: hostACL(variable_54,'www_1','db_1','tcp','3306'), clause: hostACL('8','www_1','db_1','tcp','3306') <= existsRoute(variable_1875,variable_1876,'Server_subnet_1','Firewall_1')
INFO:pyDatalog.pyEngine:New fact : existsRoute('2','Outside_subnet_1','Server_subnet_1','Firewall_1')
INFO:pyDatalog.pyEngine:subgoal: hostACL(variable_54,'www_1','db_1','tcp','3306'), clause: hostACL('8','www_1','db_1','tcp','3306') <= existsRoute(variable_1875,variable_1876,'Server_subnet_1','Firewall_1')
INFO:pyDatalog.pyEngine:New fact : existsRoute('2','DMZ_subnet_1','Server_subnet_1','Firewall_1')
INFO:pyDatalog.pyEngine:subgoal: hostACL(variable_54,'www_1','db_1','tcp','3306'), clause: hostACL('8','www_1','db_1','tcp','3306') <= existsRoute(variable_1875,variable_1876,'Server_subnet_1','Firewall_1')
INFO:pyDatalog.pyEngine:New fact : knows('49','eve_1','DB_confidential')
INFO:pyDatalog.pyEngine:subgoal: _pyD_query1(ID1), clause: _pyD_query1(ID1) <= knows(ID1,'eve_1','DB_confidential')
INFO:pyDatalog.pyEngine:New fact : _pyD_query1('49')
INFO:pyDatalog.pyEngine:New fact : isConnected('3','Firewall_1','Server_subnet_1')
INFO:pyDatalog.pyEngine:subgoal: existsRoute(variable_1875,variable_1876,'Server_subnet_1','Firewall_1'), clause: existsRoute('7','IoT_subnet_1','Server_subnet_1','Firewall_1') <= isConnected(variable_1907,'Firewall_1','Server_subnet_1')&isRouter(variable_1910,'Firewall_1')
INFO:pyDatalog.pyEngine:New fact : hasUser('38','www_sysuser1_1','www_1','None','user')
INFO:pyDatalog.pyEngine:subgoal: knows(variable_48,'eve_1','venerus'), clause: knows('42','eve_1','venerus') <= hasUser(variable_81,'www_sysuser1_1','www_1',variable_82,variable_83)&hasAccount(variable_84,'eve_1','www_1','www_sysuser1_1')
INFO:pyDatalog.pyEngine:New fact : hasAccount('35','eve_1','www_1','www_user1_1')
INFO:pyDatalog.pyEngine:subgoal: knows(ID1,'eve_1','DB_confidential'), clause: knows('49','eve_1','DB_confidential') <= hasAccount(variable_50,'eve_1',variable_52,variable_53)&hostACL(variable_54,variable_52,'db_1','tcp','3306')
INFO:pyDatalog.pyEngine:New fact : hasUser('58','client_user1_1','client_1','supersecret','admin')
INFO:pyDatalog.pyEngine:subgoal: hasAccount(variable_50,'eve_1',variable_52,variable_53), clause: hasAccount('10','eve_1',variable_52,variable_53) <= hasUser(variable_1701,variable_53,variable_52,variable_1704,variable_1705)&knows(variable_1706,'eve_1',variable_53)&knows(variable_1709,'eve_1',variable_1704)
INFO:pyDatalog.pyEngine:New fact : hasUser('54','db_root_1','db_1','None','admin')
INFO:pyDatalog.pyEngine:subgoal: hasAccount(variable_50,'eve_1',variable_52,variable_53), clause: hasAccount('10','eve_1',variable_52,variable_53) <= hasUser(variable_1701,variable_53,variable_52,variable_1704,variable_1705)&knows(variable_1706,'eve_1',variable_53)&knows(variable_1709,'eve_1',variable_1704)
INFO:pyDatalog.pyEngine:New fact : hasUser('41','www_user1_1','www_1','9JmDGEr4','user')
INFO:pyDatalog.pyEngine:subgoal: hasAccount(variable_50,'eve_1',variable_52,variable_53), clause: hasAccount('10','eve_1',variable_52,variable_53) <= hasUser(variable_1701,variable_53,variable_52,variable_1704,variable_1705)&knows(variable_1706,'eve_1',variable_53)&knows(variable_1709,'eve_1',variable_1704)
INFO:pyDatalog.pyEngine:New fact : hasUser('39','www_root_1','www_1','None','admin')
INFO:pyDatalog.pyEngine:subgoal: hasAccount(variable_50,'eve_1',variable_52,variable_53), clause: hasAccount('10','eve_1',variable_52,variable_53) <= hasUser(variable_1701,variable_53,variable_52,variable_1704,variable_1705)&knows(variable_1706,'eve_1',variable_53)&knows(variable_1709,'eve_1',variable_1704)
INFO:pyDatalog.pyEngine:New fact : hasUser('38','www_sysuser1_1','www_1','None','user')
INFO:pyDatalog.pyEngine:subgoal: hasAccount(variable_50,'eve_1',variable_52,variable_53), clause: hasAccount('10','eve_1',variable_52,variable_53) <= hasUser(variable_1701,variable_53,variable_52,variable_1704,variable_1705)&knows(variable_1706,'eve_1',variable_53)&knows(variable_1709,'eve_1',variable_1704)
INFO:pyDatalog.pyEngine:New fact : hasUser('29','collab_root_1','collab_1','None','admin')
INFO:pyDatalog.pyEngine:subgoal: hasAccount(variable_50,'eve_1',variable_52,variable_53), clause: hasAccount('10','eve_1',variable_52,variable_53) <= hasUser(variable_1701,variable_53,variable_52,variable_1704,variable_1705)&knows(variable_1706,'eve_1',variable_53)&knows(variable_1709,'eve_1',variable_1704)
INFO:pyDatalog.pyEngine:New fact : hasUser('26','collab_sysuser1_1','collab_1','None','user')
INFO:pyDatalog.pyEngine:subgoal: hasAccount(variable_50,'eve_1',variable_52,variable_53), clause: hasAccount('10','eve_1',variable_52,variable_53) <= hasUser(variable_1701,variable_53,variable_52,variable_1704,variable_1705)&knows(variable_1706,'eve_1',variable_53)&knows(variable_1709,'eve_1',variable_1704)
INFO:pyDatalog.pyEngine:New fact : hasUser('14','waf_sysuser1_1','waf_1','None','user')
INFO:pyDatalog.pyEngine:subgoal: hasAccount(variable_50,'eve_1',variable_52,variable_53), clause: hasAccount('10','eve_1',variable_52,variable_53) <= hasUser(variable_1701,variable_53,variable_52,variable_1704,variable_1705)&knows(variable_1706,'eve_1',variable_53)&knows(variable_1709,'eve_1',variable_1704)
INFO:pyDatalog.pyEngine:New fact : hasUser('12','waf_root_1','waf_1','None','admin')
INFO:pyDatalog.pyEngine:subgoal: hasAccount(variable_50,'eve_1',variable_52,variable_53), clause: hasAccount('10','eve_1',variable_52,variable_53) <= hasUser(variable_1701,variable_53,variable_52,variable_1704,variable_1705)&knows(variable_1706,'eve_1',variable_53)&knows(variable_1709,'eve_1',variable_1704)
INFO:pyDatalog.pyEngine:New fact : existsRoute('7','IoT_subnet_1','Server_subnet_1','Firewall_1')
INFO:pyDatalog.pyEngine:subgoal: hostACL(variable_54,'www_1','db_1','tcp','3306'), clause: hostACL('8','www_1','db_1','tcp','3306') <= existsRoute(variable_1875,variable_1876,'Server_subnet_1','Firewall_1')
INFO:pyDatalog.pyEngine:New fact : existsRoute('7','DMZ_subnet_1','Server_subnet_1','Firewall_1')
INFO:pyDatalog.pyEngine:subgoal: hostACL(variable_54,'www_1','db_1','tcp','3306'), clause: hostACL('8','www_1','db_1','tcp','3306') <= existsRoute(variable_1875,variable_1876,'Server_subnet_1','Firewall_1')
INFO:pyDatalog.pyEngine:New fact : existsRoute('7','Server_subnet_1','Server_subnet_1','Firewall_1')
INFO:pyDatalog.pyEngine:subgoal: hostACL(variable_54,'www_1','db_1','tcp','3306'), clause: hostACL('8','www_1','db_1','tcp','3306') <= existsRoute(variable_1875,variable_1876,'Server_subnet_1','Firewall_1')
INFO:pyDatalog.pyEngine:New fact : existsRoute('7','Outside_subnet_1','Server_subnet_1','Firewall_1')
INFO:pyDatalog.pyEngine:subgoal: hostACL(variable_54,'www_1','db_1','tcp','3306'), clause: hostACL('8','www_1','db_1','tcp','3306') <= existsRoute(variable_1875,variable_1876,'Server_subnet_1','Firewall_1')
INFO:pyDatalog.pyEngine:New fact : existsRoute('2','Outside_subnet_1','Server_subnet_1','Firewall_1')
INFO:pyDatalog.pyEngine:subgoal: existsRoute(variable_1875,variable_1876,'Server_subnet_1','Firewall_1'), clause: existsRoute('5','Outside_subnet_1','Server_subnet_1','Firewall_1') <= existsRoute(variable_1898,'Outside_subnet_1','Server_subnet_1','Firewall_1')
INFO:pyDatalog.pyEngine:New fact : existsRoute('5','Outside_subnet_1','Server_subnet_1','Firewall_1')
INFO:pyDatalog.pyEngine:subgoal: hostACL(variable_54,'www_1','db_1','tcp','3306'), clause: hostACL('8','www_1','db_1','tcp','3306') <= existsRoute(variable_1875,variable_1876,'Server_subnet_1','Firewall_1')
INFO:pyDatalog.pyEngine:New fact : existsRoute('7','Outside_subnet_1','Server_subnet_1','Firewall_1')
INFO:pyDatalog.pyEngine:subgoal: existsRoute(variable_1875,variable_1876,'Server_subnet_1','Firewall_1'), clause: existsRoute('5','Outside_subnet_1','Server_subnet_1','Firewall_1') <= existsRoute(variable_1898,'Outside_subnet_1','Server_subnet_1','Firewall_1')
INFO:pyDatalog.pyEngine:New fact : existsRoute('5','Outside_subnet_1','Server_subnet_1','Firewall_1')
INFO:pyDatalog.pyEngine:subgoal: existsRoute(variable_1875,variable_1876,'Server_subnet_1','Firewall_1'), clause: existsRoute('5','Outside_subnet_1','Server_subnet_1','Firewall_1') <= existsRoute(variable_1898,'Outside_subnet_1','Server_subnet_1','Firewall_1')
INFO:pyDatalog.pyEngine:subgoal: existsRoute(variable_1898,'Outside_subnet_1','Server_subnet_1','Firewall_1'), clause: existsRoute('5','Outside_subnet_1','Server_subnet_1','Firewall_1') <= existsRoute(variable_2107,'Outside_subnet_1','Server_subnet_1','Firewall_1')
INFO:pyDatalog.pyEngine:New fact : hasUser('54','db_root_1','db_1','None','admin')
INFO:pyDatalog.pyEngine:subgoal: knows(ID1,'eve_1','DB_confidential'), clause: knows('48','eve_1','DB_confidential') <= hasUser(variable_41,variable_42,'db_1',variable_43,'admin')&hasAccount(variable_44,'eve_1','db_1',variable_42)
INFO:pyDatalog.pyEngine:New fact : hasUser('54','db_root_1','db_1','None','admin')
INFO:pyDatalog.pyEngine:subgoal: hasAccount(variable_44,'eve_1','db_1','db_root_1'), clause: hasAccount('10','eve_1','db_1','db_root_1') <= hasUser(variable_2124,'db_root_1','db_1',variable_2127,variable_2128)&knows(variable_2129,'eve_1','db_root_1')&knows(variable_2132,'eve_1',variable_2127)
