INFO:pyDatalog.pyEngine:New fact : hasUser('37','www_root_1','www_1','None','admin')
INFO:pyDatalog.pyEngine:subgoal: knows(variable_40,'eve_1','venerus'), clause: knows('41','eve_1','venerus') <= hasUser(variable_71,variable_72,'www_1',variable_73,'admin')&hasAccount(variable_74,'eve_1','www_1',variable_72)
INFO:pyDatalog.pyEngine:New fact : hasUser('37','www_root_1','www_1','None','admin')
INFO:pyDatalog.pyEngine:subgoal: hasAccount(variable_74,'eve_1','www_1','www_root_1'), clause: hasAccount('34','eve_1','www_1','www_root_1') <= hasUser(variable_140,'www_root_1','www_1',variable_141,variable_142)&listeningOn(variable_143,'www_1','tcp','80')&hostACL(variable_144,variable_145,'www_1','tcp','80')&hasAccount(variable_146,'eve_1',variable_145,variable_149)
INFO:pyDatalog.pyEngine:New fact : listeningOn('35','www_1','tcp','80')
INFO:pyDatalog.pyEngine:subgoal: hasAccount(variable_74,'eve_1','www_1','www_root_1'), clause: hasAccount('34','eve_1','www_1','www_root_1') <= listeningOn(variable_143,'www_1','tcp','80')&hostACL(variable_144,variable_145,'www_1','tcp','80')&hasAccount(variable_146,'eve_1',variable_145,variable_149)
INFO:pyDatalog.pyEngine:New fact : isConnected('62','cam2_1','Server_subnet_1')
INFO:pyDatalog.pyEngine:subgoal: hostACL(variable_144,variable_145,'www_1','tcp','80'), clause: hostACL('9',variable_145,'www_1','tcp','80') <= isConnected(variable_181,variable_145,variable_183)&isConnected(variable_184,'www_1',variable_183)
INFO:pyDatalog.pyEngine:New fact : isConnected('60','Provider_1','Simint1_subnet_1')
INFO:pyDatalog.pyEngine:subgoal: hostACL(variable_144,variable_145,'www_1','tcp','80'), clause: hostACL('9',variable_145,'www_1','tcp','80') <= isConnected(variable_181,variable_145,variable_183)&isConnected(variable_184,'www_1',variable_183)
INFO:pyDatalog.pyEngine:New fact : isConnected('60','Provider_1','Outside_subnet_1')
INFO:pyDatalog.pyEngine:subgoal: hostACL(variable_144,variable_145,'www_1','tcp','80'), clause: hostACL('9',variable_145,'www_1','tcp','80') <= isConnected(variable_181,variable_145,variable_183)&isConnected(variable_184,'www_1',variable_183)
INFO:pyDatalog.pyEngine:New fact : isConnected('60','Provider_1','Extnet_subnet_1')
INFO:pyDatalog.pyEngine:subgoal: hostACL(variable_144,variable_145,'www_1','tcp','80'), clause: hostACL('9',variable_145,'www_1','tcp','80') <= isConnected(variable_181,variable_145,variable_183)&isConnected(variable_184,'www_1',variable_183)
INFO:pyDatalog.pyEngine:New fact : isConnected('57','client_1','Simint1_subnet_1')
INFO:pyDatalog.pyEngine:subgoal: hostACL(variable_144,variable_145,'www_1','tcp','80'), clause: hostACL('9',variable_145,'www_1','tcp','80') <= isConnected(variable_181,variable_145,variable_183)&isConnected(variable_184,'www_1',variable_183)
INFO:pyDatalog.pyEngine:New fact : isConnected('54','cam4_1','Server_subnet_1')
INFO:pyDatalog.pyEngine:subgoal: hostACL(variable_144,variable_145,'www_1','tcp','80'), clause: hostACL('9',variable_145,'www_1','tcp','80') <= isConnected(variable_181,variable_145,variable_183)&isConnected(variable_184,'www_1',variable_183)
INFO:pyDatalog.pyEngine:New fact : isConnected('53','elev_1','IoT_subnet_1')
INFO:pyDatalog.pyEngine:subgoal: hostACL(variable_144,variable_145,'www_1','tcp','80'), clause: hostACL('9',variable_145,'www_1','tcp','80') <= isConnected(variable_181,variable_145,variable_183)&isConnected(variable_184,'www_1',variable_183)
INFO:pyDatalog.pyEngine:New fact : isConnected('49','db_1','Server_subnet_1')
INFO:pyDatalog.pyEngine:subgoal: hostACL(variable_144,variable_145,'www_1','tcp','80'), clause: hostACL('9',variable_145,'www_1','tcp','80') <= isConnected(variable_181,variable_145,variable_183)&isConnected(variable_184,'www_1',variable_183)
INFO:pyDatalog.pyEngine:New fact : isConnected('43','cam3_1','Server_subnet_1')
INFO:pyDatalog.pyEngine:subgoal: hostACL(variable_144,variable_145,'www_1','tcp','80'), clause: hostACL('9',variable_145,'www_1','tcp','80') <= isConnected(variable_181,variable_145,variable_183)&isConnected(variable_184,'www_1',variable_183)
INFO:pyDatalog.pyEngine:New fact : isConnected('42','hmi_1','IoT_subnet_1')
INFO:pyDatalog.pyEngine:subgoal: hostACL(variable_144,variable_145,'www_1','tcp','80'), clause: hostACL('9',variable_145,'www_1','tcp','80') <= isConnected(variable_181,variable_145,variable_183)&isConnected(variable_184,'www_1',variable_183)
INFO:pyDatalog.pyEngine:New fact : isConnected('33','www_1','DMZ_subnet_1')
INFO:pyDatalog.pyEngine:subgoal: hostACL(variable_144,variable_145,'www_1','tcp','80'), clause: hostACL('9',variable_145,'www_1','tcp','80') <= isConnected(variable_181,variable_145,variable_183)&isConnected(variable_184,'www_1',variable_183)
INFO:pyDatalog.pyEngine:New fact : isConnected('33','www_1','DMZ_subnet_1')
INFO:pyDatalog.pyEngine:subgoal: hostACL(variable_144,variable_145,'www_1','tcp','80'), clause: hostACL('9','www_1','www_1','tcp','80') <= isConnected(variable_184,'www_1','DMZ_subnet_1')
INFO:pyDatalog.pyEngine:New fact : hostACL('9','www_1','www_1','tcp','80')
INFO:pyDatalog.pyEngine:subgoal: hasAccount(variable_74,'eve_1','www_1','www_root_1'), clause: hasAccount('34','eve_1','www_1','www_root_1') <= hostACL(variable_144,variable_145,'www_1','tcp','80')&hasAccount(variable_146,'eve_1',variable_145,variable_149)
INFO:pyDatalog.pyEngine:New fact : isConnected('32','ftp_1','DMZ_subnet_1')
INFO:pyDatalog.pyEngine:subgoal: hostACL(variable_144,variable_145,'www_1','tcp','80'), clause: hostACL('9',variable_145,'www_1','tcp','80') <= isConnected(variable_181,variable_145,variable_183)&isConnected(variable_184,'www_1',variable_183)
INFO:pyDatalog.pyEngine:New fact : hostACL('9','ftp_1','www_1','tcp','80')
INFO:pyDatalog.pyEngine:subgoal: hasAccount(variable_74,'eve_1','www_1','www_root_1'), clause: hasAccount('34','eve_1','www_1','www_root_1') <= hostACL(variable_144,variable_145,'www_1','tcp','80')&hasAccount(variable_146,'eve_1',variable_145,variable_149)
INFO:pyDatalog.pyEngine:New fact : isConnected('31','dc_1','Server_subnet_1')
INFO:pyDatalog.pyEngine:subgoal: hostACL(variable_144,variable_145,'www_1','tcp','80'), clause: hostACL('9',variable_145,'www_1','tcp','80') <= isConnected(variable_181,variable_145,variable_183)&isConnected(variable_184,'www_1',variable_183)
INFO:pyDatalog.pyEngine:New fact : isConnected('30','ids_1','Server_subnet_1')
INFO:pyDatalog.pyEngine:subgoal: hostACL(variable_144,variable_145,'www_1','tcp','80'), clause: hostACL('9',variable_145,'www_1','tcp','80') <= isConnected(variable_181,variable_145,variable_183)&isConnected(variable_184,'www_1',variable_183)
INFO:pyDatalog.pyEngine:New fact : isConnected('28','collab_1','DMZ_subnet_1')
INFO:pyDatalog.pyEngine:subgoal: hostACL(variable_144,variable_145,'www_1','tcp','80'), clause: hostACL('9',variable_145,'www_1','tcp','80') <= isConnected(variable_181,variable_145,variable_183)&isConnected(variable_184,'www_1',variable_183)
INFO:pyDatalog.pyEngine:New fact : hostACL('9','collab_1','www_1','tcp','80')
INFO:pyDatalog.pyEngine:subgoal: hasAccount(variable_74,'eve_1','www_1','www_root_1'), clause: hasAccount('34','eve_1','www_1','www_root_1') <= hostACL(variable_144,variable_145,'www_1','tcp','80')&hasAccount(variable_146,'eve_1',variable_145,variable_149)
INFO:pyDatalog.pyEngine:New fact : isConnected('25','alarm_1','IoT_subnet_1')
INFO:pyDatalog.pyEngine:subgoal: hostACL(variable_144,variable_145,'www_1','tcp','80'), clause: hostACL('9',variable_145,'www_1','tcp','80') <= isConnected(variable_181,variable_145,variable_183)&isConnected(variable_184,'www_1',variable_183)
INFO:pyDatalog.pyEngine:New fact : isConnected('24','intranet_1','Server_subnet_1')
INFO:pyDatalog.pyEngine:subgoal: hostACL(variable_144,variable_145,'www_1','tcp','80'), clause: hostACL('9',variable_145,'www_1','tcp','80') <= isConnected(variable_181,variable_145,variable_183)&isConnected(variable_184,'www_1',variable_183)
INFO:pyDatalog.pyEngine:New fact : isConnected('23','root-ns_1','Simint1_subnet_1')
INFO:pyDatalog.pyEngine:subgoal: hostACL(variable_144,variable_145,'www_1','tcp','80'), clause: hostACL('9',variable_145,'www_1','tcp','80') <= isConnected(variable_181,variable_145,variable_183)&isConnected(variable_184,'www_1',variable_183)
INFO:pyDatalog.pyEngine:New fact : isConnected('21','nas_1','Server_subnet_1')
INFO:pyDatalog.pyEngine:subgoal: hostACL(variable_144,variable_145,'www_1','tcp','80'), clause: hostACL('9',variable_145,'www_1','tcp','80') <= isConnected(variable_181,variable_145,variable_183)&isConnected(variable_184,'www_1',variable_183)
INFO:pyDatalog.pyEngine:New fact : isConnected('20','siem_1','Server_subnet_1')
INFO:pyDatalog.pyEngine:subgoal: hostACL(variable_144,variable_145,'www_1','tcp','80'), clause: hostACL('9',variable_145,'www_1','tcp','80') <= isConnected(variable_181,variable_145,variable_183)&isConnected(variable_184,'www_1',variable_183)
INFO:pyDatalog.pyEngine:New fact : isConnected('18','ns_1','DMZ_subnet_1')
INFO:pyDatalog.pyEngine:subgoal: hostACL(variable_144,variable_145,'www_1','tcp','80'), clause: hostACL('9',variable_145,'www_1','tcp','80') <= isConnected(variable_181,variable_145,variable_183)&isConnected(variable_184,'www_1',variable_183)
INFO:pyDatalog.pyEngine:New fact : hostACL('9','ns_1','www_1','tcp','80')
INFO:pyDatalog.pyEngine:subgoal: hasAccount(variable_74,'eve_1','www_1','www_root_1'), clause: hasAccount('34','eve_1','www_1','www_root_1') <= hostACL(variable_144,variable_145,'www_1','tcp','80')&hasAccount(variable_146,'eve_1',variable_145,variable_149)
INFO:pyDatalog.pyEngine:New fact : isConnected('17','climate_1','IoT_subnet_1')
INFO:pyDatalog.pyEngine:subgoal: hostACL(variable_144,variable_145,'www_1','tcp','80'), clause: hostACL('9',variable_145,'www_1','tcp','80') <= isConnected(variable_181,variable_145,variable_183)&isConnected(variable_184,'www_1',variable_183)
INFO:pyDatalog.pyEngine:New fact : isConnected('16','cam6_1','IoT_subnet_1')
INFO:pyDatalog.pyEngine:subgoal: hostACL(variable_144,variable_145,'www_1','tcp','80'), clause: hostACL('9',variable_145,'www_1','tcp','80') <= isConnected(variable_181,variable_145,variable_183)&isConnected(variable_184,'www_1',variable_183)
INFO:pyDatalog.pyEngine:New fact : isConnected('15','waf_1','DMZ_subnet_1')
INFO:pyDatalog.pyEngine:subgoal: hostACL(variable_144,variable_145,'www_1','tcp','80'), clause: hostACL('9',variable_145,'www_1','tcp','80') <= isConnected(variable_181,variable_145,variable_183)&isConnected(variable_184,'www_1',variable_183)
INFO:pyDatalog.pyEngine:New fact : hostACL('9','waf_1','www_1','tcp','80')
INFO:pyDatalog.pyEngine:subgoal: hasAccount(variable_74,'eve_1','www_1','www_root_1'), clause: hasAccount('34','eve_1','www_1','www_root_1') <= hostACL(variable_144,variable_145,'www_1','tcp','80')&hasAccount(variable_146,'eve_1',variable_145,variable_149)
INFO:pyDatalog.pyEngine:New fact : isConnected('11','cam5_1','Server_subnet_1')
INFO:pyDatalog.pyEngine:subgoal: hostACL(variable_144,variable_145,'www_1','tcp','80'), clause: hostACL('9',variable_145,'www_1','tcp','80') <= isConnected(variable_181,variable_145,variable_183)&isConnected(variable_184,'www_1',variable_183)
INFO:pyDatalog.pyEngine:New fact : isConnected('6','cam1_1','Server_subnet_1')
INFO:pyDatalog.pyEngine:subgoal: hostACL(variable_144,variable_145,'www_1','tcp','80'), clause: hostACL('9',variable_145,'www_1','tcp','80') <= isConnected(variable_181,variable_145,variable_183)&isConnected(variable_184,'www_1',variable_183)
INFO:pyDatalog.pyEngine:New fact : isConnected('3','Firewall_1','IoT_subnet_1')
INFO:pyDatalog.pyEngine:subgoal: hostACL(variable_144,variable_145,'www_1','tcp','80'), clause: hostACL('9',variable_145,'www_1','tcp','80') <= isConnected(variable_181,variable_145,variable_183)&isConnected(variable_184,'www_1',variable_183)
INFO:pyDatalog.pyEngine:New fact : isConnected('3','Firewall_1','DMZ_subnet_1')
INFO:pyDatalog.pyEngine:subgoal: hostACL(variable_144,variable_145,'www_1','tcp','80'), clause: hostACL('9',variable_145,'www_1','tcp','80') <= isConnected(variable_181,variable_145,variable_183)&isConnected(variable_184,'www_1',variable_183)
INFO:pyDatalog.pyEngine:New fact : hostACL('9','Firewall_1','www_1','tcp','80')
INFO:pyDatalog.pyEngine:subgoal: hasAccount(variable_74,'eve_1','www_1','www_root_1'), clause: hasAccount('34','eve_1','www_1','www_root_1') <= hostACL(variable_144,variable_145,'www_1','tcp','80')&hasAccount(variable_146,'eve_1',variable_145,variable_149)
INFO:pyDatalog.pyEngine:New fact : isConnected('3','Firewall_1','Outside_subnet_1')
INFO:pyDatalog.pyEngine:subgoal: hostACL(variable_144,variable_145,'www_1','tcp','80'), clause: hostACL('9',variable_145,'www_1','tcp','80') <= isConnected(variable_181,variable_145,variable_183)&isConnected(variable_184,'www_1',variable_183)
INFO:pyDatalog.pyEngine:New fact : isConnected('3','Firewall_1','Server_subnet_1')
INFO:pyDatalog.pyEngine:subgoal: hostACL(variable_144,variable_145,'www_1','tcp','80'), clause: hostACL('9',variable_145,'www_1','tcp','80') <= isConnected(variable_181,variable_145,variable_183)&isConnected(variable_184,'www_1',variable_183)
INFO:pyDatalog.pyEngine:New fact : isConnected('1','videoserver_1','Server_subnet_1')
INFO:pyDatalog.pyEngine:subgoal: hostACL(variable_144,variable_145,'www_1','tcp','80'), clause: hostACL('9',variable_145,'www_1','tcp','80') <= isConnected(variable_181,variable_145,variable_183)&isConnected(variable_184,'www_1',variable_183)
INFO:pyDatalog.pyEngine:New fact : isConnected('33','www_1','DMZ_subnet_1')
INFO:pyDatalog.pyEngine:subgoal: hostACL(variable_144,variable_145,'www_1','tcp','80'), clause: hostACL('8',variable_145,'www_1','tcp','80') <= isConnected(variable_158,'www_1',variable_160)&isConnected(variable_161,variable_145,variable_163)&isConnected(variable_164,variable_165,variable_163)&isRouter(variable_167,variable_165)&existsRoute(variable_169,variable_170,variable_160,variable_165)
INFO:pyDatalog.pyEngine:New fact : isConnected('24','intranet_1','Server_subnet_1')
INFO:pyDatalog.pyEngine:subgoal: hostACL(variable_144,variable_145,'www_1','tcp','80'), clause: hostACL('8','intranet_1','www_1','tcp','80') <= isConnected(variable_164,variable_165,'Server_subnet_1')&isRouter(variable_167,variable_165)&existsRoute(variable_169,variable_170,'DMZ_subnet_1',variable_165)
INFO:pyDatalog.pyEngine:New fact : isConnected('54','cam4_1','Server_subnet_1')
INFO:pyDatalog.pyEngine:subgoal: hostACL(variable_144,variable_145,'www_1','tcp','80'), clause: hostACL('8','intranet_1','www_1','tcp','80') <= isConnected(variable_164,variable_165,'Server_subnet_1')&isRouter(variable_167,variable_165)&existsRoute(variable_169,variable_170,'DMZ_subnet_1',variable_165)
INFO:pyDatalog.pyEngine:New fact : isConnected('49','db_1','Server_subnet_1')
INFO:pyDatalog.pyEngine:subgoal: hostACL(variable_144,variable_145,'www_1','tcp','80'), clause: hostACL('8','intranet_1','www_1','tcp','80') <= isConnected(variable_164,variable_165,'Server_subnet_1')&isRouter(variable_167,variable_165)&existsRoute(variable_169,variable_170,'DMZ_subnet_1',variable_165)
INFO:pyDatalog.pyEngine:New fact : isConnected('20','siem_1','Server_subnet_1')
INFO:pyDatalog.pyEngine:subgoal: hostACL(variable_144,variable_145,'www_1','tcp','80'), clause: hostACL('8','intranet_1','www_1','tcp','80') <= isConnected(variable_164,variable_165,'Server_subnet_1')&isRouter(variable_167,variable_165)&existsRoute(variable_169,variable_170,'DMZ_subnet_1',variable_165)
INFO:pyDatalog.pyEngine:New fact : isConnected('43','cam3_1','Server_subnet_1')
INFO:pyDatalog.pyEngine:subgoal: hostACL(variable_144,variable_145,'www_1','tcp','80'), clause: hostACL('8','intranet_1','www_1','tcp','80') <= isConnected(variable_164,variable_165,'Server_subnet_1')&isRouter(variable_167,variable_165)&existsRoute(variable_169,variable_170,'DMZ_subnet_1',variable_165)
INFO:pyDatalog.pyEngine:New fact : isConnected('1','videoserver_1','Server_subnet_1')
INFO:pyDatalog.pyEngine:subgoal: hostACL(variable_144,variable_145,'www_1','tcp','80'), clause: hostACL('8','intranet_1','www_1','tcp','80') <= isConnected(variable_164,variable_165,'Server_subnet_1')&isRouter(variable_167,variable_165)&existsRoute(variable_169,variable_170,'DMZ_subnet_1',variable_165)
INFO:pyDatalog.pyEngine:New fact : isConnected('31','dc_1','Server_subnet_1')
INFO:pyDatalog.pyEngine:subgoal: hostACL(variable_144,variable_145,'www_1','tcp','80'), clause: hostACL('8','intranet_1','www_1','tcp','80') <= isConnected(variable_164,variable_165,'Server_subnet_1')&isRouter(variable_167,variable_165)&existsRoute(variable_169,variable_170,'DMZ_subnet_1',variable_165)
INFO:pyDatalog.pyEngine:New fact : isConnected('21','nas_1','Server_subnet_1')
INFO:pyDatalog.pyEngine:subgoal: hostACL(variable_144,variable_145,'www_1','tcp','80'), clause: hostACL('8','intranet_1','www_1','tcp','80') <= isConnected(variable_164,variable_165,'Server_subnet_1')&isRouter(variable_167,variable_165)&existsRoute(variable_169,variable_170,'DMZ_subnet_1',variable_165)
INFO:pyDatalog.pyEngine:New fact : isConnected('6','cam1_1','Server_subnet_1')
INFO:pyDatalog.pyEngine:subgoal: hostACL(variable_144,variable_145,'www_1','tcp','80'), clause: hostACL('8','intranet_1','www_1','tcp','80') <= isConnected(variable_164,variable_165,'Server_subnet_1')&isRouter(variable_167,variable_165)&existsRoute(variable_169,variable_170,'DMZ_subnet_1',variable_165)
INFO:pyDatalog.pyEngine:New fact : isConnected('11','cam5_1','Server_subnet_1')
INFO:pyDatalog.pyEngine:subgoal: hostACL(variable_144,variable_145,'www_1','tcp','80'), clause: hostACL('8','intranet_1','www_1','tcp','80') <= isConnected(variable_164,variable_165,'Server_subnet_1')&isRouter(variable_167,variable_165)&existsRoute(variable_169,variable_170,'DMZ_subnet_1',variable_165)
INFO:pyDatalog.pyEngine:New fact : isConnected('3','Firewall_1','Server_subnet_1')
INFO:pyDatalog.pyEngine:subgoal: hostACL(variable_144,variable_145,'www_1','tcp','80'), clause: hostACL('8','intranet_1','www_1','tcp','80') <= isConnected(variable_164,variable_165,'Server_subnet_1')&isRouter(variable_167,variable_165)&existsRoute(variable_169,variable_170,'DMZ_subnet_1',variable_165)
INFO:pyDatalog.pyEngine:New fact : isRouter('4','Firewall_1')
INFO:pyDatalog.pyEngine:subgoal: hostACL(variable_144,variable_145,'www_1','tcp','80'), clause: hostACL('8','intranet_1','www_1','tcp','80') <= isRouter(variable_167,'Firewall_1')&existsRoute(variable_169,variable_170,'DMZ_subnet_1','Firewall_1')
INFO:pyDatalog.pyEngine:New fact : existsRoute('2','Server_subnet_1','DMZ_subnet_1','Firewall_1')
INFO:pyDatalog.pyEngine:subgoal: hostACL(variable_144,variable_145,'www_1','tcp','80'), clause: hostACL('8','intranet_1','www_1','tcp','80') <= existsRoute(variable_169,variable_170,'DMZ_subnet_1','Firewall_1')
INFO:pyDatalog.pyEngine:New fact : hostACL('8','intranet_1','www_1','tcp','80')
INFO:pyDatalog.pyEngine:subgoal: hasAccount(variable_74,'eve_1','www_1','www_root_1'), clause: hasAccount('34','eve_1','www_1','www_root_1') <= hostACL(variable_144,variable_145,'www_1','tcp','80')&hasAccount(variable_146,'eve_1',variable_145,variable_149)
INFO:pyDatalog.pyEngine:New fact : existsRoute('2','IoT_subnet_1','DMZ_subnet_1','Firewall_1')
INFO:pyDatalog.pyEngine:subgoal: hostACL(variable_144,variable_145,'www_1','tcp','80'), clause: hostACL('8','intranet_1','www_1','tcp','80') <= existsRoute(variable_169,variable_170,'DMZ_subnet_1','Firewall_1')
INFO:pyDatalog.pyEngine:New fact : hasUser('26','collab_sysuser1_1','collab_1','None','user')
INFO:pyDatalog.pyEngine:subgoal: hasAccount(variable_146,'eve_1','collab_1',variable_149), clause: hasAccount('10','eve_1','collab_1',variable_149) <= hasUser(variable_259,variable_149,'collab_1',variable_262,variable_263)&knows(variable_264,'eve_1',variable_149)&knows(variable_267,'eve_1',variable_262)
INFO:pyDatalog.pyEngine:New fact : hasUser('29','collab_root_1','collab_1','None','admin')
INFO:pyDatalog.pyEngine:subgoal: hasAccount(variable_146,'eve_1','collab_1',variable_149), clause: hasAccount('10','eve_1','collab_1',variable_149) <= hasUser(variable_259,variable_149,'collab_1',variable_262,variable_263)&knows(variable_264,'eve_1',variable_149)&knows(variable_267,'eve_1',variable_262)
INFO:pyDatalog.pyEngine:New fact : existsRoute('2','Outside_subnet_1','DMZ_subnet_1','Firewall_1')
INFO:pyDatalog.pyEngine:subgoal: hostACL(variable_144,variable_145,'www_1','tcp','80'), clause: hostACL('8','intranet_1','www_1','tcp','80') <= existsRoute(variable_169,variable_170,'DMZ_subnet_1','Firewall_1')
INFO:pyDatalog.pyEngine:New fact : existsRoute('2','DMZ_subnet_1','DMZ_subnet_1','Firewall_1')
INFO:pyDatalog.pyEngine:subgoal: hostACL(variable_144,variable_145,'www_1','tcp','80'), clause: hostACL('8','intranet_1','www_1','tcp','80') <= existsRoute(variable_169,variable_170,'DMZ_subnet_1','Firewall_1')
INFO:pyDatalog.pyEngine:New fact : hasUser('14','waf_sysuser1_1','waf_1','None','user')
INFO:pyDatalog.pyEngine:subgoal: hasAccount(variable_146,'eve_1','waf_1',variable_149), clause: hasAccount('10','eve_1','waf_1',variable_149) <= hasUser(variable_309,variable_149,'waf_1',variable_312,variable_313)&knows(variable_314,'eve_1',variable_149)&knows(variable_317,'eve_1',variable_312)
INFO:pyDatalog.pyEngine:New fact : hasUser('12','waf_root_1','waf_1','None','admin')
INFO:pyDatalog.pyEngine:subgoal: hasAccount(variable_146,'eve_1','waf_1',variable_149), clause: hasAccount('10','eve_1','waf_1',variable_149) <= hasUser(variable_309,variable_149,'waf_1',variable_312,variable_313)&knows(variable_314,'eve_1',variable_149)&knows(variable_317,'eve_1',variable_312)
INFO:pyDatalog.pyEngine:New fact : isConnected('3','Firewall_1','IoT_subnet_1')
INFO:pyDatalog.pyEngine:subgoal: existsRoute(variable_169,variable_170,'DMZ_subnet_1','Firewall_1'), clause: existsRoute('7',variable_170,'DMZ_subnet_1','Firewall_1') <= isConnected(variable_198,'Firewall_1',variable_170)&isConnected(variable_201,'Firewall_1','DMZ_subnet_1')&isRouter(variable_204,'Firewall_1')
INFO:pyDatalog.pyEngine:New fact : isConnected('3','Firewall_1','Server_subnet_1')
INFO:pyDatalog.pyEngine:subgoal: existsRoute(variable_169,variable_170,'DMZ_subnet_1','Firewall_1'), clause: existsRoute('7',variable_170,'DMZ_subnet_1','Firewall_1') <= isConnected(variable_198,'Firewall_1',variable_170)&isConnected(variable_201,'Firewall_1','DMZ_subnet_1')&isRouter(variable_204,'Firewall_1')
INFO:pyDatalog.pyEngine:New fact : isConnected('3','Firewall_1','Outside_subnet_1')
INFO:pyDatalog.pyEngine:subgoal: existsRoute(variable_169,variable_170,'DMZ_subnet_1','Firewall_1'), clause: existsRoute('7',variable_170,'DMZ_subnet_1','Firewall_1') <= isConnected(variable_198,'Firewall_1',variable_170)&isConnected(variable_201,'Firewall_1','DMZ_subnet_1')&isRouter(variable_204,'Firewall_1')
INFO:pyDatalog.pyEngine:New fact : isConnected('3','Firewall_1','DMZ_subnet_1')
INFO:pyDatalog.pyEngine:subgoal: existsRoute(variable_169,variable_170,'DMZ_subnet_1','Firewall_1'), clause: existsRoute('7',variable_170,'DMZ_subnet_1','Firewall_1') <= isConnected(variable_198,'Firewall_1',variable_170)&isConnected(variable_201,'Firewall_1','DMZ_subnet_1')&isRouter(variable_204,'Firewall_1')
INFO:pyDatalog.pyEngine:New fact : isConnected('3','Firewall_1','DMZ_subnet_1')
INFO:pyDatalog.pyEngine:subgoal: existsRoute(variable_169,variable_170,'DMZ_subnet_1','Firewall_1'), clause: existsRoute('7','IoT_subnet_1','DMZ_subnet_1','Firewall_1') <= isConnected(variable_201,'Firewall_1','DMZ_subnet_1')&isRouter(variable_204,'Firewall_1')
INFO:pyDatalog.pyEngine:New fact : existsRoute('7','IoT_subnet_1','DMZ_subnet_1','Firewall_1')
INFO:pyDatalog.pyEngine:subgoal: hostACL(variable_144,variable_145,'www_1','tcp','80'), clause: hostACL('8','intranet_1','www_1','tcp','80') <= existsRoute(variable_169,variable_170,'DMZ_subnet_1','Firewall_1')
INFO:pyDatalog.pyEngine:New fact : existsRoute('7','Server_subnet_1','DMZ_subnet_1','Firewall_1')
INFO:pyDatalog.pyEngine:subgoal: hostACL(variable_144,variable_145,'www_1','tcp','80'), clause: hostACL('8','intranet_1','www_1','tcp','80') <= existsRoute(variable_169,variable_170,'DMZ_subnet_1','Firewall_1')
INFO:pyDatalog.pyEngine:New fact : existsRoute('7','Outside_subnet_1','DMZ_subnet_1','Firewall_1')
INFO:pyDatalog.pyEngine:subgoal: hostACL(variable_144,variable_145,'www_1','tcp','80'), clause: hostACL('8','intranet_1','www_1','tcp','80') <= existsRoute(variable_169,variable_170,'DMZ_subnet_1','Firewall_1')
INFO:pyDatalog.pyEngine:New fact : existsRoute('7','DMZ_subnet_1','DMZ_subnet_1','Firewall_1')
INFO:pyDatalog.pyEngine:subgoal: hostACL(variable_144,variable_145,'www_1','tcp','80'), clause: hostACL('8','intranet_1','www_1','tcp','80') <= existsRoute(variable_169,variable_170,'DMZ_subnet_1','Firewall_1')
INFO:pyDatalog.pyEngine:New fact : isConnected('60','Provider_1','Outside_subnet_1')
INFO:pyDatalog.pyEngine:subgoal: existsRoute(variable_169,variable_170,'DMZ_subnet_1','Firewall_1'), clause: existsRoute('5','Outside_subnet_1','DMZ_subnet_1','Firewall_1') <= isConnected(variable_188,variable_189,'Outside_subnet_1')&isRouter(variable_190,variable_189)&existsRoute(variable_192,'Outside_subnet_1','DMZ_subnet_1',variable_189)
INFO:pyDatalog.pyEngine:New fact : isConnected('3','Firewall_1','Outside_subnet_1')
INFO:pyDatalog.pyEngine:subgoal: existsRoute(variable_169,variable_170,'DMZ_subnet_1','Firewall_1'), clause: existsRoute('5','Outside_subnet_1','DMZ_subnet_1','Firewall_1') <= isConnected(variable_188,variable_189,'Outside_subnet_1')&isRouter(variable_190,variable_189)&existsRoute(variable_192,'Outside_subnet_1','DMZ_subnet_1',variable_189)
INFO:pyDatalog.pyEngine:New fact : isRouter('61','Provider_1')
INFO:pyDatalog.pyEngine:subgoal: existsRoute(variable_169,variable_170,'DMZ_subnet_1','Firewall_1'), clause: existsRoute('5','Outside_subnet_1','DMZ_subnet_1','Firewall_1') <= isRouter(variable_190,'Provider_1')&existsRoute(variable_192,'Outside_subnet_1','DMZ_subnet_1','Provider_1')
INFO:pyDatalog.pyEngine:New fact : existsRoute('58','Outside_subnet_1','DMZ_subnet_1','Provider_1')
INFO:pyDatalog.pyEngine:subgoal: existsRoute(variable_169,variable_170,'DMZ_subnet_1','Firewall_1'), clause: existsRoute('5','Outside_subnet_1','DMZ_subnet_1','Firewall_1') <= existsRoute(variable_192,'Outside_subnet_1','DMZ_subnet_1','Provider_1')
INFO:pyDatalog.pyEngine:New fact : existsRoute('2','Outside_subnet_1','DMZ_subnet_1','Firewall_1')
INFO:pyDatalog.pyEngine:subgoal: existsRoute(variable_169,variable_170,'DMZ_subnet_1','Firewall_1'), clause: existsRoute('5','Outside_subnet_1','DMZ_subnet_1','Firewall_1') <= existsRoute(variable_192,'Outside_subnet_1','DMZ_subnet_1','Firewall_1')
INFO:pyDatalog.pyEngine:New fact : isConnected('60','Provider_1','Outside_subnet_1')
INFO:pyDatalog.pyEngine:subgoal: existsRoute(variable_192,'Outside_subnet_1','DMZ_subnet_1','Provider_1'), clause: existsRoute('7','Outside_subnet_1','DMZ_subnet_1','Provider_1') <= isConnected(variable_636,'Provider_1','Outside_subnet_1')&isConnected(variable_639,'Provider_1','DMZ_subnet_1')&isRouter(variable_642,'Provider_1')
INFO:pyDatalog.pyEngine:New fact : existsRoute('5','Outside_subnet_1','DMZ_subnet_1','Firewall_1')
INFO:pyDatalog.pyEngine:subgoal: hostACL(variable_144,variable_145,'www_1','tcp','80'), clause: hostACL('8','intranet_1','www_1','tcp','80') <= existsRoute(variable_169,variable_170,'DMZ_subnet_1','Firewall_1')
INFO:pyDatalog.pyEngine:New fact : isConnected('3','Firewall_1','Outside_subnet_1')
INFO:pyDatalog.pyEngine:subgoal: existsRoute(variable_192,'Outside_subnet_1','DMZ_subnet_1','Firewall_1'), clause: existsRoute('7','Outside_subnet_1','DMZ_subnet_1','Firewall_1') <= isConnected(variable_655,'Firewall_1','Outside_subnet_1')&isConnected(variable_658,'Firewall_1','DMZ_subnet_1')&isRouter(variable_661,'Firewall_1')
INFO:pyDatalog.pyEngine:New fact : existsRoute('7','Outside_subnet_1','DMZ_subnet_1','Firewall_1')
INFO:pyDatalog.pyEngine:subgoal: existsRoute(variable_169,variable_170,'DMZ_subnet_1','Firewall_1'), clause: existsRoute('5','Outside_subnet_1','DMZ_subnet_1','Firewall_1') <= existsRoute(variable_192,'Outside_subnet_1','DMZ_subnet_1','Firewall_1')
INFO:pyDatalog.pyEngine:New fact : existsRoute('5','Outside_subnet_1','DMZ_subnet_1','Firewall_1')
INFO:pyDatalog.pyEngine:subgoal: existsRoute(variable_169,variable_170,'DMZ_subnet_1','Firewall_1'), clause: existsRoute('5','Outside_subnet_1','DMZ_subnet_1','Firewall_1') <= existsRoute(variable_192,'Outside_subnet_1','DMZ_subnet_1','Firewall_1')
INFO:pyDatalog.pyEngine:subgoal: existsRoute(variable_192,'Outside_subnet_1','DMZ_subnet_1','Firewall_1'), clause: existsRoute('5','Outside_subnet_1','DMZ_subnet_1','Firewall_1') <= existsRoute(variable_649,'Outside_subnet_1','DMZ_subnet_1','Firewall_1')
INFO:pyDatalog.pyEngine:New fact : isConnected('30','ids_1','Server_subnet_1')
INFO:pyDatalog.pyEngine:subgoal: hostACL(variable_144,variable_145,'www_1','tcp','80'), clause: hostACL('8','intranet_1','www_1','tcp','80') <= isConnected(variable_164,variable_165,'Server_subnet_1')&isRouter(variable_167,variable_165)&existsRoute(variable_169,variable_170,'DMZ_subnet_1',variable_165)
INFO:pyDatalog.pyEngine:New fact : isConnected('62','cam2_1','Server_subnet_1')
INFO:pyDatalog.pyEngine:subgoal: hostACL(variable_144,variable_145,'www_1','tcp','80'), clause: hostACL('8','intranet_1','www_1','tcp','80') <= isConnected(variable_164,variable_165,'Server_subnet_1')&isRouter(variable_167,variable_165)&existsRoute(variable_169,variable_170,'DMZ_subnet_1',variable_165)
INFO:pyDatalog.pyEngine:New fact : hostACL('8','videoserver_1','www_1','tcp','80')
INFO:pyDatalog.pyEngine:subgoal: hasAccount(variable_74,'eve_1','www_1','www_root_1'), clause: hasAccount('34','eve_1','www_1','www_root_1') <= hostACL(variable_144,variable_145,'www_1','tcp','80')&hasAccount(variable_146,'eve_1',variable_145,variable_149)
INFO:pyDatalog.pyEngine:subgoal: hasAccount(variable_146,'eve_1','www_1',variable_149), clause: hasAccount('34','eve_1','www_1','www_root_1') <= hostACL(variable_225,variable_226,'www_1','tcp','80')&hasAccount(variable_227,'eve_1',variable_226,variable_230)
INFO:pyDatalog.pyEngine:New fact : isConnected('3','Firewall_1','IoT_subnet_1')
INFO:pyDatalog.pyEngine:subgoal: hostACL(variable_144,variable_145,'www_1','tcp','80'), clause: hostACL('8','climate_1','www_1','tcp','80') <= isConnected(variable_164,variable_165,'IoT_subnet_1')&isRouter(variable_167,variable_165)&existsRoute(variable_169,variable_170,'DMZ_subnet_1',variable_165)
INFO:pyDatalog.pyEngine:New fact : hostACL('8','climate_1','www_1','tcp','80')
INFO:pyDatalog.pyEngine:subgoal: hasAccount(variable_74,'eve_1','www_1','www_root_1'), clause: hasAccount('34','eve_1','www_1','www_root_1') <= hostACL(variable_144,variable_145,'www_1','tcp','80')&hasAccount(variable_146,'eve_1',variable_145,variable_149)
INFO:pyDatalog.pyEngine:subgoal: hasAccount(variable_146,'eve_1','www_1',variable_149), clause: hasAccount('34','eve_1','www_1','www_root_1') <= hostACL(variable_225,variable_226,'www_1','tcp','80')&hasAccount(variable_227,'eve_1',variable_226,variable_230)
INFO:pyDatalog.pyEngine:New fact : isConnected('16','cam6_1','IoT_subnet_1')
INFO:pyDatalog.pyEngine:subgoal: hostACL(variable_144,variable_145,'www_1','tcp','80'), clause: hostACL('8','climate_1','www_1','tcp','80') <= isConnected(variable_164,variable_165,'IoT_subnet_1')&isRouter(variable_167,variable_165)&existsRoute(variable_169,variable_170,'DMZ_subnet_1',variable_165)
INFO:pyDatalog.pyEngine:New fact : isConnected('42','hmi_1','IoT_subnet_1')
INFO:pyDatalog.pyEngine:subgoal: hostACL(variable_144,variable_145,'www_1','tcp','80'), clause: hostACL('8','climate_1','www_1','tcp','80') <= isConnected(variable_164,variable_165,'IoT_subnet_1')&isRouter(variable_167,variable_165)&existsRoute(variable_169,variable_170,'DMZ_subnet_1',variable_165)
INFO:pyDatalog.pyEngine:New fact : isConnected('25','alarm_1','IoT_subnet_1')
INFO:pyDatalog.pyEngine:subgoal: hostACL(variable_144,variable_145,'www_1','tcp','80'), clause: hostACL('8','climate_1','www_1','tcp','80') <= isConnected(variable_164,variable_165,'IoT_subnet_1')&isRouter(variable_167,variable_165)&existsRoute(variable_169,variable_170,'DMZ_subnet_1',variable_165)
INFO:pyDatalog.pyEngine:New fact : isConnected('17','climate_1','IoT_subnet_1')
INFO:pyDatalog.pyEngine:subgoal: hostACL(variable_144,variable_145,'www_1','tcp','80'), clause: hostACL('8','climate_1','www_1','tcp','80') <= isConnected(variable_164,variable_165,'IoT_subnet_1')&isRouter(variable_167,variable_165)&existsRoute(variable_169,variable_170,'DMZ_subnet_1',variable_165)
INFO:pyDatalog.pyEngine:New fact : isConnected('53','elev_1','IoT_subnet_1')
INFO:pyDatalog.pyEngine:subgoal: hostACL(variable_144,variable_145,'www_1','tcp','80'), clause: hostACL('8','climate_1','www_1','tcp','80') <= isConnected(variable_164,variable_165,'IoT_subnet_1')&isRouter(variable_167,variable_165)&existsRoute(variable_169,variable_170,'DMZ_subnet_1',variable_165)
INFO:pyDatalog.pyEngine:New fact : isConnected('28','collab_1','DMZ_subnet_1')
INFO:pyDatalog.pyEngine:subgoal: hostACL(variable_144,variable_145,'www_1','tcp','80'), clause: hostACL('8','www_1','www_1','tcp','80') <= isConnected(variable_164,variable_165,'DMZ_subnet_1')&isRouter(variable_167,variable_165)&existsRoute(variable_169,variable_170,'DMZ_subnet_1',variable_165)
INFO:pyDatalog.pyEngine:New fact : isConnected('15','waf_1','DMZ_subnet_1')
INFO:pyDatalog.pyEngine:subgoal: hostACL(variable_144,variable_145,'www_1','tcp','80'), clause: hostACL('8','www_1','www_1','tcp','80') <= isConnected(variable_164,variable_165,'DMZ_subnet_1')&isRouter(variable_167,variable_165)&existsRoute(variable_169,variable_170,'DMZ_subnet_1',variable_165)
INFO:pyDatalog.pyEngine:New fact : isConnected('18','ns_1','DMZ_subnet_1')
INFO:pyDatalog.pyEngine:subgoal: hostACL(variable_144,variable_145,'www_1','tcp','80'), clause: hostACL('8','www_1','www_1','tcp','80') <= isConnected(variable_164,variable_165,'DMZ_subnet_1')&isRouter(variable_167,variable_165)&existsRoute(variable_169,variable_170,'DMZ_subnet_1',variable_165)
INFO:pyDatalog.pyEngine:New fact : isConnected('32','ftp_1','DMZ_subnet_1')
INFO:pyDatalog.pyEngine:subgoal: hostACL(variable_144,variable_145,'www_1','tcp','80'), clause: hostACL('8','www_1','www_1','tcp','80') <= isConnected(variable_164,variable_165,'DMZ_subnet_1')&isRouter(variable_167,variable_165)&existsRoute(variable_169,variable_170,'DMZ_subnet_1',variable_165)
INFO:pyDatalog.pyEngine:New fact : isConnected('3','Firewall_1','DMZ_subnet_1')
INFO:pyDatalog.pyEngine:subgoal: hostACL(variable_144,variable_145,'www_1','tcp','80'), clause: hostACL('8','www_1','www_1','tcp','80') <= isConnected(variable_164,variable_165,'DMZ_subnet_1')&isRouter(variable_167,variable_165)&existsRoute(variable_169,variable_170,'DMZ_subnet_1',variable_165)
INFO:pyDatalog.pyEngine:New fact : hostACL('8','www_1','www_1','tcp','80')
INFO:pyDatalog.pyEngine:subgoal: hasAccount(variable_74,'eve_1','www_1','www_root_1'), clause: hasAccount('34','eve_1','www_1','www_root_1') <= hostACL(variable_144,variable_145,'www_1','tcp','80')&hasAccount(variable_146,'eve_1',variable_145,variable_149)
INFO:pyDatalog.pyEngine:subgoal: hasAccount(variable_146,'eve_1','www_1',variable_149), clause: hasAccount('34','eve_1','www_1','www_root_1') <= hostACL(variable_225,variable_226,'www_1','tcp','80')&hasAccount(variable_227,'eve_1',variable_226,variable_230)
INFO:pyDatalog.pyEngine:New fact : isConnected('33','www_1','DMZ_subnet_1')
INFO:pyDatalog.pyEngine:subgoal: hostACL(variable_144,variable_145,'www_1','tcp','80'), clause: hostACL('8','www_1','www_1','tcp','80') <= isConnected(variable_164,variable_165,'DMZ_subnet_1')&isRouter(variable_167,variable_165)&existsRoute(variable_169,variable_170,'DMZ_subnet_1',variable_165)
INFO:pyDatalog.pyEngine:New fact : hostACL('8','Firewall_1','www_1','tcp','80')
INFO:pyDatalog.pyEngine:subgoal: hasAccount(variable_74,'eve_1','www_1','www_root_1'), clause: hasAccount('34','eve_1','www_1','www_root_1') <= hostACL(variable_144,variable_145,'www_1','tcp','80')&hasAccount(variable_146,'eve_1',variable_145,variable_149)
INFO:pyDatalog.pyEngine:subgoal: hasAccount(variable_146,'eve_1','www_1',variable_149), clause: hasAccount('34','eve_1','www_1','www_root_1') <= hostACL(variable_225,variable_226,'www_1','tcp','80')&hasAccount(variable_227,'eve_1',variable_226,variable_230)
INFO:pyDatalog.pyEngine:New fact : isConnected('60','Provider_1','Simint1_subnet_1')
INFO:pyDatalog.pyEngine:subgoal: hostACL(variable_144,variable_145,'www_1','tcp','80'), clause: hostACL('8','root-ns_1','www_1','tcp','80') <= isConnected(variable_164,variable_165,'Simint1_subnet_1')&isRouter(variable_167,variable_165)&existsRoute(variable_169,variable_170,'DMZ_subnet_1',variable_165)
INFO:pyDatalog.pyEngine:New fact : existsRoute('58','Outside_subnet_1','DMZ_subnet_1','Provider_1')
INFO:pyDatalog.pyEngine:subgoal: hostACL(variable_144,variable_145,'www_1','tcp','80'), clause: hostACL('8','root-ns_1','www_1','tcp','80') <= existsRoute(variable_169,variable_170,'DMZ_subnet_1','Provider_1')
INFO:pyDatalog.pyEngine:New fact : hostACL('8','root-ns_1','www_1','tcp','80')
INFO:pyDatalog.pyEngine:subgoal: hasAccount(variable_74,'eve_1','www_1','www_root_1'), clause: hasAccount('34','eve_1','www_1','www_root_1') <= hostACL(variable_144,variable_145,'www_1','tcp','80')&hasAccount(variable_146,'eve_1',variable_145,variable_149)
INFO:pyDatalog.pyEngine:subgoal: hasAccount(variable_146,'eve_1','www_1',variable_149), clause: hasAccount('34','eve_1','www_1','www_root_1') <= hostACL(variable_225,variable_226,'www_1','tcp','80')&hasAccount(variable_227,'eve_1',variable_226,variable_230)
INFO:pyDatalog.pyEngine:New fact : isConnected('60','Provider_1','Extnet_subnet_1')
INFO:pyDatalog.pyEngine:subgoal: existsRoute(variable_169,variable_170,'DMZ_subnet_1','Provider_1'), clause: existsRoute('7',variable_170,'DMZ_subnet_1','Provider_1') <= isConnected(variable_674,'Provider_1',variable_170)&isConnected(variable_677,'Provider_1','DMZ_subnet_1')&isRouter(variable_680,'Provider_1')
INFO:pyDatalog.pyEngine:New fact : isConnected('60','Provider_1','Outside_subnet_1')
INFO:pyDatalog.pyEngine:subgoal: existsRoute(variable_169,variable_170,'DMZ_subnet_1','Provider_1'), clause: existsRoute('7',variable_170,'DMZ_subnet_1','Provider_1') <= isConnected(variable_674,'Provider_1',variable_170)&isConnected(variable_677,'Provider_1','DMZ_subnet_1')&isRouter(variable_680,'Provider_1')
INFO:pyDatalog.pyEngine:New fact : isConnected('60','Provider_1','Simint1_subnet_1')
INFO:pyDatalog.pyEngine:subgoal: existsRoute(variable_169,variable_170,'DMZ_subnet_1','Provider_1'), clause: existsRoute('7',variable_170,'DMZ_subnet_1','Provider_1') <= isConnected(variable_674,'Provider_1',variable_170)&isConnected(variable_677,'Provider_1','DMZ_subnet_1')&isRouter(variable_680,'Provider_1')
INFO:pyDatalog.pyEngine:New fact : isConnected('57','client_1','Simint1_subnet_1')
INFO:pyDatalog.pyEngine:subgoal: hostACL(variable_144,variable_145,'www_1','tcp','80'), clause: hostACL('8','root-ns_1','www_1','tcp','80') <= isConnected(variable_164,variable_165,'Simint1_subnet_1')&isRouter(variable_167,variable_165)&existsRoute(variable_169,variable_170,'DMZ_subnet_1',variable_165)
INFO:pyDatalog.pyEngine:New fact : isConnected('23','root-ns_1','Simint1_subnet_1')
INFO:pyDatalog.pyEngine:subgoal: hostACL(variable_144,variable_145,'www_1','tcp','80'), clause: hostACL('8','root-ns_1','www_1','tcp','80') <= isConnected(variable_164,variable_165,'Simint1_subnet_1')&isRouter(variable_167,variable_165)&existsRoute(variable_169,variable_170,'DMZ_subnet_1',variable_165)
INFO:pyDatalog.pyEngine:New fact : hostACL('8','cam6_1','www_1','tcp','80')
INFO:pyDatalog.pyEngine:subgoal: hasAccount(variable_74,'eve_1','www_1','www_root_1'), clause: hasAccount('34','eve_1','www_1','www_root_1') <= hostACL(variable_144,variable_145,'www_1','tcp','80')&hasAccount(variable_146,'eve_1',variable_145,variable_149)
INFO:pyDatalog.pyEngine:subgoal: hasAccount(variable_146,'eve_1','www_1',variable_149), clause: hasAccount('34','eve_1','www_1','www_root_1') <= hostACL(variable_225,variable_226,'www_1','tcp','80')&hasAccount(variable_227,'eve_1',variable_226,variable_230)
INFO:pyDatalog.pyEngine:New fact : hostACL('8','alarm_1','www_1','tcp','80')
INFO:pyDatalog.pyEngine:subgoal: hasAccount(variable_74,'eve_1','www_1','www_root_1'), clause: hasAccount('34','eve_1','www_1','www_root_1') <= hostACL(variable_144,variable_145,'www_1','tcp','80')&hasAccount(variable_146,'eve_1',variable_145,variable_149)
INFO:pyDatalog.pyEngine:subgoal: hasAccount(variable_146,'eve_1','www_1',variable_149), clause: hasAccount('34','eve_1','www_1','www_root_1') <= hostACL(variable_225,variable_226,'www_1','tcp','80')&hasAccount(variable_227,'eve_1',variable_226,variable_230)
INFO:pyDatalog.pyEngine:New fact : hostACL('8','cam1_1','www_1','tcp','80')
INFO:pyDatalog.pyEngine:subgoal: hasAccount(variable_74,'eve_1','www_1','www_root_1'), clause: hasAccount('34','eve_1','www_1','www_root_1') <= hostACL(variable_144,variable_145,'www_1','tcp','80')&hasAccount(variable_146,'eve_1',variable_145,variable_149)
INFO:pyDatalog.pyEngine:subgoal: hasAccount(variable_146,'eve_1','www_1',variable_149), clause: hasAccount('34','eve_1','www_1','www_root_1') <= hostACL(variable_225,variable_226,'www_1','tcp','80')&hasAccount(variable_227,'eve_1',variable_226,variable_230)
INFO:pyDatalog.pyEngine:New fact : hostACL('8','waf_1','www_1','tcp','80')
INFO:pyDatalog.pyEngine:subgoal: hasAccount(variable_74,'eve_1','www_1','www_root_1'), clause: hasAccount('34','eve_1','www_1','www_root_1') <= hostACL(variable_144,variable_145,'www_1','tcp','80')&hasAccount(variable_146,'eve_1',variable_145,variable_149)
INFO:pyDatalog.pyEngine:subgoal: hasAccount(variable_146,'eve_1','www_1',variable_149), clause: hasAccount('34','eve_1','www_1','www_root_1') <= hostACL(variable_225,variable_226,'www_1','tcp','80')&hasAccount(variable_227,'eve_1',variable_226,variable_230)
INFO:pyDatalog.pyEngine:New fact : hostACL('8','hmi_1','www_1','tcp','80')
INFO:pyDatalog.pyEngine:subgoal: hasAccount(variable_74,'eve_1','www_1','www_root_1'), clause: hasAccount('34','eve_1','www_1','www_root_1') <= hostACL(variable_144,variable_145,'www_1','tcp','80')&hasAccount(variable_146,'eve_1',variable_145,variable_149)
INFO:pyDatalog.pyEngine:subgoal: hasAccount(variable_146,'eve_1','www_1',variable_149), clause: hasAccount('34','eve_1','www_1','www_root_1') <= hostACL(variable_225,variable_226,'www_1','tcp','80')&hasAccount(variable_227,'eve_1',variable_226,variable_230)
INFO:pyDatalog.pyEngine:New fact : hostACL('8','cam4_1','www_1','tcp','80')
INFO:pyDatalog.pyEngine:subgoal: hasAccount(variable_74,'eve_1','www_1','www_root_1'), clause: hasAccount('34','eve_1','www_1','www_root_1') <= hostACL(variable_144,variable_145,'www_1','tcp','80')&hasAccount(variable_146,'eve_1',variable_145,variable_149)
INFO:pyDatalog.pyEngine:subgoal: hasAccount(variable_146,'eve_1','www_1',variable_149), clause: hasAccount('34','eve_1','www_1','www_root_1') <= hostACL(variable_225,variable_226,'www_1','tcp','80')&hasAccount(variable_227,'eve_1',variable_226,variable_230)
INFO:pyDatalog.pyEngine:New fact : hostACL('8','nas_1','www_1','tcp','80')
INFO:pyDatalog.pyEngine:subgoal: hasAccount(variable_74,'eve_1','www_1','www_root_1'), clause: hasAccount('34','eve_1','www_1','www_root_1') <= hostACL(variable_144,variable_145,'www_1','tcp','80')&hasAccount(variable_146,'eve_1',variable_145,variable_149)
INFO:pyDatalog.pyEngine:subgoal: hasAccount(variable_146,'eve_1','www_1',variable_149), clause: hasAccount('34','eve_1','www_1','www_root_1') <= hostACL(variable_225,variable_226,'www_1','tcp','80')&hasAccount(variable_227,'eve_1',variable_226,variable_230)
INFO:pyDatalog.pyEngine:New fact : hostACL('8','dc_1','www_1','tcp','80')
INFO:pyDatalog.pyEngine:subgoal: hasAccount(variable_74,'eve_1','www_1','www_root_1'), clause: hasAccount('34','eve_1','www_1','www_root_1') <= hostACL(variable_144,variable_145,'www_1','tcp','80')&hasAccount(variable_146,'eve_1',variable_145,variable_149)
INFO:pyDatalog.pyEngine:subgoal: hasAccount(variable_146,'eve_1','www_1',variable_149), clause: hasAccount('34','eve_1','www_1','www_root_1') <= hostACL(variable_225,variable_226,'www_1','tcp','80')&hasAccount(variable_227,'eve_1',variable_226,variable_230)
INFO:pyDatalog.pyEngine:New fact : hostACL('8','client_1','www_1','tcp','80')
INFO:pyDatalog.pyEngine:subgoal: hasAccount(variable_74,'eve_1','www_1','www_root_1'), clause: hasAccount('34','eve_1','www_1','www_root_1') <= hostACL(variable_144,variable_145,'www_1','tcp','80')&hasAccount(variable_146,'eve_1',variable_145,variable_149)
INFO:pyDatalog.pyEngine:subgoal: hasAccount(variable_146,'eve_1','www_1',variable_149), clause: hasAccount('34','eve_1','www_1','www_root_1') <= hostACL(variable_225,variable_226,'www_1','tcp','80')&hasAccount(variable_227,'eve_1',variable_226,variable_230)
INFO:pyDatalog.pyEngine:New fact : hostACL('8','ftp_1','www_1','tcp','80')
INFO:pyDatalog.pyEngine:subgoal: hasAccount(variable_74,'eve_1','www_1','www_root_1'), clause: hasAccount('34','eve_1','www_1','www_root_1') <= hostACL(variable_144,variable_145,'www_1','tcp','80')&hasAccount(variable_146,'eve_1',variable_145,variable_149)
INFO:pyDatalog.pyEngine:subgoal: hasAccount(variable_146,'eve_1','www_1',variable_149), clause: hasAccount('34','eve_1','www_1','www_root_1') <= hostACL(variable_225,variable_226,'www_1','tcp','80')&hasAccount(variable_227,'eve_1',variable_226,variable_230)
INFO:pyDatalog.pyEngine:New fact : hostACL('8','cam3_1','www_1','tcp','80')
INFO:pyDatalog.pyEngine:subgoal: hasAccount(variable_74,'eve_1','www_1','www_root_1'), clause: hasAccount('34','eve_1','www_1','www_root_1') <= hostACL(variable_144,variable_145,'www_1','tcp','80')&hasAccount(variable_146,'eve_1',variable_145,variable_149)
INFO:pyDatalog.pyEngine:subgoal: hasAccount(variable_146,'eve_1','www_1',variable_149), clause: hasAccount('34','eve_1','www_1','www_root_1') <= hostACL(variable_225,variable_226,'www_1','tcp','80')&hasAccount(variable_227,'eve_1',variable_226,variable_230)
INFO:pyDatalog.pyEngine:New fact : hostACL('8','cam5_1','www_1','tcp','80')
INFO:pyDatalog.pyEngine:subgoal: hasAccount(variable_74,'eve_1','www_1','www_root_1'), clause: hasAccount('34','eve_1','www_1','www_root_1') <= hostACL(variable_144,variable_145,'www_1','tcp','80')&hasAccount(variable_146,'eve_1',variable_145,variable_149)
INFO:pyDatalog.pyEngine:subgoal: hasAccount(variable_146,'eve_1','www_1',variable_149), clause: hasAccount('34','eve_1','www_1','www_root_1') <= hostACL(variable_225,variable_226,'www_1','tcp','80')&hasAccount(variable_227,'eve_1',variable_226,variable_230)
INFO:pyDatalog.pyEngine:New fact : hostACL('8','Provider_1','www_1','tcp','80')
INFO:pyDatalog.pyEngine:subgoal: hasAccount(variable_74,'eve_1','www_1','www_root_1'), clause: hasAccount('34','eve_1','www_1','www_root_1') <= hostACL(variable_144,variable_145,'www_1','tcp','80')&hasAccount(variable_146,'eve_1',variable_145,variable_149)
INFO:pyDatalog.pyEngine:subgoal: hasAccount(variable_146,'eve_1','www_1',variable_149), clause: hasAccount('34','eve_1','www_1','www_root_1') <= hostACL(variable_225,variable_226,'www_1','tcp','80')&hasAccount(variable_227,'eve_1',variable_226,variable_230)
INFO:pyDatalog.pyEngine:New fact : hostACL('8','db_1','www_1','tcp','80')
INFO:pyDatalog.pyEngine:subgoal: hasAccount(variable_74,'eve_1','www_1','www_root_1'), clause: hasAccount('34','eve_1','www_1','www_root_1') <= hostACL(variable_144,variable_145,'www_1','tcp','80')&hasAccount(variable_146,'eve_1',variable_145,variable_149)
INFO:pyDatalog.pyEngine:subgoal: hasAccount(variable_146,'eve_1','www_1',variable_149), clause: hasAccount('34','eve_1','www_1','www_root_1') <= hostACL(variable_225,variable_226,'www_1','tcp','80')&hasAccount(variable_227,'eve_1',variable_226,variable_230)
INFO:pyDatalog.pyEngine:New fact : isConnected('60','Provider_1','Extnet_subnet_1')
INFO:pyDatalog.pyEngine:subgoal: hostACL(variable_144,variable_145,'www_1','tcp','80'), clause: hostACL('8','Provider_1','www_1','tcp','80') <= isConnected(variable_164,variable_165,'Extnet_subnet_1')&isRouter(variable_167,variable_165)&existsRoute(variable_169,variable_170,'DMZ_subnet_1',variable_165)
INFO:pyDatalog.pyEngine:New fact : hostACL('8','elev_1','www_1','tcp','80')
INFO:pyDatalog.pyEngine:subgoal: hasAccount(variable_74,'eve_1','www_1','www_root_1'), clause: hasAccount('34','eve_1','www_1','www_root_1') <= hostACL(variable_144,variable_145,'www_1','tcp','80')&hasAccount(variable_146,'eve_1',variable_145,variable_149)
INFO:pyDatalog.pyEngine:subgoal: hasAccount(variable_146,'eve_1','www_1',variable_149), clause: hasAccount('34','eve_1','www_1','www_root_1') <= hostACL(variable_225,variable_226,'www_1','tcp','80')&hasAccount(variable_227,'eve_1',variable_226,variable_230)
INFO:pyDatalog.pyEngine:New fact : hostACL('8','siem_1','www_1','tcp','80')
INFO:pyDatalog.pyEngine:subgoal: hasAccount(variable_74,'eve_1','www_1','www_root_1'), clause: hasAccount('34','eve_1','www_1','www_root_1') <= hostACL(variable_144,variable_145,'www_1','tcp','80')&hasAccount(variable_146,'eve_1',variable_145,variable_149)
INFO:pyDatalog.pyEngine:subgoal: hasAccount(variable_146,'eve_1','www_1',variable_149), clause: hasAccount('34','eve_1','www_1','www_root_1') <= hostACL(variable_225,variable_226,'www_1','tcp','80')&hasAccount(variable_227,'eve_1',variable_226,variable_230)
INFO:pyDatalog.pyEngine:New fact : hostACL('8','cam2_1','www_1','tcp','80')
INFO:pyDatalog.pyEngine:subgoal: hasAccount(variable_74,'eve_1','www_1','www_root_1'), clause: hasAccount('34','eve_1','www_1','www_root_1') <= hostACL(variable_144,variable_145,'www_1','tcp','80')&hasAccount(variable_146,'eve_1',variable_145,variable_149)
INFO:pyDatalog.pyEngine:subgoal: hasAccount(variable_146,'eve_1','www_1',variable_149), clause: hasAccount('34','eve_1','www_1','www_root_1') <= hostACL(variable_225,variable_226,'www_1','tcp','80')&hasAccount(variable_227,'eve_1',variable_226,variable_230)
INFO:pyDatalog.pyEngine:New fact : hostACL('8','collab_1','www_1','tcp','80')
INFO:pyDatalog.pyEngine:subgoal: hasAccount(variable_74,'eve_1','www_1','www_root_1'), clause: hasAccount('34','eve_1','www_1','www_root_1') <= hostACL(variable_144,variable_145,'www_1','tcp','80')&hasAccount(variable_146,'eve_1',variable_145,variable_149)
INFO:pyDatalog.pyEngine:subgoal: hasAccount(variable_146,'eve_1','www_1',variable_149), clause: hasAccount('34','eve_1','www_1','www_root_1') <= hostACL(variable_225,variable_226,'www_1','tcp','80')&hasAccount(variable_227,'eve_1',variable_226,variable_230)
INFO:pyDatalog.pyEngine:New fact : hostACL('8','ns_1','www_1','tcp','80')
INFO:pyDatalog.pyEngine:subgoal: hasAccount(variable_74,'eve_1','www_1','www_root_1'), clause: hasAccount('34','eve_1','www_1','www_root_1') <= hostACL(variable_144,variable_145,'www_1','tcp','80')&hasAccount(variable_146,'eve_1',variable_145,variable_149)
INFO:pyDatalog.pyEngine:subgoal: hasAccount(variable_146,'eve_1','www_1',variable_149), clause: hasAccount('34','eve_1','www_1','www_root_1') <= hostACL(variable_225,variable_226,'www_1','tcp','80')&hasAccount(variable_227,'eve_1',variable_226,variable_230)
INFO:pyDatalog.pyEngine:New fact : hostACL('8','ids_1','www_1','tcp','80')
INFO:pyDatalog.pyEngine:subgoal: hasAccount(variable_74,'eve_1','www_1','www_root_1'), clause: hasAccount('34','eve_1','www_1','www_root_1') <= hostACL(variable_144,variable_145,'www_1','tcp','80')&hasAccount(variable_146,'eve_1',variable_145,variable_149)
INFO:pyDatalog.pyEngine:subgoal: hasAccount(variable_146,'eve_1','www_1',variable_149), clause: hasAccount('34','eve_1','www_1','www_root_1') <= hostACL(variable_225,variable_226,'www_1','tcp','80')&hasAccount(variable_227,'eve_1',variable_226,variable_230)
INFO:pyDatalog.pyEngine:New fact : hasAccount('55','eve_1','client_1','client_user1_1')
INFO:pyDatalog.pyEngine:subgoal: hasAccount(variable_74,'eve_1','www_1','www_root_1'), clause: hasAccount('34','eve_1','www_1','www_root_1') <= hasAccount(variable_146,'eve_1','client_1',variable_149)
INFO:pyDatalog.pyEngine:subgoal: hasAccount(variable_146,'eve_1','www_1',variable_149), clause: hasAccount('34','eve_1','www_1','www_root_1') <= hasAccount(variable_227,'eve_1','client_1',variable_230)
INFO:pyDatalog.pyEngine:New fact : hasUser('56','client_user1_1','client_1','supersecret','admin')
INFO:pyDatalog.pyEngine:subgoal: hasAccount(variable_146,'eve_1','client_1',variable_149), clause: hasAccount('10','eve_1','client_1',variable_149) <= hasUser(variable_935,variable_149,'client_1',variable_938,variable_939)&knows(variable_940,'eve_1',variable_149)&knows(variable_943,'eve_1',variable_938)
INFO:pyDatalog.pyEngine:New fact : hasUser('52','db_root_1','db_1','None','admin')
INFO:pyDatalog.pyEngine:subgoal: hasAccount(variable_146,'eve_1','db_1',variable_149), clause: hasAccount('10','eve_1','db_1',variable_149) <= hasUser(variable_1035,variable_149,'db_1',variable_1038,variable_1039)&knows(variable_1040,'eve_1',variable_149)&knows(variable_1043,'eve_1',variable_1038)
INFO:pyDatalog.pyEngine:New fact : hasAccount('34','eve_1','www_1','www_root_1')
INFO:pyDatalog.pyEngine:subgoal: knows(variable_40,'eve_1','venerus'), clause: knows('41','eve_1','venerus') <= hasAccount(variable_74,'eve_1','www_1','www_root_1')
INFO:pyDatalog.pyEngine:New fact : hasAccount('34','eve_1','www_1','www_root_1')
INFO:pyDatalog.pyEngine:subgoal: hasAccount(variable_74,'eve_1','www_1','www_root_1'), clause: hasAccount('34','eve_1','www_1','www_root_1') <= hasAccount(variable_146,'eve_1','www_1',variable_149)
INFO:pyDatalog.pyEngine:subgoal: hasAccount(variable_146,'eve_1','www_1',variable_149), clause: hasAccount('34','eve_1','www_1','www_root_1') <= hasAccount(variable_227,'eve_1','www_1',variable_230)
INFO:pyDatalog.pyEngine:subgoal: hasAccount(variable_74,'eve_1','www_1','www_root_1'), clause: hasAccount('34','eve_1','www_1','www_root_1') <= hasAccount(variable_146,'eve_1','www_1',variable_149)
INFO:pyDatalog.pyEngine:subgoal: hasAccount(variable_146,'eve_1','www_1',variable_149), clause: hasAccount('34','eve_1','www_1','www_root_1') <= hasAccount(variable_227,'eve_1','www_1',variable_230)
INFO:pyDatalog.pyEngine:New fact : knows('41','eve_1','venerus')
INFO:pyDatalog.pyEngine:subgoal: knows(ID1,'eve_1','DB_confidential'), clause: knows('47','eve_1','DB_confidential') <= knows(variable_40,'eve_1','venerus')&hasAccount(variable_42,'eve_1',variable_44,variable_45)&hostACL(variable_46,variable_44,'db_1','tcp','3306')
INFO:pyDatalog.pyEngine:New fact : hasAccount('55','eve_1','client_1','client_user1_1')
INFO:pyDatalog.pyEngine:subgoal: knows(ID1,'eve_1','DB_confidential'), clause: knows('47','eve_1','DB_confidential') <= hasAccount(variable_42,'eve_1',variable_44,variable_45)&hostACL(variable_46,variable_44,'db_1','tcp','3306')
INFO:pyDatalog.pyEngine:New fact : hasUser('36','www_sysuser1_1','www_1','None','user')
INFO:pyDatalog.pyEngine:subgoal: hasAccount(variable_146,'eve_1','www_1',variable_149), clause: hasAccount('10','eve_1','www_1',variable_149) <= hasUser(variable_209,variable_149,'www_1',variable_212,variable_213)&knows(variable_214,'eve_1',variable_149)&knows(variable_217,'eve_1',variable_212)
INFO:pyDatalog.pyEngine:New fact : hasUser('37','www_root_1','www_1','None','admin')
INFO:pyDatalog.pyEngine:subgoal: hasAccount(variable_146,'eve_1','www_1',variable_149), clause: hasAccount('10','eve_1','www_1',variable_149) <= hasUser(variable_209,variable_149,'www_1',variable_212,variable_213)&knows(variable_214,'eve_1',variable_149)&knows(variable_217,'eve_1',variable_212)
INFO:pyDatalog.pyEngine:New fact : hasUser('39','www_user1_1','www_1','9JmDGEr4','user')
INFO:pyDatalog.pyEngine:subgoal: hasAccount(variable_146,'eve_1','www_1',variable_149), clause: hasAccount('10','eve_1','www_1',variable_149) <= hasUser(variable_209,variable_149,'www_1',variable_212,variable_213)&knows(variable_214,'eve_1',variable_149)&knows(variable_217,'eve_1',variable_212)
INFO:pyDatalog.pyEngine:New fact : listeningOn('48','db_1','tcp','3306')
INFO:pyDatalog.pyEngine:subgoal: hostACL(variable_46,'client_1','db_1','tcp','3306'), clause: hostACL('9','client_1','db_1','tcp','3306') <= listeningOn(variable_1331,'db_1','tcp','3306')&isConnected(variable_1335,'client_1',variable_1337)&isConnected(variable_1338,'db_1',variable_1337)
INFO:pyDatalog.pyEngine:New fact : isConnected('57','client_1','Simint1_subnet_1')
INFO:pyDatalog.pyEngine:subgoal: hostACL(variable_46,'client_1','db_1','tcp','3306'), clause: hostACL('9','client_1','db_1','tcp','3306') <= isConnected(variable_1335,'client_1',variable_1337)&isConnected(variable_1338,'db_1',variable_1337)
INFO:pyDatalog.pyEngine:New fact : isConnected('49','db_1','Server_subnet_1')
INFO:pyDatalog.pyEngine:subgoal: hostACL(variable_46,'client_1','db_1','tcp','3306'), clause: hostACL('8','client_1','db_1','tcp','3306') <= isConnected(variable_1312,'db_1',variable_1314)&isConnected(variable_1315,'client_1',variable_1317)&isConnected(variable_1318,variable_1319,variable_1317)&isRouter(variable_1321,variable_1319)&existsRoute(variable_1323,variable_1324,variable_1314,variable_1319)
INFO:pyDatalog.pyEngine:New fact : hasAccount('34','eve_1','www_1','www_root_1')
INFO:pyDatalog.pyEngine:subgoal: knows(ID1,'eve_1','DB_confidential'), clause: knows('47','eve_1','DB_confidential') <= hasAccount(variable_42,'eve_1',variable_44,variable_45)&hostACL(variable_46,variable_44,'db_1','tcp','3306')
INFO:pyDatalog.pyEngine:New fact : hasUser('56','client_user1_1','client_1','supersecret','admin')
INFO:pyDatalog.pyEngine:subgoal: hasAccount(variable_42,'eve_1',variable_44,variable_45), clause: hasAccount('10','eve_1',variable_44,variable_45) <= hasUser(variable_1282,variable_45,variable_44,variable_1285,variable_1286)&knows(variable_1287,'eve_1',variable_45)&knows(variable_1290,'eve_1',variable_1285)
INFO:pyDatalog.pyEngine:New fact : hasUser('52','db_root_1','db_1','None','admin')
INFO:pyDatalog.pyEngine:subgoal: hasAccount(variable_42,'eve_1',variable_44,variable_45), clause: hasAccount('10','eve_1',variable_44,variable_45) <= hasUser(variable_1282,variable_45,variable_44,variable_1285,variable_1286)&knows(variable_1287,'eve_1',variable_45)&knows(variable_1290,'eve_1',variable_1285)
INFO:pyDatalog.pyEngine:New fact : hasUser('39','www_user1_1','www_1','9JmDGEr4','user')
INFO:pyDatalog.pyEngine:subgoal: hasAccount(variable_42,'eve_1',variable_44,variable_45), clause: hasAccount('10','eve_1',variable_44,variable_45) <= hasUser(variable_1282,variable_45,variable_44,variable_1285,variable_1286)&knows(variable_1287,'eve_1',variable_45)&knows(variable_1290,'eve_1',variable_1285)
INFO:pyDatalog.pyEngine:New fact : hasUser('37','www_root_1','www_1','None','admin')
INFO:pyDatalog.pyEngine:subgoal: hasAccount(variable_42,'eve_1',variable_44,variable_45), clause: hasAccount('10','eve_1',variable_44,variable_45) <= hasUser(variable_1282,variable_45,variable_44,variable_1285,variable_1286)&knows(variable_1287,'eve_1',variable_45)&knows(variable_1290,'eve_1',variable_1285)
INFO:pyDatalog.pyEngine:New fact : hasUser('36','www_sysuser1_1','www_1','None','user')
INFO:pyDatalog.pyEngine:subgoal: hasAccount(variable_42,'eve_1',variable_44,variable_45), clause: hasAccount('10','eve_1',variable_44,variable_45) <= hasUser(variable_1282,variable_45,variable_44,variable_1285,variable_1286)&knows(variable_1287,'eve_1',variable_45)&knows(variable_1290,'eve_1',variable_1285)
INFO:pyDatalog.pyEngine:New fact : hasUser('29','collab_root_1','collab_1','None','admin')
INFO:pyDatalog.pyEngine:subgoal: hasAccount(variable_42,'eve_1',variable_44,variable_45), clause: hasAccount('10','eve_1',variable_44,variable_45) <= hasUser(variable_1282,variable_45,variable_44,variable_1285,variable_1286)&knows(variable_1287,'eve_1',variable_45)&knows(variable_1290,'eve_1',variable_1285)
INFO:pyDatalog.pyEngine:New fact : hasUser('26','collab_sysuser1_1','collab_1','None','user')
INFO:pyDatalog.pyEngine:subgoal: hasAccount(variable_42,'eve_1',variable_44,variable_45), clause: hasAccount('10','eve_1',variable_44,variable_45) <= hasUser(variable_1282,variable_45,variable_44,variable_1285,variable_1286)&knows(variable_1287,'eve_1',variable_45)&knows(variable_1290,'eve_1',variable_1285)
INFO:pyDatalog.pyEngine:New fact : hasUser('14','waf_sysuser1_1','waf_1','None','user')
INFO:pyDatalog.pyEngine:subgoal: hasAccount(variable_42,'eve_1',variable_44,variable_45), clause: hasAccount('10','eve_1',variable_44,variable_45) <= hasUser(variable_1282,variable_45,variable_44,variable_1285,variable_1286)&knows(variable_1287,'eve_1',variable_45)&knows(variable_1290,'eve_1',variable_1285)
INFO:pyDatalog.pyEngine:New fact : hasUser('12','waf_root_1','waf_1','None','admin')
INFO:pyDatalog.pyEngine:subgoal: hasAccount(variable_42,'eve_1',variable_44,variable_45), clause: hasAccount('10','eve_1',variable_44,variable_45) <= hasUser(variable_1282,variable_45,variable_44,variable_1285,variable_1286)&knows(variable_1287,'eve_1',variable_45)&knows(variable_1290,'eve_1',variable_1285)
INFO:pyDatalog.pyEngine:New fact : existsRoute('2','Outside_subnet_1','Server_subnet_1','Firewall_1')
INFO:pyDatalog.pyEngine:subgoal: hostACL(variable_46,'www_1','db_1','tcp','3306'), clause: hostACL('8','www_1','db_1','tcp','3306') <= existsRoute(variable_1562,variable_1563,'Server_subnet_1','Firewall_1')
INFO:pyDatalog.pyEngine:New fact : hostACL('8','www_1','db_1','tcp','3306')
INFO:pyDatalog.pyEngine:subgoal: knows(ID1,'eve_1','DB_confidential'), clause: knows('47','eve_1','DB_confidential') <= hostACL(variable_46,'www_1','db_1','tcp','3306')
INFO:pyDatalog.pyEngine:New fact : existsRoute('2','DMZ_subnet_1','Server_subnet_1','Firewall_1')
INFO:pyDatalog.pyEngine:subgoal: hostACL(variable_46,'www_1','db_1','tcp','3306'), clause: hostACL('8','www_1','db_1','tcp','3306') <= existsRoute(variable_1562,variable_1563,'Server_subnet_1','Firewall_1')
INFO:pyDatalog.pyEngine:New fact : existsRoute('2','Server_subnet_1','Server_subnet_1','Firewall_1')
INFO:pyDatalog.pyEngine:subgoal: hostACL(variable_46,'www_1','db_1','tcp','3306'), clause: hostACL('8','www_1','db_1','tcp','3306') <= existsRoute(variable_1562,variable_1563,'Server_subnet_1','Firewall_1')
INFO:pyDatalog.pyEngine:New fact : existsRoute('2','IoT_subnet_1','Server_subnet_1','Firewall_1')
INFO:pyDatalog.pyEngine:subgoal: hostACL(variable_46,'www_1','db_1','tcp','3306'), clause: hostACL('8','www_1','db_1','tcp','3306') <= existsRoute(variable_1562,variable_1563,'Server_subnet_1','Firewall_1')
INFO:pyDatalog.pyEngine:New fact : knows('47','eve_1','DB_confidential')
INFO:pyDatalog.pyEngine:subgoal: _pyD_query1(ID1), clause: _pyD_query1(ID1) <= knows(ID1,'eve_1','DB_confidential')
INFO:pyDatalog.pyEngine:New fact : _pyD_query1('47')
INFO:pyDatalog.pyEngine:New fact : isConnected('3','Firewall_1','Server_subnet_1')
INFO:pyDatalog.pyEngine:subgoal: existsRoute(variable_1562,variable_1563,'Server_subnet_1','Firewall_1'), clause: existsRoute('7','IoT_subnet_1','Server_subnet_1','Firewall_1') <= isConnected(variable_1594,'Firewall_1','Server_subnet_1')&isRouter(variable_1597,'Firewall_1')
INFO:pyDatalog.pyEngine:New fact : knows('40','eve_1','venerus')
INFO:pyDatalog.pyEngine:subgoal: knows(ID1,'eve_1','DB_confidential'), clause: knows('47','eve_1','DB_confidential') <= knows(variable_40,'eve_1','venerus')&hasAccount(variable_42,'eve_1',variable_44,variable_45)&hostACL(variable_46,variable_44,'db_1','tcp','3306')
INFO:pyDatalog.pyEngine:New fact : existsRoute('7','IoT_subnet_1','Server_subnet_1','Firewall_1')
INFO:pyDatalog.pyEngine:subgoal: hostACL(variable_46,'www_1','db_1','tcp','3306'), clause: hostACL('8','www_1','db_1','tcp','3306') <= existsRoute(variable_1562,variable_1563,'Server_subnet_1','Firewall_1')
INFO:pyDatalog.pyEngine:New fact : existsRoute('7','DMZ_subnet_1','Server_subnet_1','Firewall_1')
INFO:pyDatalog.pyEngine:subgoal: hostACL(variable_46,'www_1','db_1','tcp','3306'), clause: hostACL('8','www_1','db_1','tcp','3306') <= existsRoute(variable_1562,variable_1563,'Server_subnet_1','Firewall_1')
INFO:pyDatalog.pyEngine:New fact : existsRoute('7','Server_subnet_1','Server_subnet_1','Firewall_1')
INFO:pyDatalog.pyEngine:subgoal: hostACL(variable_46,'www_1','db_1','tcp','3306'), clause: hostACL('8','www_1','db_1','tcp','3306') <= existsRoute(variable_1562,variable_1563,'Server_subnet_1','Firewall_1')
INFO:pyDatalog.pyEngine:New fact : existsRoute('7','Outside_subnet_1','Server_subnet_1','Firewall_1')
INFO:pyDatalog.pyEngine:subgoal: hostACL(variable_46,'www_1','db_1','tcp','3306'), clause: hostACL('8','www_1','db_1','tcp','3306') <= existsRoute(variable_1562,variable_1563,'Server_subnet_1','Firewall_1')
INFO:pyDatalog.pyEngine:New fact : existsRoute('2','Outside_subnet_1','Server_subnet_1','Firewall_1')
INFO:pyDatalog.pyEngine:subgoal: existsRoute(variable_1562,variable_1563,'Server_subnet_1','Firewall_1'), clause: existsRoute('5','Outside_subnet_1','Server_subnet_1','Firewall_1') <= existsRoute(variable_1585,'Outside_subnet_1','Server_subnet_1','Firewall_1')
INFO:pyDatalog.pyEngine:New fact : existsRoute('5','Outside_subnet_1','Server_subnet_1','Firewall_1')
INFO:pyDatalog.pyEngine:subgoal: hostACL(variable_46,'www_1','db_1','tcp','3306'), clause: hostACL('8','www_1','db_1','tcp','3306') <= existsRoute(variable_1562,variable_1563,'Server_subnet_1','Firewall_1')
INFO:pyDatalog.pyEngine:New fact : existsRoute('7','Outside_subnet_1','Server_subnet_1','Firewall_1')
INFO:pyDatalog.pyEngine:subgoal: existsRoute(variable_1562,variable_1563,'Server_subnet_1','Firewall_1'), clause: existsRoute('5','Outside_subnet_1','Server_subnet_1','Firewall_1') <= existsRoute(variable_1585,'Outside_subnet_1','Server_subnet_1','Firewall_1')
INFO:pyDatalog.pyEngine:New fact : existsRoute('5','Outside_subnet_1','Server_subnet_1','Firewall_1')
INFO:pyDatalog.pyEngine:subgoal: existsRoute(variable_1562,variable_1563,'Server_subnet_1','Firewall_1'), clause: existsRoute('5','Outside_subnet_1','Server_subnet_1','Firewall_1') <= existsRoute(variable_1585,'Outside_subnet_1','Server_subnet_1','Firewall_1')
INFO:pyDatalog.pyEngine:subgoal: existsRoute(variable_1585,'Outside_subnet_1','Server_subnet_1','Firewall_1'), clause: existsRoute('5','Outside_subnet_1','Server_subnet_1','Firewall_1') <= existsRoute(variable_1623,'Outside_subnet_1','Server_subnet_1','Firewall_1')
INFO:pyDatalog.pyEngine:New fact : hasUser('52','db_root_1','db_1','None','admin')
INFO:pyDatalog.pyEngine:subgoal: knows(ID1,'eve_1','DB_confidential'), clause: knows('46','eve_1','DB_confidential') <= hasUser(variable_33,variable_34,'db_1',variable_35,'admin')&hasAccount(variable_36,'eve_1','db_1',variable_34)
INFO:pyDatalog.pyEngine:New fact : hasUser('52','db_root_1','db_1','None','admin')
INFO:pyDatalog.pyEngine:subgoal: hasAccount(variable_36,'eve_1','db_1','db_root_1'), clause: hasAccount('10','eve_1','db_1','db_root_1') <= hasUser(variable_1640,'db_root_1','db_1',variable_1643,variable_1644)&knows(variable_1645,'eve_1','db_root_1')&knows(variable_1648,'eve_1',variable_1643)
