INFO:pyDatalog.pyEngine:New fact : hasUser('37','www_root_1','www_1','None','admin')
INFO:pyDatalog.pyEngine:subgoal: knows(variable_40,'eve_1','venerus'), clause: knows('41','eve_1','venerus') <= hasUser(variable_71,variable_72,'www_1',variable_73,'admin')&hasAccount(variable_74,'eve_1','www_1',variable_72)
INFO:pyDatalog.pyEngine:New fact : hasUser('37','www_root_1','www_1','None','admin')
INFO:pyDatalog.pyEngine:subgoal: hasAccount(variable_74,'eve_1','www_1','www_root_1'), clause: hasAccount('10','eve_1','www_1','www_root_1') <= hasUser(variable_128,'www_root_1','www_1',variable_131,variable_132)&knows(variable_133,'eve_1','www_root_1')&knows(variable_136,'eve_1',variable_131)
INFO:pyDatalog.pyEngine:New fact : hasUser('36','www_sysuser1_1','www_1','None','user')
INFO:pyDatalog.pyEngine:subgoal: knows(variable_40,'eve_1','venerus'), clause: knows('40','eve_1','venerus') <= hasUser(variable_65,'www_sysuser1_1','www_1',variable_66,variable_67)&hasAccount(variable_68,'eve_1','www_1','www_sysuser1_1')
INFO:pyDatalog.pyEngine:New fact : listeningOn('35','www_1','tcp','80')
INFO:pyDatalog.pyEngine:subgoal: hasAccount(variable_68,'eve_1','www_1','www_sysuser1_1'), clause: hasAccount('34','eve_1','www_1','www_sysuser1_1') <= listeningOn(variable_229,'www_1','tcp','80')&hostACL(variable_230,variable_231,'www_1','tcp','80')&hasAccount(variable_232,'eve_1',variable_231,variable_235)
INFO:pyDatalog.pyEngine:New fact : isConnected('62','cam2_1','Server_subnet_1')
INFO:pyDatalog.pyEngine:subgoal: hostACL(variable_230,variable_231,'www_1','tcp','80'), clause: hostACL('9',variable_231,'www_1','tcp','80') <= isConnected(variable_267,variable_231,variable_269)&isConnected(variable_270,'www_1',variable_269)
INFO:pyDatalog.pyEngine:New fact : isConnected('60','Provider_1','Simint1_subnet_1')
INFO:pyDatalog.pyEngine:subgoal: hostACL(variable_230,variable_231,'www_1','tcp','80'), clause: hostACL('9',variable_231,'www_1','tcp','80') <= isConnected(variable_267,variable_231,variable_269)&isConnected(variable_270,'www_1',variable_269)
INFO:pyDatalog.pyEngine:New fact : isConnected('60','Provider_1','Outside_subnet_1')
INFO:pyDatalog.pyEngine:subgoal: hostACL(variable_230,variable_231,'www_1','tcp','80'), clause: hostACL('9',variable_231,'www_1','tcp','80') <= isConnected(variable_267,variable_231,variable_269)&isConnected(variable_270,'www_1',variable_269)
INFO:pyDatalog.pyEngine:New fact : isConnected('60','Provider_1','Extnet_subnet_1')
INFO:pyDatalog.pyEngine:subgoal: hostACL(variable_230,variable_231,'www_1','tcp','80'), clause: hostACL('9',variable_231,'www_1','tcp','80') <= isConnected(variable_267,variable_231,variable_269)&isConnected(variable_270,'www_1',variable_269)
INFO:pyDatalog.pyEngine:New fact : isConnected('57','client_1','Simint1_subnet_1')
INFO:pyDatalog.pyEngine:subgoal: hostACL(variable_230,variable_231,'www_1','tcp','80'), clause: hostACL('9',variable_231,'www_1','tcp','80') <= isConnected(variable_267,variable_231,variable_269)&isConnected(variable_270,'www_1',variable_269)
INFO:pyDatalog.pyEngine:New fact : isConnected('54','cam4_1','Server_subnet_1')
INFO:pyDatalog.pyEngine:subgoal: hostACL(variable_230,variable_231,'www_1','tcp','80'), clause: hostACL('9',variable_231,'www_1','tcp','80') <= isConnected(variable_267,variable_231,variable_269)&isConnected(variable_270,'www_1',variable_269)
INFO:pyDatalog.pyEngine:New fact : isConnected('53','elev_1','IoT_subnet_1')
INFO:pyDatalog.pyEngine:subgoal: hostACL(variable_230,variable_231,'www_1','tcp','80'), clause: hostACL('9',variable_231,'www_1','tcp','80') <= isConnected(variable_267,variable_231,variable_269)&isConnected(variable_270,'www_1',variable_269)
INFO:pyDatalog.pyEngine:New fact : isConnected('49','db_1','Server_subnet_1')
INFO:pyDatalog.pyEngine:subgoal: hostACL(variable_230,variable_231,'www_1','tcp','80'), clause: hostACL('9',variable_231,'www_1','tcp','80') <= isConnected(variable_267,variable_231,variable_269)&isConnected(variable_270,'www_1',variable_269)
INFO:pyDatalog.pyEngine:New fact : isConnected('43','cam3_1','Server_subnet_1')
INFO:pyDatalog.pyEngine:subgoal: hostACL(variable_230,variable_231,'www_1','tcp','80'), clause: hostACL('9',variable_231,'www_1','tcp','80') <= isConnected(variable_267,variable_231,variable_269)&isConnected(variable_270,'www_1',variable_269)
INFO:pyDatalog.pyEngine:New fact : isConnected('42','hmi_1','IoT_subnet_1')
INFO:pyDatalog.pyEngine:subgoal: hostACL(variable_230,variable_231,'www_1','tcp','80'), clause: hostACL('9',variable_231,'www_1','tcp','80') <= isConnected(variable_267,variable_231,variable_269)&isConnected(variable_270,'www_1',variable_269)
INFO:pyDatalog.pyEngine:New fact : isConnected('33','www_1','DMZ_subnet_1')
INFO:pyDatalog.pyEngine:subgoal: hostACL(variable_230,variable_231,'www_1','tcp','80'), clause: hostACL('9',variable_231,'www_1','tcp','80') <= isConnected(variable_267,variable_231,variable_269)&isConnected(variable_270,'www_1',variable_269)
INFO:pyDatalog.pyEngine:New fact : isConnected('33','www_1','DMZ_subnet_1')
INFO:pyDatalog.pyEngine:subgoal: hostACL(variable_230,variable_231,'www_1','tcp','80'), clause: hostACL('9','www_1','www_1','tcp','80') <= isConnected(variable_270,'www_1','DMZ_subnet_1')
INFO:pyDatalog.pyEngine:New fact : hostACL('9','www_1','www_1','tcp','80')
INFO:pyDatalog.pyEngine:subgoal: hasAccount(variable_68,'eve_1','www_1','www_sysuser1_1'), clause: hasAccount('34','eve_1','www_1','www_sysuser1_1') <= hostACL(variable_230,variable_231,'www_1','tcp','80')&hasAccount(variable_232,'eve_1',variable_231,variable_235)
INFO:pyDatalog.pyEngine:New fact : isConnected('32','ftp_1','DMZ_subnet_1')
INFO:pyDatalog.pyEngine:subgoal: hostACL(variable_230,variable_231,'www_1','tcp','80'), clause: hostACL('9',variable_231,'www_1','tcp','80') <= isConnected(variable_267,variable_231,variable_269)&isConnected(variable_270,'www_1',variable_269)
INFO:pyDatalog.pyEngine:New fact : hostACL('9','ftp_1','www_1','tcp','80')
INFO:pyDatalog.pyEngine:subgoal: hasAccount(variable_68,'eve_1','www_1','www_sysuser1_1'), clause: hasAccount('34','eve_1','www_1','www_sysuser1_1') <= hostACL(variable_230,variable_231,'www_1','tcp','80')&hasAccount(variable_232,'eve_1',variable_231,variable_235)
INFO:pyDatalog.pyEngine:New fact : isConnected('31','dc_1','Server_subnet_1')
INFO:pyDatalog.pyEngine:subgoal: hostACL(variable_230,variable_231,'www_1','tcp','80'), clause: hostACL('9',variable_231,'www_1','tcp','80') <= isConnected(variable_267,variable_231,variable_269)&isConnected(variable_270,'www_1',variable_269)
INFO:pyDatalog.pyEngine:New fact : isConnected('30','ids_1','Server_subnet_1')
INFO:pyDatalog.pyEngine:subgoal: hostACL(variable_230,variable_231,'www_1','tcp','80'), clause: hostACL('9',variable_231,'www_1','tcp','80') <= isConnected(variable_267,variable_231,variable_269)&isConnected(variable_270,'www_1',variable_269)
INFO:pyDatalog.pyEngine:New fact : isConnected('28','collab_1','DMZ_subnet_1')
INFO:pyDatalog.pyEngine:subgoal: hostACL(variable_230,variable_231,'www_1','tcp','80'), clause: hostACL('9',variable_231,'www_1','tcp','80') <= isConnected(variable_267,variable_231,variable_269)&isConnected(variable_270,'www_1',variable_269)
INFO:pyDatalog.pyEngine:New fact : hostACL('9','collab_1','www_1','tcp','80')
INFO:pyDatalog.pyEngine:subgoal: hasAccount(variable_68,'eve_1','www_1','www_sysuser1_1'), clause: hasAccount('34','eve_1','www_1','www_sysuser1_1') <= hostACL(variable_230,variable_231,'www_1','tcp','80')&hasAccount(variable_232,'eve_1',variable_231,variable_235)
INFO:pyDatalog.pyEngine:New fact : isConnected('25','alarm_1','IoT_subnet_1')
INFO:pyDatalog.pyEngine:subgoal: hostACL(variable_230,variable_231,'www_1','tcp','80'), clause: hostACL('9',variable_231,'www_1','tcp','80') <= isConnected(variable_267,variable_231,variable_269)&isConnected(variable_270,'www_1',variable_269)
INFO:pyDatalog.pyEngine:New fact : isConnected('24','intranet_1','Server_subnet_1')
INFO:pyDatalog.pyEngine:subgoal: hostACL(variable_230,variable_231,'www_1','tcp','80'), clause: hostACL('9',variable_231,'www_1','tcp','80') <= isConnected(variable_267,variable_231,variable_269)&isConnected(variable_270,'www_1',variable_269)
INFO:pyDatalog.pyEngine:New fact : isConnected('23','root-ns_1','Simint1_subnet_1')
INFO:pyDatalog.pyEngine:subgoal: hostACL(variable_230,variable_231,'www_1','tcp','80'), clause: hostACL('9',variable_231,'www_1','tcp','80') <= isConnected(variable_267,variable_231,variable_269)&isConnected(variable_270,'www_1',variable_269)
INFO:pyDatalog.pyEngine:New fact : isConnected('21','nas_1','Server_subnet_1')
INFO:pyDatalog.pyEngine:subgoal: hostACL(variable_230,variable_231,'www_1','tcp','80'), clause: hostACL('9',variable_231,'www_1','tcp','80') <= isConnected(variable_267,variable_231,variable_269)&isConnected(variable_270,'www_1',variable_269)
INFO:pyDatalog.pyEngine:New fact : isConnected('20','siem_1','Server_subnet_1')
INFO:pyDatalog.pyEngine:subgoal: hostACL(variable_230,variable_231,'www_1','tcp','80'), clause: hostACL('9',variable_231,'www_1','tcp','80') <= isConnected(variable_267,variable_231,variable_269)&isConnected(variable_270,'www_1',variable_269)
INFO:pyDatalog.pyEngine:New fact : isConnected('18','ns_1','DMZ_subnet_1')
INFO:pyDatalog.pyEngine:subgoal: hostACL(variable_230,variable_231,'www_1','tcp','80'), clause: hostACL('9',variable_231,'www_1','tcp','80') <= isConnected(variable_267,variable_231,variable_269)&isConnected(variable_270,'www_1',variable_269)
INFO:pyDatalog.pyEngine:New fact : hostACL('9','ns_1','www_1','tcp','80')
INFO:pyDatalog.pyEngine:subgoal: hasAccount(variable_68,'eve_1','www_1','www_sysuser1_1'), clause: hasAccount('34','eve_1','www_1','www_sysuser1_1') <= hostACL(variable_230,variable_231,'www_1','tcp','80')&hasAccount(variable_232,'eve_1',variable_231,variable_235)
INFO:pyDatalog.pyEngine:New fact : isConnected('17','climate_1','IoT_subnet_1')
INFO:pyDatalog.pyEngine:subgoal: hostACL(variable_230,variable_231,'www_1','tcp','80'), clause: hostACL('9',variable_231,'www_1','tcp','80') <= isConnected(variable_267,variable_231,variable_269)&isConnected(variable_270,'www_1',variable_269)
INFO:pyDatalog.pyEngine:New fact : isConnected('16','cam6_1','IoT_subnet_1')
INFO:pyDatalog.pyEngine:subgoal: hostACL(variable_230,variable_231,'www_1','tcp','80'), clause: hostACL('9',variable_231,'www_1','tcp','80') <= isConnected(variable_267,variable_231,variable_269)&isConnected(variable_270,'www_1',variable_269)
INFO:pyDatalog.pyEngine:New fact : isConnected('15','waf_1','DMZ_subnet_1')
INFO:pyDatalog.pyEngine:subgoal: hostACL(variable_230,variable_231,'www_1','tcp','80'), clause: hostACL('9',variable_231,'www_1','tcp','80') <= isConnected(variable_267,variable_231,variable_269)&isConnected(variable_270,'www_1',variable_269)
INFO:pyDatalog.pyEngine:New fact : hostACL('9','waf_1','www_1','tcp','80')
INFO:pyDatalog.pyEngine:subgoal: hasAccount(variable_68,'eve_1','www_1','www_sysuser1_1'), clause: hasAccount('34','eve_1','www_1','www_sysuser1_1') <= hostACL(variable_230,variable_231,'www_1','tcp','80')&hasAccount(variable_232,'eve_1',variable_231,variable_235)
INFO:pyDatalog.pyEngine:New fact : isConnected('11','cam5_1','Server_subnet_1')
INFO:pyDatalog.pyEngine:subgoal: hostACL(variable_230,variable_231,'www_1','tcp','80'), clause: hostACL('9',variable_231,'www_1','tcp','80') <= isConnected(variable_267,variable_231,variable_269)&isConnected(variable_270,'www_1',variable_269)
INFO:pyDatalog.pyEngine:New fact : isConnected('6','cam1_1','Server_subnet_1')
INFO:pyDatalog.pyEngine:subgoal: hostACL(variable_230,variable_231,'www_1','tcp','80'), clause: hostACL('9',variable_231,'www_1','tcp','80') <= isConnected(variable_267,variable_231,variable_269)&isConnected(variable_270,'www_1',variable_269)
INFO:pyDatalog.pyEngine:New fact : isConnected('3','Firewall_1','IoT_subnet_1')
INFO:pyDatalog.pyEngine:subgoal: hostACL(variable_230,variable_231,'www_1','tcp','80'), clause: hostACL('9',variable_231,'www_1','tcp','80') <= isConnected(variable_267,variable_231,variable_269)&isConnected(variable_270,'www_1',variable_269)
INFO:pyDatalog.pyEngine:New fact : isConnected('3','Firewall_1','DMZ_subnet_1')
INFO:pyDatalog.pyEngine:subgoal: hostACL(variable_230,variable_231,'www_1','tcp','80'), clause: hostACL('9',variable_231,'www_1','tcp','80') <= isConnected(variable_267,variable_231,variable_269)&isConnected(variable_270,'www_1',variable_269)
INFO:pyDatalog.pyEngine:New fact : hostACL('9','Firewall_1','www_1','tcp','80')
INFO:pyDatalog.pyEngine:subgoal: hasAccount(variable_68,'eve_1','www_1','www_sysuser1_1'), clause: hasAccount('34','eve_1','www_1','www_sysuser1_1') <= hostACL(variable_230,variable_231,'www_1','tcp','80')&hasAccount(variable_232,'eve_1',variable_231,variable_235)
INFO:pyDatalog.pyEngine:New fact : isConnected('3','Firewall_1','Outside_subnet_1')
INFO:pyDatalog.pyEngine:subgoal: hostACL(variable_230,variable_231,'www_1','tcp','80'), clause: hostACL('9',variable_231,'www_1','tcp','80') <= isConnected(variable_267,variable_231,variable_269)&isConnected(variable_270,'www_1',variable_269)
INFO:pyDatalog.pyEngine:New fact : isConnected('3','Firewall_1','Server_subnet_1')
INFO:pyDatalog.pyEngine:subgoal: hostACL(variable_230,variable_231,'www_1','tcp','80'), clause: hostACL('9',variable_231,'www_1','tcp','80') <= isConnected(variable_267,variable_231,variable_269)&isConnected(variable_270,'www_1',variable_269)
INFO:pyDatalog.pyEngine:New fact : isConnected('1','videoserver_1','Server_subnet_1')
INFO:pyDatalog.pyEngine:subgoal: hostACL(variable_230,variable_231,'www_1','tcp','80'), clause: hostACL('9',variable_231,'www_1','tcp','80') <= isConnected(variable_267,variable_231,variable_269)&isConnected(variable_270,'www_1',variable_269)
INFO:pyDatalog.pyEngine:New fact : isConnected('33','www_1','DMZ_subnet_1')
INFO:pyDatalog.pyEngine:subgoal: hostACL(variable_230,variable_231,'www_1','tcp','80'), clause: hostACL('8',variable_231,'www_1','tcp','80') <= isConnected(variable_244,'www_1',variable_246)&isConnected(variable_247,variable_231,variable_249)&isConnected(variable_250,variable_251,variable_249)&isRouter(variable_253,variable_251)&existsRoute(variable_255,variable_256,variable_246,variable_251)
INFO:pyDatalog.pyEngine:New fact : isConnected('62','cam2_1','Server_subnet_1')
INFO:pyDatalog.pyEngine:subgoal: hostACL(variable_230,variable_231,'www_1','tcp','80'), clause: hostACL('8','intranet_1','www_1','tcp','80') <= isConnected(variable_250,variable_251,'Server_subnet_1')&isRouter(variable_253,variable_251)&existsRoute(variable_255,variable_256,'DMZ_subnet_1',variable_251)
INFO:pyDatalog.pyEngine:New fact : isConnected('54','cam4_1','Server_subnet_1')
INFO:pyDatalog.pyEngine:subgoal: hostACL(variable_230,variable_231,'www_1','tcp','80'), clause: hostACL('8','intranet_1','www_1','tcp','80') <= isConnected(variable_250,variable_251,'Server_subnet_1')&isRouter(variable_253,variable_251)&existsRoute(variable_255,variable_256,'DMZ_subnet_1',variable_251)
INFO:pyDatalog.pyEngine:New fact : isConnected('21','nas_1','Server_subnet_1')
INFO:pyDatalog.pyEngine:subgoal: hostACL(variable_230,variable_231,'www_1','tcp','80'), clause: hostACL('8','intranet_1','www_1','tcp','80') <= isConnected(variable_250,variable_251,'Server_subnet_1')&isRouter(variable_253,variable_251)&existsRoute(variable_255,variable_256,'DMZ_subnet_1',variable_251)
INFO:pyDatalog.pyEngine:New fact : isConnected('49','db_1','Server_subnet_1')
INFO:pyDatalog.pyEngine:subgoal: hostACL(variable_230,variable_231,'www_1','tcp','80'), clause: hostACL('8','intranet_1','www_1','tcp','80') <= isConnected(variable_250,variable_251,'Server_subnet_1')&isRouter(variable_253,variable_251)&existsRoute(variable_255,variable_256,'DMZ_subnet_1',variable_251)
INFO:pyDatalog.pyEngine:New fact : isConnected('6','cam1_1','Server_subnet_1')
INFO:pyDatalog.pyEngine:subgoal: hostACL(variable_230,variable_231,'www_1','tcp','80'), clause: hostACL('8','intranet_1','www_1','tcp','80') <= isConnected(variable_250,variable_251,'Server_subnet_1')&isRouter(variable_253,variable_251)&existsRoute(variable_255,variable_256,'DMZ_subnet_1',variable_251)
INFO:pyDatalog.pyEngine:New fact : isConnected('11','cam5_1','Server_subnet_1')
INFO:pyDatalog.pyEngine:subgoal: hostACL(variable_230,variable_231,'www_1','tcp','80'), clause: hostACL('8','intranet_1','www_1','tcp','80') <= isConnected(variable_250,variable_251,'Server_subnet_1')&isRouter(variable_253,variable_251)&existsRoute(variable_255,variable_256,'DMZ_subnet_1',variable_251)
INFO:pyDatalog.pyEngine:New fact : isConnected('3','Firewall_1','Server_subnet_1')
INFO:pyDatalog.pyEngine:subgoal: hostACL(variable_230,variable_231,'www_1','tcp','80'), clause: hostACL('8','intranet_1','www_1','tcp','80') <= isConnected(variable_250,variable_251,'Server_subnet_1')&isRouter(variable_253,variable_251)&existsRoute(variable_255,variable_256,'DMZ_subnet_1',variable_251)
INFO:pyDatalog.pyEngine:New fact : isRouter('4','Firewall_1')
INFO:pyDatalog.pyEngine:subgoal: hostACL(variable_230,variable_231,'www_1','tcp','80'), clause: hostACL('8','intranet_1','www_1','tcp','80') <= isRouter(variable_253,'Firewall_1')&existsRoute(variable_255,variable_256,'DMZ_subnet_1','Firewall_1')
INFO:pyDatalog.pyEngine:New fact : existsRoute('2','Outside_subnet_1','DMZ_subnet_1','Firewall_1')
INFO:pyDatalog.pyEngine:subgoal: hostACL(variable_230,variable_231,'www_1','tcp','80'), clause: hostACL('8','intranet_1','www_1','tcp','80') <= existsRoute(variable_255,variable_256,'DMZ_subnet_1','Firewall_1')
INFO:pyDatalog.pyEngine:New fact : hostACL('8','intranet_1','www_1','tcp','80')
INFO:pyDatalog.pyEngine:subgoal: hasAccount(variable_68,'eve_1','www_1','www_sysuser1_1'), clause: hasAccount('34','eve_1','www_1','www_sysuser1_1') <= hostACL(variable_230,variable_231,'www_1','tcp','80')&hasAccount(variable_232,'eve_1',variable_231,variable_235)
INFO:pyDatalog.pyEngine:New fact : existsRoute('2','DMZ_subnet_1','DMZ_subnet_1','Firewall_1')
INFO:pyDatalog.pyEngine:subgoal: hostACL(variable_230,variable_231,'www_1','tcp','80'), clause: hostACL('8','intranet_1','www_1','tcp','80') <= existsRoute(variable_255,variable_256,'DMZ_subnet_1','Firewall_1')
INFO:pyDatalog.pyEngine:New fact : hasUser('26','collab_sysuser1_1','collab_1','None','user')
INFO:pyDatalog.pyEngine:subgoal: hasAccount(variable_232,'eve_1','collab_1',variable_235), clause: hasAccount('10','eve_1','collab_1',variable_235) <= hasUser(variable_345,variable_235,'collab_1',variable_348,variable_349)&knows(variable_350,'eve_1',variable_235)&knows(variable_353,'eve_1',variable_348)
INFO:pyDatalog.pyEngine:New fact : hasUser('29','collab_root_1','collab_1','None','admin')
INFO:pyDatalog.pyEngine:subgoal: hasAccount(variable_232,'eve_1','collab_1',variable_235), clause: hasAccount('10','eve_1','collab_1',variable_235) <= hasUser(variable_345,variable_235,'collab_1',variable_348,variable_349)&knows(variable_350,'eve_1',variable_235)&knows(variable_353,'eve_1',variable_348)
INFO:pyDatalog.pyEngine:New fact : existsRoute('2','IoT_subnet_1','DMZ_subnet_1','Firewall_1')
INFO:pyDatalog.pyEngine:subgoal: hostACL(variable_230,variable_231,'www_1','tcp','80'), clause: hostACL('8','intranet_1','www_1','tcp','80') <= existsRoute(variable_255,variable_256,'DMZ_subnet_1','Firewall_1')
INFO:pyDatalog.pyEngine:New fact : existsRoute('2','Server_subnet_1','DMZ_subnet_1','Firewall_1')
INFO:pyDatalog.pyEngine:subgoal: hostACL(variable_230,variable_231,'www_1','tcp','80'), clause: hostACL('8','intranet_1','www_1','tcp','80') <= existsRoute(variable_255,variable_256,'DMZ_subnet_1','Firewall_1')
INFO:pyDatalog.pyEngine:New fact : hasUser('12','waf_root_1','waf_1','None','admin')
INFO:pyDatalog.pyEngine:subgoal: hasAccount(variable_232,'eve_1','waf_1',variable_235), clause: hasAccount('10','eve_1','waf_1',variable_235) <= hasUser(variable_395,variable_235,'waf_1',variable_398,variable_399)&knows(variable_400,'eve_1',variable_235)&knows(variable_403,'eve_1',variable_398)
INFO:pyDatalog.pyEngine:New fact : hasUser('14','waf_sysuser1_1','waf_1','None','user')
INFO:pyDatalog.pyEngine:subgoal: hasAccount(variable_232,'eve_1','waf_1',variable_235), clause: hasAccount('10','eve_1','waf_1',variable_235) <= hasUser(variable_395,variable_235,'waf_1',variable_398,variable_399)&knows(variable_400,'eve_1',variable_235)&knows(variable_403,'eve_1',variable_398)
INFO:pyDatalog.pyEngine:New fact : isConnected('3','Firewall_1','DMZ_subnet_1')
INFO:pyDatalog.pyEngine:subgoal: existsRoute(variable_255,variable_256,'DMZ_subnet_1','Firewall_1'), clause: existsRoute('7',variable_256,'DMZ_subnet_1','Firewall_1') <= isConnected(variable_284,'Firewall_1',variable_256)&isConnected(variable_287,'Firewall_1','DMZ_subnet_1')&isRouter(variable_290,'Firewall_1')
INFO:pyDatalog.pyEngine:New fact : isConnected('3','Firewall_1','IoT_subnet_1')
INFO:pyDatalog.pyEngine:subgoal: existsRoute(variable_255,variable_256,'DMZ_subnet_1','Firewall_1'), clause: existsRoute('7',variable_256,'DMZ_subnet_1','Firewall_1') <= isConnected(variable_284,'Firewall_1',variable_256)&isConnected(variable_287,'Firewall_1','DMZ_subnet_1')&isRouter(variable_290,'Firewall_1')
INFO:pyDatalog.pyEngine:New fact : isConnected('3','Firewall_1','Outside_subnet_1')
INFO:pyDatalog.pyEngine:subgoal: existsRoute(variable_255,variable_256,'DMZ_subnet_1','Firewall_1'), clause: existsRoute('7',variable_256,'DMZ_subnet_1','Firewall_1') <= isConnected(variable_284,'Firewall_1',variable_256)&isConnected(variable_287,'Firewall_1','DMZ_subnet_1')&isRouter(variable_290,'Firewall_1')
INFO:pyDatalog.pyEngine:New fact : isConnected('3','Firewall_1','Server_subnet_1')
INFO:pyDatalog.pyEngine:subgoal: existsRoute(variable_255,variable_256,'DMZ_subnet_1','Firewall_1'), clause: existsRoute('7',variable_256,'DMZ_subnet_1','Firewall_1') <= isConnected(variable_284,'Firewall_1',variable_256)&isConnected(variable_287,'Firewall_1','DMZ_subnet_1')&isRouter(variable_290,'Firewall_1')
INFO:pyDatalog.pyEngine:New fact : isConnected('3','Firewall_1','DMZ_subnet_1')
INFO:pyDatalog.pyEngine:subgoal: existsRoute(variable_255,variable_256,'DMZ_subnet_1','Firewall_1'), clause: existsRoute('7','DMZ_subnet_1','DMZ_subnet_1','Firewall_1') <= isConnected(variable_287,'Firewall_1','DMZ_subnet_1')&isRouter(variable_290,'Firewall_1')
INFO:pyDatalog.pyEngine:New fact : existsRoute('7','DMZ_subnet_1','DMZ_subnet_1','Firewall_1')
INFO:pyDatalog.pyEngine:subgoal: hostACL(variable_230,variable_231,'www_1','tcp','80'), clause: hostACL('8','intranet_1','www_1','tcp','80') <= existsRoute(variable_255,variable_256,'DMZ_subnet_1','Firewall_1')
INFO:pyDatalog.pyEngine:New fact : existsRoute('7','IoT_subnet_1','DMZ_subnet_1','Firewall_1')
INFO:pyDatalog.pyEngine:subgoal: hostACL(variable_230,variable_231,'www_1','tcp','80'), clause: hostACL('8','intranet_1','www_1','tcp','80') <= existsRoute(variable_255,variable_256,'DMZ_subnet_1','Firewall_1')
INFO:pyDatalog.pyEngine:New fact : existsRoute('7','Outside_subnet_1','DMZ_subnet_1','Firewall_1')
INFO:pyDatalog.pyEngine:subgoal: hostACL(variable_230,variable_231,'www_1','tcp','80'), clause: hostACL('8','intranet_1','www_1','tcp','80') <= existsRoute(variable_255,variable_256,'DMZ_subnet_1','Firewall_1')
INFO:pyDatalog.pyEngine:New fact : existsRoute('7','Server_subnet_1','DMZ_subnet_1','Firewall_1')
INFO:pyDatalog.pyEngine:subgoal: hostACL(variable_230,variable_231,'www_1','tcp','80'), clause: hostACL('8','intranet_1','www_1','tcp','80') <= existsRoute(variable_255,variable_256,'DMZ_subnet_1','Firewall_1')
INFO:pyDatalog.pyEngine:New fact : isConnected('3','Firewall_1','Outside_subnet_1')
INFO:pyDatalog.pyEngine:subgoal: existsRoute(variable_255,variable_256,'DMZ_subnet_1','Firewall_1'), clause: existsRoute('5','Outside_subnet_1','DMZ_subnet_1','Firewall_1') <= isConnected(variable_274,variable_275,'Outside_subnet_1')&isRouter(variable_276,variable_275)&existsRoute(variable_278,'Outside_subnet_1','DMZ_subnet_1',variable_275)
INFO:pyDatalog.pyEngine:New fact : isConnected('60','Provider_1','Outside_subnet_1')
INFO:pyDatalog.pyEngine:subgoal: existsRoute(variable_255,variable_256,'DMZ_subnet_1','Firewall_1'), clause: existsRoute('5','Outside_subnet_1','DMZ_subnet_1','Firewall_1') <= isConnected(variable_274,variable_275,'Outside_subnet_1')&isRouter(variable_276,variable_275)&existsRoute(variable_278,'Outside_subnet_1','DMZ_subnet_1',variable_275)
INFO:pyDatalog.pyEngine:New fact : isRouter('61','Provider_1')
INFO:pyDatalog.pyEngine:subgoal: existsRoute(variable_255,variable_256,'DMZ_subnet_1','Firewall_1'), clause: existsRoute('5','Outside_subnet_1','DMZ_subnet_1','Firewall_1') <= isRouter(variable_276,'Provider_1')&existsRoute(variable_278,'Outside_subnet_1','DMZ_subnet_1','Provider_1')
INFO:pyDatalog.pyEngine:New fact : existsRoute('2','Outside_subnet_1','DMZ_subnet_1','Firewall_1')
INFO:pyDatalog.pyEngine:subgoal: existsRoute(variable_255,variable_256,'DMZ_subnet_1','Firewall_1'), clause: existsRoute('5','Outside_subnet_1','DMZ_subnet_1','Firewall_1') <= existsRoute(variable_278,'Outside_subnet_1','DMZ_subnet_1','Firewall_1')
INFO:pyDatalog.pyEngine:New fact : existsRoute('58','Outside_subnet_1','DMZ_subnet_1','Provider_1')
INFO:pyDatalog.pyEngine:subgoal: existsRoute(variable_255,variable_256,'DMZ_subnet_1','Firewall_1'), clause: existsRoute('5','Outside_subnet_1','DMZ_subnet_1','Firewall_1') <= existsRoute(variable_278,'Outside_subnet_1','DMZ_subnet_1','Provider_1')
INFO:pyDatalog.pyEngine:New fact : isConnected('3','Firewall_1','Outside_subnet_1')
INFO:pyDatalog.pyEngine:subgoal: existsRoute(variable_278,'Outside_subnet_1','DMZ_subnet_1','Firewall_1'), clause: existsRoute('7','Outside_subnet_1','DMZ_subnet_1','Firewall_1') <= isConnected(variable_722,'Firewall_1','Outside_subnet_1')&isConnected(variable_725,'Firewall_1','DMZ_subnet_1')&isRouter(variable_728,'Firewall_1')
INFO:pyDatalog.pyEngine:New fact : existsRoute('5','Outside_subnet_1','DMZ_subnet_1','Firewall_1')
INFO:pyDatalog.pyEngine:subgoal: hostACL(variable_230,variable_231,'www_1','tcp','80'), clause: hostACL('8','intranet_1','www_1','tcp','80') <= existsRoute(variable_255,variable_256,'DMZ_subnet_1','Firewall_1')
INFO:pyDatalog.pyEngine:New fact : isConnected('60','Provider_1','Outside_subnet_1')
INFO:pyDatalog.pyEngine:subgoal: existsRoute(variable_278,'Outside_subnet_1','DMZ_subnet_1','Provider_1'), clause: existsRoute('7','Outside_subnet_1','DMZ_subnet_1','Provider_1') <= isConnected(variable_741,'Provider_1','Outside_subnet_1')&isConnected(variable_744,'Provider_1','DMZ_subnet_1')&isRouter(variable_747,'Provider_1')
INFO:pyDatalog.pyEngine:New fact : existsRoute('7','Outside_subnet_1','DMZ_subnet_1','Firewall_1')
INFO:pyDatalog.pyEngine:subgoal: existsRoute(variable_255,variable_256,'DMZ_subnet_1','Firewall_1'), clause: existsRoute('5','Outside_subnet_1','DMZ_subnet_1','Firewall_1') <= existsRoute(variable_278,'Outside_subnet_1','DMZ_subnet_1','Firewall_1')
INFO:pyDatalog.pyEngine:New fact : existsRoute('5','Outside_subnet_1','DMZ_subnet_1','Firewall_1')
INFO:pyDatalog.pyEngine:subgoal: existsRoute(variable_255,variable_256,'DMZ_subnet_1','Firewall_1'), clause: existsRoute('5','Outside_subnet_1','DMZ_subnet_1','Firewall_1') <= existsRoute(variable_278,'Outside_subnet_1','DMZ_subnet_1','Firewall_1')
INFO:pyDatalog.pyEngine:subgoal: existsRoute(variable_278,'Outside_subnet_1','DMZ_subnet_1','Firewall_1'), clause: existsRoute('5','Outside_subnet_1','DMZ_subnet_1','Firewall_1') <= existsRoute(variable_716,'Outside_subnet_1','DMZ_subnet_1','Firewall_1')
INFO:pyDatalog.pyEngine:New fact : isConnected('24','intranet_1','Server_subnet_1')
INFO:pyDatalog.pyEngine:subgoal: hostACL(variable_230,variable_231,'www_1','tcp','80'), clause: hostACL('8','intranet_1','www_1','tcp','80') <= isConnected(variable_250,variable_251,'Server_subnet_1')&isRouter(variable_253,variable_251)&existsRoute(variable_255,variable_256,'DMZ_subnet_1',variable_251)
INFO:pyDatalog.pyEngine:New fact : isConnected('20','siem_1','Server_subnet_1')
INFO:pyDatalog.pyEngine:subgoal: hostACL(variable_230,variable_231,'www_1','tcp','80'), clause: hostACL('8','intranet_1','www_1','tcp','80') <= isConnected(variable_250,variable_251,'Server_subnet_1')&isRouter(variable_253,variable_251)&existsRoute(variable_255,variable_256,'DMZ_subnet_1',variable_251)
INFO:pyDatalog.pyEngine:New fact : isConnected('43','cam3_1','Server_subnet_1')
INFO:pyDatalog.pyEngine:subgoal: hostACL(variable_230,variable_231,'www_1','tcp','80'), clause: hostACL('8','intranet_1','www_1','tcp','80') <= isConnected(variable_250,variable_251,'Server_subnet_1')&isRouter(variable_253,variable_251)&existsRoute(variable_255,variable_256,'DMZ_subnet_1',variable_251)
INFO:pyDatalog.pyEngine:New fact : isConnected('31','dc_1','Server_subnet_1')
INFO:pyDatalog.pyEngine:subgoal: hostACL(variable_230,variable_231,'www_1','tcp','80'), clause: hostACL('8','intranet_1','www_1','tcp','80') <= isConnected(variable_250,variable_251,'Server_subnet_1')&isRouter(variable_253,variable_251)&existsRoute(variable_255,variable_256,'DMZ_subnet_1',variable_251)
INFO:pyDatalog.pyEngine:New fact : isConnected('30','ids_1','Server_subnet_1')
INFO:pyDatalog.pyEngine:subgoal: hostACL(variable_230,variable_231,'www_1','tcp','80'), clause: hostACL('8','intranet_1','www_1','tcp','80') <= isConnected(variable_250,variable_251,'Server_subnet_1')&isRouter(variable_253,variable_251)&existsRoute(variable_255,variable_256,'DMZ_subnet_1',variable_251)
INFO:pyDatalog.pyEngine:New fact : isConnected('1','videoserver_1','Server_subnet_1')
INFO:pyDatalog.pyEngine:subgoal: hostACL(variable_230,variable_231,'www_1','tcp','80'), clause: hostACL('8','intranet_1','www_1','tcp','80') <= isConnected(variable_250,variable_251,'Server_subnet_1')&isRouter(variable_253,variable_251)&existsRoute(variable_255,variable_256,'DMZ_subnet_1',variable_251)
INFO:pyDatalog.pyEngine:New fact : hostACL('8','videoserver_1','www_1','tcp','80')
INFO:pyDatalog.pyEngine:subgoal: hasAccount(variable_68,'eve_1','www_1','www_sysuser1_1'), clause: hasAccount('34','eve_1','www_1','www_sysuser1_1') <= hostACL(variable_230,variable_231,'www_1','tcp','80')&hasAccount(variable_232,'eve_1',variable_231,variable_235)
INFO:pyDatalog.pyEngine:subgoal: hasAccount(variable_232,'eve_1','www_1',variable_235), clause: hasAccount('34','eve_1','www_1','www_sysuser1_1') <= hostACL(variable_311,variable_312,'www_1','tcp','80')&hasAccount(variable_313,'eve_1',variable_312,variable_316)
INFO:pyDatalog.pyEngine:New fact : isConnected('53','elev_1','IoT_subnet_1')
INFO:pyDatalog.pyEngine:subgoal: hostACL(variable_230,variable_231,'www_1','tcp','80'), clause: hostACL('8','climate_1','www_1','tcp','80') <= isConnected(variable_250,variable_251,'IoT_subnet_1')&isRouter(variable_253,variable_251)&existsRoute(variable_255,variable_256,'DMZ_subnet_1',variable_251)
INFO:pyDatalog.pyEngine:New fact : isConnected('3','Firewall_1','IoT_subnet_1')
INFO:pyDatalog.pyEngine:subgoal: hostACL(variable_230,variable_231,'www_1','tcp','80'), clause: hostACL('8','climate_1','www_1','tcp','80') <= isConnected(variable_250,variable_251,'IoT_subnet_1')&isRouter(variable_253,variable_251)&existsRoute(variable_255,variable_256,'DMZ_subnet_1',variable_251)
INFO:pyDatalog.pyEngine:New fact : hostACL('8','climate_1','www_1','tcp','80')
INFO:pyDatalog.pyEngine:subgoal: hasAccount(variable_68,'eve_1','www_1','www_sysuser1_1'), clause: hasAccount('34','eve_1','www_1','www_sysuser1_1') <= hostACL(variable_230,variable_231,'www_1','tcp','80')&hasAccount(variable_232,'eve_1',variable_231,variable_235)
INFO:pyDatalog.pyEngine:subgoal: hasAccount(variable_232,'eve_1','www_1',variable_235), clause: hasAccount('34','eve_1','www_1','www_sysuser1_1') <= hostACL(variable_311,variable_312,'www_1','tcp','80')&hasAccount(variable_313,'eve_1',variable_312,variable_316)
INFO:pyDatalog.pyEngine:New fact : isConnected('25','alarm_1','IoT_subnet_1')
INFO:pyDatalog.pyEngine:subgoal: hostACL(variable_230,variable_231,'www_1','tcp','80'), clause: hostACL('8','climate_1','www_1','tcp','80') <= isConnected(variable_250,variable_251,'IoT_subnet_1')&isRouter(variable_253,variable_251)&existsRoute(variable_255,variable_256,'DMZ_subnet_1',variable_251)
INFO:pyDatalog.pyEngine:New fact : isConnected('42','hmi_1','IoT_subnet_1')
INFO:pyDatalog.pyEngine:subgoal: hostACL(variable_230,variable_231,'www_1','tcp','80'), clause: hostACL('8','climate_1','www_1','tcp','80') <= isConnected(variable_250,variable_251,'IoT_subnet_1')&isRouter(variable_253,variable_251)&existsRoute(variable_255,variable_256,'DMZ_subnet_1',variable_251)
INFO:pyDatalog.pyEngine:New fact : isConnected('16','cam6_1','IoT_subnet_1')
INFO:pyDatalog.pyEngine:subgoal: hostACL(variable_230,variable_231,'www_1','tcp','80'), clause: hostACL('8','climate_1','www_1','tcp','80') <= isConnected(variable_250,variable_251,'IoT_subnet_1')&isRouter(variable_253,variable_251)&existsRoute(variable_255,variable_256,'DMZ_subnet_1',variable_251)
INFO:pyDatalog.pyEngine:New fact : isConnected('17','climate_1','IoT_subnet_1')
INFO:pyDatalog.pyEngine:subgoal: hostACL(variable_230,variable_231,'www_1','tcp','80'), clause: hostACL('8','climate_1','www_1','tcp','80') <= isConnected(variable_250,variable_251,'IoT_subnet_1')&isRouter(variable_253,variable_251)&existsRoute(variable_255,variable_256,'DMZ_subnet_1',variable_251)
INFO:pyDatalog.pyEngine:New fact : isConnected('18','ns_1','DMZ_subnet_1')
INFO:pyDatalog.pyEngine:subgoal: hostACL(variable_230,variable_231,'www_1','tcp','80'), clause: hostACL('8','www_1','www_1','tcp','80') <= isConnected(variable_250,variable_251,'DMZ_subnet_1')&isRouter(variable_253,variable_251)&existsRoute(variable_255,variable_256,'DMZ_subnet_1',variable_251)
INFO:pyDatalog.pyEngine:New fact : isConnected('32','ftp_1','DMZ_subnet_1')
INFO:pyDatalog.pyEngine:subgoal: hostACL(variable_230,variable_231,'www_1','tcp','80'), clause: hostACL('8','www_1','www_1','tcp','80') <= isConnected(variable_250,variable_251,'DMZ_subnet_1')&isRouter(variable_253,variable_251)&existsRoute(variable_255,variable_256,'DMZ_subnet_1',variable_251)
INFO:pyDatalog.pyEngine:New fact : isConnected('15','waf_1','DMZ_subnet_1')
INFO:pyDatalog.pyEngine:subgoal: hostACL(variable_230,variable_231,'www_1','tcp','80'), clause: hostACL('8','www_1','www_1','tcp','80') <= isConnected(variable_250,variable_251,'DMZ_subnet_1')&isRouter(variable_253,variable_251)&existsRoute(variable_255,variable_256,'DMZ_subnet_1',variable_251)
INFO:pyDatalog.pyEngine:New fact : isConnected('3','Firewall_1','DMZ_subnet_1')
INFO:pyDatalog.pyEngine:subgoal: hostACL(variable_230,variable_231,'www_1','tcp','80'), clause: hostACL('8','www_1','www_1','tcp','80') <= isConnected(variable_250,variable_251,'DMZ_subnet_1')&isRouter(variable_253,variable_251)&existsRoute(variable_255,variable_256,'DMZ_subnet_1',variable_251)
INFO:pyDatalog.pyEngine:New fact : hostACL('8','www_1','www_1','tcp','80')
INFO:pyDatalog.pyEngine:subgoal: hasAccount(variable_68,'eve_1','www_1','www_sysuser1_1'), clause: hasAccount('34','eve_1','www_1','www_sysuser1_1') <= hostACL(variable_230,variable_231,'www_1','tcp','80')&hasAccount(variable_232,'eve_1',variable_231,variable_235)
INFO:pyDatalog.pyEngine:subgoal: hasAccount(variable_232,'eve_1','www_1',variable_235), clause: hasAccount('34','eve_1','www_1','www_sysuser1_1') <= hostACL(variable_311,variable_312,'www_1','tcp','80')&hasAccount(variable_313,'eve_1',variable_312,variable_316)
INFO:pyDatalog.pyEngine:New fact : isConnected('33','www_1','DMZ_subnet_1')
INFO:pyDatalog.pyEngine:subgoal: hostACL(variable_230,variable_231,'www_1','tcp','80'), clause: hostACL('8','www_1','www_1','tcp','80') <= isConnected(variable_250,variable_251,'DMZ_subnet_1')&isRouter(variable_253,variable_251)&existsRoute(variable_255,variable_256,'DMZ_subnet_1',variable_251)
INFO:pyDatalog.pyEngine:New fact : isConnected('28','collab_1','DMZ_subnet_1')
INFO:pyDatalog.pyEngine:subgoal: hostACL(variable_230,variable_231,'www_1','tcp','80'), clause: hostACL('8','www_1','www_1','tcp','80') <= isConnected(variable_250,variable_251,'DMZ_subnet_1')&isRouter(variable_253,variable_251)&existsRoute(variable_255,variable_256,'DMZ_subnet_1',variable_251)
INFO:pyDatalog.pyEngine:New fact : hostACL('8','Firewall_1','www_1','tcp','80')
INFO:pyDatalog.pyEngine:subgoal: hasAccount(variable_68,'eve_1','www_1','www_sysuser1_1'), clause: hasAccount('34','eve_1','www_1','www_sysuser1_1') <= hostACL(variable_230,variable_231,'www_1','tcp','80')&hasAccount(variable_232,'eve_1',variable_231,variable_235)
INFO:pyDatalog.pyEngine:subgoal: hasAccount(variable_232,'eve_1','www_1',variable_235), clause: hasAccount('34','eve_1','www_1','www_sysuser1_1') <= hostACL(variable_311,variable_312,'www_1','tcp','80')&hasAccount(variable_313,'eve_1',variable_312,variable_316)
INFO:pyDatalog.pyEngine:New fact : isConnected('57','client_1','Simint1_subnet_1')
INFO:pyDatalog.pyEngine:subgoal: hostACL(variable_230,variable_231,'www_1','tcp','80'), clause: hostACL('8','root-ns_1','www_1','tcp','80') <= isConnected(variable_250,variable_251,'Simint1_subnet_1')&isRouter(variable_253,variable_251)&existsRoute(variable_255,variable_256,'DMZ_subnet_1',variable_251)
INFO:pyDatalog.pyEngine:New fact : isConnected('23','root-ns_1','Simint1_subnet_1')
INFO:pyDatalog.pyEngine:subgoal: hostACL(variable_230,variable_231,'www_1','tcp','80'), clause: hostACL('8','root-ns_1','www_1','tcp','80') <= isConnected(variable_250,variable_251,'Simint1_subnet_1')&isRouter(variable_253,variable_251)&existsRoute(variable_255,variable_256,'DMZ_subnet_1',variable_251)
INFO:pyDatalog.pyEngine:New fact : isConnected('60','Provider_1','Simint1_subnet_1')
INFO:pyDatalog.pyEngine:subgoal: hostACL(variable_230,variable_231,'www_1','tcp','80'), clause: hostACL('8','root-ns_1','www_1','tcp','80') <= isConnected(variable_250,variable_251,'Simint1_subnet_1')&isRouter(variable_253,variable_251)&existsRoute(variable_255,variable_256,'DMZ_subnet_1',variable_251)
INFO:pyDatalog.pyEngine:New fact : existsRoute('58','Outside_subnet_1','DMZ_subnet_1','Provider_1')
INFO:pyDatalog.pyEngine:subgoal: hostACL(variable_230,variable_231,'www_1','tcp','80'), clause: hostACL('8','root-ns_1','www_1','tcp','80') <= existsRoute(variable_255,variable_256,'DMZ_subnet_1','Provider_1')
INFO:pyDatalog.pyEngine:New fact : hostACL('8','root-ns_1','www_1','tcp','80')
INFO:pyDatalog.pyEngine:subgoal: hasAccount(variable_68,'eve_1','www_1','www_sysuser1_1'), clause: hasAccount('34','eve_1','www_1','www_sysuser1_1') <= hostACL(variable_230,variable_231,'www_1','tcp','80')&hasAccount(variable_232,'eve_1',variable_231,variable_235)
INFO:pyDatalog.pyEngine:subgoal: hasAccount(variable_232,'eve_1','www_1',variable_235), clause: hasAccount('34','eve_1','www_1','www_sysuser1_1') <= hostACL(variable_311,variable_312,'www_1','tcp','80')&hasAccount(variable_313,'eve_1',variable_312,variable_316)
INFO:pyDatalog.pyEngine:New fact : isConnected('60','Provider_1','Extnet_subnet_1')
INFO:pyDatalog.pyEngine:subgoal: existsRoute(variable_255,variable_256,'DMZ_subnet_1','Provider_1'), clause: existsRoute('7',variable_256,'DMZ_subnet_1','Provider_1') <= isConnected(variable_760,'Provider_1',variable_256)&isConnected(variable_763,'Provider_1','DMZ_subnet_1')&isRouter(variable_766,'Provider_1')
INFO:pyDatalog.pyEngine:New fact : isConnected('60','Provider_1','Simint1_subnet_1')
INFO:pyDatalog.pyEngine:subgoal: existsRoute(variable_255,variable_256,'DMZ_subnet_1','Provider_1'), clause: existsRoute('7',variable_256,'DMZ_subnet_1','Provider_1') <= isConnected(variable_760,'Provider_1',variable_256)&isConnected(variable_763,'Provider_1','DMZ_subnet_1')&isRouter(variable_766,'Provider_1')
INFO:pyDatalog.pyEngine:New fact : isConnected('60','Provider_1','Outside_subnet_1')
INFO:pyDatalog.pyEngine:subgoal: existsRoute(variable_255,variable_256,'DMZ_subnet_1','Provider_1'), clause: existsRoute('7',variable_256,'DMZ_subnet_1','Provider_1') <= isConnected(variable_760,'Provider_1',variable_256)&isConnected(variable_763,'Provider_1','DMZ_subnet_1')&isRouter(variable_766,'Provider_1')
INFO:pyDatalog.pyEngine:New fact : hostACL('8','cam6_1','www_1','tcp','80')
INFO:pyDatalog.pyEngine:subgoal: hasAccount(variable_68,'eve_1','www_1','www_sysuser1_1'), clause: hasAccount('34','eve_1','www_1','www_sysuser1_1') <= hostACL(variable_230,variable_231,'www_1','tcp','80')&hasAccount(variable_232,'eve_1',variable_231,variable_235)
INFO:pyDatalog.pyEngine:subgoal: hasAccount(variable_232,'eve_1','www_1',variable_235), clause: hasAccount('34','eve_1','www_1','www_sysuser1_1') <= hostACL(variable_311,variable_312,'www_1','tcp','80')&hasAccount(variable_313,'eve_1',variable_312,variable_316)
INFO:pyDatalog.pyEngine:New fact : hostACL('8','alarm_1','www_1','tcp','80')
INFO:pyDatalog.pyEngine:subgoal: hasAccount(variable_68,'eve_1','www_1','www_sysuser1_1'), clause: hasAccount('34','eve_1','www_1','www_sysuser1_1') <= hostACL(variable_230,variable_231,'www_1','tcp','80')&hasAccount(variable_232,'eve_1',variable_231,variable_235)
INFO:pyDatalog.pyEngine:subgoal: hasAccount(variable_232,'eve_1','www_1',variable_235), clause: hasAccount('34','eve_1','www_1','www_sysuser1_1') <= hostACL(variable_311,variable_312,'www_1','tcp','80')&hasAccount(variable_313,'eve_1',variable_312,variable_316)
INFO:pyDatalog.pyEngine:New fact : hostACL('8','cam1_1','www_1','tcp','80')
INFO:pyDatalog.pyEngine:subgoal: hasAccount(variable_68,'eve_1','www_1','www_sysuser1_1'), clause: hasAccount('34','eve_1','www_1','www_sysuser1_1') <= hostACL(variable_230,variable_231,'www_1','tcp','80')&hasAccount(variable_232,'eve_1',variable_231,variable_235)
INFO:pyDatalog.pyEngine:subgoal: hasAccount(variable_232,'eve_1','www_1',variable_235), clause: hasAccount('34','eve_1','www_1','www_sysuser1_1') <= hostACL(variable_311,variable_312,'www_1','tcp','80')&hasAccount(variable_313,'eve_1',variable_312,variable_316)
INFO:pyDatalog.pyEngine:New fact : hostACL('8','waf_1','www_1','tcp','80')
INFO:pyDatalog.pyEngine:subgoal: hasAccount(variable_68,'eve_1','www_1','www_sysuser1_1'), clause: hasAccount('34','eve_1','www_1','www_sysuser1_1') <= hostACL(variable_230,variable_231,'www_1','tcp','80')&hasAccount(variable_232,'eve_1',variable_231,variable_235)
INFO:pyDatalog.pyEngine:subgoal: hasAccount(variable_232,'eve_1','www_1',variable_235), clause: hasAccount('34','eve_1','www_1','www_sysuser1_1') <= hostACL(variable_311,variable_312,'www_1','tcp','80')&hasAccount(variable_313,'eve_1',variable_312,variable_316)
INFO:pyDatalog.pyEngine:New fact : hostACL('8','hmi_1','www_1','tcp','80')
INFO:pyDatalog.pyEngine:subgoal: hasAccount(variable_68,'eve_1','www_1','www_sysuser1_1'), clause: hasAccount('34','eve_1','www_1','www_sysuser1_1') <= hostACL(variable_230,variable_231,'www_1','tcp','80')&hasAccount(variable_232,'eve_1',variable_231,variable_235)
INFO:pyDatalog.pyEngine:subgoal: hasAccount(variable_232,'eve_1','www_1',variable_235), clause: hasAccount('34','eve_1','www_1','www_sysuser1_1') <= hostACL(variable_311,variable_312,'www_1','tcp','80')&hasAccount(variable_313,'eve_1',variable_312,variable_316)
INFO:pyDatalog.pyEngine:New fact : hostACL('8','cam4_1','www_1','tcp','80')
INFO:pyDatalog.pyEngine:subgoal: hasAccount(variable_68,'eve_1','www_1','www_sysuser1_1'), clause: hasAccount('34','eve_1','www_1','www_sysuser1_1') <= hostACL(variable_230,variable_231,'www_1','tcp','80')&hasAccount(variable_232,'eve_1',variable_231,variable_235)
INFO:pyDatalog.pyEngine:subgoal: hasAccount(variable_232,'eve_1','www_1',variable_235), clause: hasAccount('34','eve_1','www_1','www_sysuser1_1') <= hostACL(variable_311,variable_312,'www_1','tcp','80')&hasAccount(variable_313,'eve_1',variable_312,variable_316)
INFO:pyDatalog.pyEngine:New fact : hostACL('8','nas_1','www_1','tcp','80')
INFO:pyDatalog.pyEngine:subgoal: hasAccount(variable_68,'eve_1','www_1','www_sysuser1_1'), clause: hasAccount('34','eve_1','www_1','www_sysuser1_1') <= hostACL(variable_230,variable_231,'www_1','tcp','80')&hasAccount(variable_232,'eve_1',variable_231,variable_235)
INFO:pyDatalog.pyEngine:subgoal: hasAccount(variable_232,'eve_1','www_1',variable_235), clause: hasAccount('34','eve_1','www_1','www_sysuser1_1') <= hostACL(variable_311,variable_312,'www_1','tcp','80')&hasAccount(variable_313,'eve_1',variable_312,variable_316)
INFO:pyDatalog.pyEngine:New fact : hostACL('8','dc_1','www_1','tcp','80')
INFO:pyDatalog.pyEngine:subgoal: hasAccount(variable_68,'eve_1','www_1','www_sysuser1_1'), clause: hasAccount('34','eve_1','www_1','www_sysuser1_1') <= hostACL(variable_230,variable_231,'www_1','tcp','80')&hasAccount(variable_232,'eve_1',variable_231,variable_235)
INFO:pyDatalog.pyEngine:subgoal: hasAccount(variable_232,'eve_1','www_1',variable_235), clause: hasAccount('34','eve_1','www_1','www_sysuser1_1') <= hostACL(variable_311,variable_312,'www_1','tcp','80')&hasAccount(variable_313,'eve_1',variable_312,variable_316)
INFO:pyDatalog.pyEngine:New fact : hostACL('8','client_1','www_1','tcp','80')
INFO:pyDatalog.pyEngine:subgoal: hasAccount(variable_68,'eve_1','www_1','www_sysuser1_1'), clause: hasAccount('34','eve_1','www_1','www_sysuser1_1') <= hostACL(variable_230,variable_231,'www_1','tcp','80')&hasAccount(variable_232,'eve_1',variable_231,variable_235)
INFO:pyDatalog.pyEngine:subgoal: hasAccount(variable_232,'eve_1','www_1',variable_235), clause: hasAccount('34','eve_1','www_1','www_sysuser1_1') <= hostACL(variable_311,variable_312,'www_1','tcp','80')&hasAccount(variable_313,'eve_1',variable_312,variable_316)
INFO:pyDatalog.pyEngine:New fact : hostACL('8','ftp_1','www_1','tcp','80')
INFO:pyDatalog.pyEngine:subgoal: hasAccount(variable_68,'eve_1','www_1','www_sysuser1_1'), clause: hasAccount('34','eve_1','www_1','www_sysuser1_1') <= hostACL(variable_230,variable_231,'www_1','tcp','80')&hasAccount(variable_232,'eve_1',variable_231,variable_235)
INFO:pyDatalog.pyEngine:subgoal: hasAccount(variable_232,'eve_1','www_1',variable_235), clause: hasAccount('34','eve_1','www_1','www_sysuser1_1') <= hostACL(variable_311,variable_312,'www_1','tcp','80')&hasAccount(variable_313,'eve_1',variable_312,variable_316)
INFO:pyDatalog.pyEngine:New fact : hostACL('8','cam3_1','www_1','tcp','80')
INFO:pyDatalog.pyEngine:subgoal: hasAccount(variable_68,'eve_1','www_1','www_sysuser1_1'), clause: hasAccount('34','eve_1','www_1','www_sysuser1_1') <= hostACL(variable_230,variable_231,'www_1','tcp','80')&hasAccount(variable_232,'eve_1',variable_231,variable_235)
INFO:pyDatalog.pyEngine:subgoal: hasAccount(variable_232,'eve_1','www_1',variable_235), clause: hasAccount('34','eve_1','www_1','www_sysuser1_1') <= hostACL(variable_311,variable_312,'www_1','tcp','80')&hasAccount(variable_313,'eve_1',variable_312,variable_316)
INFO:pyDatalog.pyEngine:New fact : hostACL('8','cam5_1','www_1','tcp','80')
INFO:pyDatalog.pyEngine:subgoal: hasAccount(variable_68,'eve_1','www_1','www_sysuser1_1'), clause: hasAccount('34','eve_1','www_1','www_sysuser1_1') <= hostACL(variable_230,variable_231,'www_1','tcp','80')&hasAccount(variable_232,'eve_1',variable_231,variable_235)
INFO:pyDatalog.pyEngine:subgoal: hasAccount(variable_232,'eve_1','www_1',variable_235), clause: hasAccount('34','eve_1','www_1','www_sysuser1_1') <= hostACL(variable_311,variable_312,'www_1','tcp','80')&hasAccount(variable_313,'eve_1',variable_312,variable_316)
INFO:pyDatalog.pyEngine:New fact : hostACL('8','Provider_1','www_1','tcp','80')
INFO:pyDatalog.pyEngine:subgoal: hasAccount(variable_68,'eve_1','www_1','www_sysuser1_1'), clause: hasAccount('34','eve_1','www_1','www_sysuser1_1') <= hostACL(variable_230,variable_231,'www_1','tcp','80')&hasAccount(variable_232,'eve_1',variable_231,variable_235)
INFO:pyDatalog.pyEngine:subgoal: hasAccount(variable_232,'eve_1','www_1',variable_235), clause: hasAccount('34','eve_1','www_1','www_sysuser1_1') <= hostACL(variable_311,variable_312,'www_1','tcp','80')&hasAccount(variable_313,'eve_1',variable_312,variable_316)
INFO:pyDatalog.pyEngine:New fact : hostACL('8','db_1','www_1','tcp','80')
INFO:pyDatalog.pyEngine:subgoal: hasAccount(variable_68,'eve_1','www_1','www_sysuser1_1'), clause: hasAccount('34','eve_1','www_1','www_sysuser1_1') <= hostACL(variable_230,variable_231,'www_1','tcp','80')&hasAccount(variable_232,'eve_1',variable_231,variable_235)
INFO:pyDatalog.pyEngine:subgoal: hasAccount(variable_232,'eve_1','www_1',variable_235), clause: hasAccount('34','eve_1','www_1','www_sysuser1_1') <= hostACL(variable_311,variable_312,'www_1','tcp','80')&hasAccount(variable_313,'eve_1',variable_312,variable_316)
INFO:pyDatalog.pyEngine:New fact : isConnected('60','Provider_1','Extnet_subnet_1')
INFO:pyDatalog.pyEngine:subgoal: hostACL(variable_230,variable_231,'www_1','tcp','80'), clause: hostACL('8','Provider_1','www_1','tcp','80') <= isConnected(variable_250,variable_251,'Extnet_subnet_1')&isRouter(variable_253,variable_251)&existsRoute(variable_255,variable_256,'DMZ_subnet_1',variable_251)
INFO:pyDatalog.pyEngine:New fact : hostACL('8','elev_1','www_1','tcp','80')
INFO:pyDatalog.pyEngine:subgoal: hasAccount(variable_68,'eve_1','www_1','www_sysuser1_1'), clause: hasAccount('34','eve_1','www_1','www_sysuser1_1') <= hostACL(variable_230,variable_231,'www_1','tcp','80')&hasAccount(variable_232,'eve_1',variable_231,variable_235)
INFO:pyDatalog.pyEngine:subgoal: hasAccount(variable_232,'eve_1','www_1',variable_235), clause: hasAccount('34','eve_1','www_1','www_sysuser1_1') <= hostACL(variable_311,variable_312,'www_1','tcp','80')&hasAccount(variable_313,'eve_1',variable_312,variable_316)
INFO:pyDatalog.pyEngine:New fact : hostACL('8','siem_1','www_1','tcp','80')
INFO:pyDatalog.pyEngine:subgoal: hasAccount(variable_68,'eve_1','www_1','www_sysuser1_1'), clause: hasAccount('34','eve_1','www_1','www_sysuser1_1') <= hostACL(variable_230,variable_231,'www_1','tcp','80')&hasAccount(variable_232,'eve_1',variable_231,variable_235)
INFO:pyDatalog.pyEngine:subgoal: hasAccount(variable_232,'eve_1','www_1',variable_235), clause: hasAccount('34','eve_1','www_1','www_sysuser1_1') <= hostACL(variable_311,variable_312,'www_1','tcp','80')&hasAccount(variable_313,'eve_1',variable_312,variable_316)
INFO:pyDatalog.pyEngine:New fact : hostACL('8','cam2_1','www_1','tcp','80')
INFO:pyDatalog.pyEngine:subgoal: hasAccount(variable_68,'eve_1','www_1','www_sysuser1_1'), clause: hasAccount('34','eve_1','www_1','www_sysuser1_1') <= hostACL(variable_230,variable_231,'www_1','tcp','80')&hasAccount(variable_232,'eve_1',variable_231,variable_235)
INFO:pyDatalog.pyEngine:subgoal: hasAccount(variable_232,'eve_1','www_1',variable_235), clause: hasAccount('34','eve_1','www_1','www_sysuser1_1') <= hostACL(variable_311,variable_312,'www_1','tcp','80')&hasAccount(variable_313,'eve_1',variable_312,variable_316)
INFO:pyDatalog.pyEngine:New fact : hostACL('8','collab_1','www_1','tcp','80')
INFO:pyDatalog.pyEngine:subgoal: hasAccount(variable_68,'eve_1','www_1','www_sysuser1_1'), clause: hasAccount('34','eve_1','www_1','www_sysuser1_1') <= hostACL(variable_230,variable_231,'www_1','tcp','80')&hasAccount(variable_232,'eve_1',variable_231,variable_235)
INFO:pyDatalog.pyEngine:subgoal: hasAccount(variable_232,'eve_1','www_1',variable_235), clause: hasAccount('34','eve_1','www_1','www_sysuser1_1') <= hostACL(variable_311,variable_312,'www_1','tcp','80')&hasAccount(variable_313,'eve_1',variable_312,variable_316)
INFO:pyDatalog.pyEngine:New fact : hostACL('8','ns_1','www_1','tcp','80')
INFO:pyDatalog.pyEngine:subgoal: hasAccount(variable_68,'eve_1','www_1','www_sysuser1_1'), clause: hasAccount('34','eve_1','www_1','www_sysuser1_1') <= hostACL(variable_230,variable_231,'www_1','tcp','80')&hasAccount(variable_232,'eve_1',variable_231,variable_235)
INFO:pyDatalog.pyEngine:subgoal: hasAccount(variable_232,'eve_1','www_1',variable_235), clause: hasAccount('34','eve_1','www_1','www_sysuser1_1') <= hostACL(variable_311,variable_312,'www_1','tcp','80')&hasAccount(variable_313,'eve_1',variable_312,variable_316)
INFO:pyDatalog.pyEngine:New fact : hostACL('8','ids_1','www_1','tcp','80')
INFO:pyDatalog.pyEngine:subgoal: hasAccount(variable_68,'eve_1','www_1','www_sysuser1_1'), clause: hasAccount('34','eve_1','www_1','www_sysuser1_1') <= hostACL(variable_230,variable_231,'www_1','tcp','80')&hasAccount(variable_232,'eve_1',variable_231,variable_235)
INFO:pyDatalog.pyEngine:subgoal: hasAccount(variable_232,'eve_1','www_1',variable_235), clause: hasAccount('34','eve_1','www_1','www_sysuser1_1') <= hostACL(variable_311,variable_312,'www_1','tcp','80')&hasAccount(variable_313,'eve_1',variable_312,variable_316)
INFO:pyDatalog.pyEngine:New fact : hasAccount('55','eve_1','client_1','client_user1_1')
INFO:pyDatalog.pyEngine:subgoal: hasAccount(variable_68,'eve_1','www_1','www_sysuser1_1'), clause: hasAccount('34','eve_1','www_1','www_sysuser1_1') <= hasAccount(variable_232,'eve_1','client_1',variable_235)
INFO:pyDatalog.pyEngine:subgoal: hasAccount(variable_232,'eve_1','www_1',variable_235), clause: hasAccount('34','eve_1','www_1','www_sysuser1_1') <= hasAccount(variable_313,'eve_1','client_1',variable_316)
INFO:pyDatalog.pyEngine:New fact : hasUser('56','client_user1_1','client_1','supersecret','admin')
INFO:pyDatalog.pyEngine:subgoal: hasAccount(variable_232,'eve_1','client_1',variable_235), clause: hasAccount('10','eve_1','client_1',variable_235) <= hasUser(variable_1021,variable_235,'client_1',variable_1024,variable_1025)&knows(variable_1026,'eve_1',variable_235)&knows(variable_1029,'eve_1',variable_1024)
INFO:pyDatalog.pyEngine:New fact : hasUser('52','db_root_1','db_1','None','admin')
INFO:pyDatalog.pyEngine:subgoal: hasAccount(variable_232,'eve_1','db_1',variable_235), clause: hasAccount('10','eve_1','db_1',variable_235) <= hasUser(variable_1121,variable_235,'db_1',variable_1124,variable_1125)&knows(variable_1126,'eve_1',variable_235)&knows(variable_1129,'eve_1',variable_1124)
INFO:pyDatalog.pyEngine:New fact : hasAccount('34','eve_1','www_1','www_sysuser1_1')
INFO:pyDatalog.pyEngine:subgoal: knows(variable_40,'eve_1','venerus'), clause: knows('40','eve_1','venerus') <= hasAccount(variable_68,'eve_1','www_1','www_sysuser1_1')
INFO:pyDatalog.pyEngine:New fact : hasAccount('34','eve_1','www_1','www_sysuser1_1')
INFO:pyDatalog.pyEngine:subgoal: hasAccount(variable_68,'eve_1','www_1','www_sysuser1_1'), clause: hasAccount('34','eve_1','www_1','www_sysuser1_1') <= hasAccount(variable_232,'eve_1','www_1',variable_235)
INFO:pyDatalog.pyEngine:subgoal: hasAccount(variable_232,'eve_1','www_1',variable_235), clause: hasAccount('34','eve_1','www_1','www_sysuser1_1') <= hasAccount(variable_313,'eve_1','www_1',variable_316)
INFO:pyDatalog.pyEngine:subgoal: hasAccount(variable_68,'eve_1','www_1','www_sysuser1_1'), clause: hasAccount('34','eve_1','www_1','www_sysuser1_1') <= hasAccount(variable_232,'eve_1','www_1',variable_235)
INFO:pyDatalog.pyEngine:subgoal: hasAccount(variable_232,'eve_1','www_1',variable_235), clause: hasAccount('34','eve_1','www_1','www_sysuser1_1') <= hasAccount(variable_313,'eve_1','www_1',variable_316)
INFO:pyDatalog.pyEngine:New fact : knows('40','eve_1','venerus')
INFO:pyDatalog.pyEngine:subgoal: knows(ID1,'eve_1','DB_confidential'), clause: knows('47','eve_1','DB_confidential') <= knows(variable_40,'eve_1','venerus')&hasAccount(variable_42,'eve_1',variable_44,variable_45)&hostACL(variable_46,variable_44,'db_1','tcp','3306')
INFO:pyDatalog.pyEngine:New fact : hasAccount('55','eve_1','client_1','client_user1_1')
INFO:pyDatalog.pyEngine:subgoal: knows(ID1,'eve_1','DB_confidential'), clause: knows('47','eve_1','DB_confidential') <= hasAccount(variable_42,'eve_1',variable_44,variable_45)&hostACL(variable_46,variable_44,'db_1','tcp','3306')
INFO:pyDatalog.pyEngine:New fact : hasUser('36','www_sysuser1_1','www_1','None','user')
INFO:pyDatalog.pyEngine:subgoal: hasAccount(variable_232,'eve_1','www_1',variable_235), clause: hasAccount('10','eve_1','www_1',variable_235) <= hasUser(variable_295,variable_235,'www_1',variable_298,variable_299)&knows(variable_300,'eve_1',variable_235)&knows(variable_303,'eve_1',variable_298)
INFO:pyDatalog.pyEngine:New fact : hasUser('37','www_root_1','www_1','None','admin')
INFO:pyDatalog.pyEngine:subgoal: hasAccount(variable_232,'eve_1','www_1',variable_235), clause: hasAccount('10','eve_1','www_1',variable_235) <= hasUser(variable_295,variable_235,'www_1',variable_298,variable_299)&knows(variable_300,'eve_1',variable_235)&knows(variable_303,'eve_1',variable_298)
INFO:pyDatalog.pyEngine:New fact : hasUser('39','www_user1_1','www_1','9JmDGEr4','user')
INFO:pyDatalog.pyEngine:subgoal: hasAccount(variable_232,'eve_1','www_1',variable_235), clause: hasAccount('10','eve_1','www_1',variable_235) <= hasUser(variable_295,variable_235,'www_1',variable_298,variable_299)&knows(variable_300,'eve_1',variable_235)&knows(variable_303,'eve_1',variable_298)
INFO:pyDatalog.pyEngine:New fact : listeningOn('48','db_1','tcp','3306')
INFO:pyDatalog.pyEngine:subgoal: hostACL(variable_46,'client_1','db_1','tcp','3306'), clause: hostACL('9','client_1','db_1','tcp','3306') <= listeningOn(variable_1417,'db_1','tcp','3306')&isConnected(variable_1421,'client_1',variable_1423)&isConnected(variable_1424,'db_1',variable_1423)
INFO:pyDatalog.pyEngine:New fact : isConnected('57','client_1','Simint1_subnet_1')
INFO:pyDatalog.pyEngine:subgoal: hostACL(variable_46,'client_1','db_1','tcp','3306'), clause: hostACL('9','client_1','db_1','tcp','3306') <= isConnected(variable_1421,'client_1',variable_1423)&isConnected(variable_1424,'db_1',variable_1423)
INFO:pyDatalog.pyEngine:New fact : isConnected('49','db_1','Server_subnet_1')
INFO:pyDatalog.pyEngine:subgoal: hostACL(variable_46,'client_1','db_1','tcp','3306'), clause: hostACL('8','client_1','db_1','tcp','3306') <= isConnected(variable_1398,'db_1',variable_1400)&isConnected(variable_1401,'client_1',variable_1403)&isConnected(variable_1404,variable_1405,variable_1403)&isRouter(variable_1407,variable_1405)&existsRoute(variable_1409,variable_1410,variable_1400,variable_1405)
INFO:pyDatalog.pyEngine:New fact : hasAccount('34','eve_1','www_1','www_sysuser1_1')
INFO:pyDatalog.pyEngine:subgoal: knows(ID1,'eve_1','DB_confidential'), clause: knows('47','eve_1','DB_confidential') <= hasAccount(variable_42,'eve_1',variable_44,variable_45)&hostACL(variable_46,variable_44,'db_1','tcp','3306')
INFO:pyDatalog.pyEngine:New fact : hasUser('56','client_user1_1','client_1','supersecret','admin')
INFO:pyDatalog.pyEngine:subgoal: hasAccount(variable_42,'eve_1',variable_44,variable_45), clause: hasAccount('10','eve_1',variable_44,variable_45) <= hasUser(variable_1368,variable_45,variable_44,variable_1371,variable_1372)&knows(variable_1373,'eve_1',variable_45)&knows(variable_1376,'eve_1',variable_1371)
INFO:pyDatalog.pyEngine:New fact : hasUser('52','db_root_1','db_1','None','admin')
INFO:pyDatalog.pyEngine:subgoal: hasAccount(variable_42,'eve_1',variable_44,variable_45), clause: hasAccount('10','eve_1',variable_44,variable_45) <= hasUser(variable_1368,variable_45,variable_44,variable_1371,variable_1372)&knows(variable_1373,'eve_1',variable_45)&knows(variable_1376,'eve_1',variable_1371)
INFO:pyDatalog.pyEngine:New fact : hasUser('39','www_user1_1','www_1','9JmDGEr4','user')
INFO:pyDatalog.pyEngine:subgoal: hasAccount(variable_42,'eve_1',variable_44,variable_45), clause: hasAccount('10','eve_1',variable_44,variable_45) <= hasUser(variable_1368,variable_45,variable_44,variable_1371,variable_1372)&knows(variable_1373,'eve_1',variable_45)&knows(variable_1376,'eve_1',variable_1371)
INFO:pyDatalog.pyEngine:New fact : hasUser('37','www_root_1','www_1','None','admin')
INFO:pyDatalog.pyEngine:subgoal: hasAccount(variable_42,'eve_1',variable_44,variable_45), clause: hasAccount('10','eve_1',variable_44,variable_45) <= hasUser(variable_1368,variable_45,variable_44,variable_1371,variable_1372)&knows(variable_1373,'eve_1',variable_45)&knows(variable_1376,'eve_1',variable_1371)
INFO:pyDatalog.pyEngine:New fact : hasUser('36','www_sysuser1_1','www_1','None','user')
INFO:pyDatalog.pyEngine:subgoal: hasAccount(variable_42,'eve_1',variable_44,variable_45), clause: hasAccount('10','eve_1',variable_44,variable_45) <= hasUser(variable_1368,variable_45,variable_44,variable_1371,variable_1372)&knows(variable_1373,'eve_1',variable_45)&knows(variable_1376,'eve_1',variable_1371)
INFO:pyDatalog.pyEngine:New fact : hasUser('29','collab_root_1','collab_1','None','admin')
INFO:pyDatalog.pyEngine:subgoal: hasAccount(variable_42,'eve_1',variable_44,variable_45), clause: hasAccount('10','eve_1',variable_44,variable_45) <= hasUser(variable_1368,variable_45,variable_44,variable_1371,variable_1372)&knows(variable_1373,'eve_1',variable_45)&knows(variable_1376,'eve_1',variable_1371)
INFO:pyDatalog.pyEngine:New fact : hasUser('26','collab_sysuser1_1','collab_1','None','user')
INFO:pyDatalog.pyEngine:subgoal: hasAccount(variable_42,'eve_1',variable_44,variable_45), clause: hasAccount('10','eve_1',variable_44,variable_45) <= hasUser(variable_1368,variable_45,variable_44,variable_1371,variable_1372)&knows(variable_1373,'eve_1',variable_45)&knows(variable_1376,'eve_1',variable_1371)
INFO:pyDatalog.pyEngine:New fact : hasUser('14','waf_sysuser1_1','waf_1','None','user')
INFO:pyDatalog.pyEngine:subgoal: hasAccount(variable_42,'eve_1',variable_44,variable_45), clause: hasAccount('10','eve_1',variable_44,variable_45) <= hasUser(variable_1368,variable_45,variable_44,variable_1371,variable_1372)&knows(variable_1373,'eve_1',variable_45)&knows(variable_1376,'eve_1',variable_1371)
INFO:pyDatalog.pyEngine:New fact : hasUser('12','waf_root_1','waf_1','None','admin')
INFO:pyDatalog.pyEngine:subgoal: hasAccount(variable_42,'eve_1',variable_44,variable_45), clause: hasAccount('10','eve_1',variable_44,variable_45) <= hasUser(variable_1368,variable_45,variable_44,variable_1371,variable_1372)&knows(variable_1373,'eve_1',variable_45)&knows(variable_1376,'eve_1',variable_1371)
INFO:pyDatalog.pyEngine:New fact : existsRoute('2','IoT_subnet_1','Server_subnet_1','Firewall_1')
INFO:pyDatalog.pyEngine:subgoal: hostACL(variable_46,'www_1','db_1','tcp','3306'), clause: hostACL('8','www_1','db_1','tcp','3306') <= existsRoute(variable_1587,variable_1588,'Server_subnet_1','Firewall_1')
INFO:pyDatalog.pyEngine:New fact : hostACL('8','www_1','db_1','tcp','3306')
INFO:pyDatalog.pyEngine:subgoal: knows(ID1,'eve_1','DB_confidential'), clause: knows('47','eve_1','DB_confidential') <= hostACL(variable_46,'www_1','db_1','tcp','3306')
INFO:pyDatalog.pyEngine:New fact : existsRoute('2','DMZ_subnet_1','Server_subnet_1','Firewall_1')
INFO:pyDatalog.pyEngine:subgoal: hostACL(variable_46,'www_1','db_1','tcp','3306'), clause: hostACL('8','www_1','db_1','tcp','3306') <= existsRoute(variable_1587,variable_1588,'Server_subnet_1','Firewall_1')
INFO:pyDatalog.pyEngine:New fact : existsRoute('2','Server_subnet_1','Server_subnet_1','Firewall_1')
INFO:pyDatalog.pyEngine:subgoal: hostACL(variable_46,'www_1','db_1','tcp','3306'), clause: hostACL('8','www_1','db_1','tcp','3306') <= existsRoute(variable_1587,variable_1588,'Server_subnet_1','Firewall_1')
INFO:pyDatalog.pyEngine:New fact : existsRoute('2','Outside_subnet_1','Server_subnet_1','Firewall_1')
INFO:pyDatalog.pyEngine:subgoal: hostACL(variable_46,'www_1','db_1','tcp','3306'), clause: hostACL('8','www_1','db_1','tcp','3306') <= existsRoute(variable_1587,variable_1588,'Server_subnet_1','Firewall_1')
INFO:pyDatalog.pyEngine:New fact : knows('47','eve_1','DB_confidential')
INFO:pyDatalog.pyEngine:subgoal: _pyD_query1(ID1), clause: _pyD_query1(ID1) <= knows(ID1,'eve_1','DB_confidential')
INFO:pyDatalog.pyEngine:New fact : _pyD_query1('47')
INFO:pyDatalog.pyEngine:New fact : isConnected('3','Firewall_1','Server_subnet_1')
INFO:pyDatalog.pyEngine:subgoal: existsRoute(variable_1587,variable_1588,'Server_subnet_1','Firewall_1'), clause: existsRoute('7','IoT_subnet_1','Server_subnet_1','Firewall_1') <= isConnected(variable_1619,'Firewall_1','Server_subnet_1')&isRouter(variable_1622,'Firewall_1')
INFO:pyDatalog.pyEngine:New fact : existsRoute('7','IoT_subnet_1','Server_subnet_1','Firewall_1')
INFO:pyDatalog.pyEngine:subgoal: hostACL(variable_46,'www_1','db_1','tcp','3306'), clause: hostACL('8','www_1','db_1','tcp','3306') <= existsRoute(variable_1587,variable_1588,'Server_subnet_1','Firewall_1')
INFO:pyDatalog.pyEngine:New fact : existsRoute('7','Outside_subnet_1','Server_subnet_1','Firewall_1')
INFO:pyDatalog.pyEngine:subgoal: hostACL(variable_46,'www_1','db_1','tcp','3306'), clause: hostACL('8','www_1','db_1','tcp','3306') <= existsRoute(variable_1587,variable_1588,'Server_subnet_1','Firewall_1')
INFO:pyDatalog.pyEngine:New fact : existsRoute('7','Server_subnet_1','Server_subnet_1','Firewall_1')
INFO:pyDatalog.pyEngine:subgoal: hostACL(variable_46,'www_1','db_1','tcp','3306'), clause: hostACL('8','www_1','db_1','tcp','3306') <= existsRoute(variable_1587,variable_1588,'Server_subnet_1','Firewall_1')
INFO:pyDatalog.pyEngine:New fact : existsRoute('7','DMZ_subnet_1','Server_subnet_1','Firewall_1')
INFO:pyDatalog.pyEngine:subgoal: hostACL(variable_46,'www_1','db_1','tcp','3306'), clause: hostACL('8','www_1','db_1','tcp','3306') <= existsRoute(variable_1587,variable_1588,'Server_subnet_1','Firewall_1')
INFO:pyDatalog.pyEngine:New fact : existsRoute('2','Outside_subnet_1','Server_subnet_1','Firewall_1')
INFO:pyDatalog.pyEngine:subgoal: existsRoute(variable_1587,variable_1588,'Server_subnet_1','Firewall_1'), clause: existsRoute('5','Outside_subnet_1','Server_subnet_1','Firewall_1') <= existsRoute(variable_1610,'Outside_subnet_1','Server_subnet_1','Firewall_1')
INFO:pyDatalog.pyEngine:New fact : existsRoute('5','Outside_subnet_1','Server_subnet_1','Firewall_1')
INFO:pyDatalog.pyEngine:subgoal: hostACL(variable_46,'www_1','db_1','tcp','3306'), clause: hostACL('8','www_1','db_1','tcp','3306') <= existsRoute(variable_1587,variable_1588,'Server_subnet_1','Firewall_1')
INFO:pyDatalog.pyEngine:New fact : existsRoute('7','Outside_subnet_1','Server_subnet_1','Firewall_1')
INFO:pyDatalog.pyEngine:subgoal: existsRoute(variable_1587,variable_1588,'Server_subnet_1','Firewall_1'), clause: existsRoute('5','Outside_subnet_1','Server_subnet_1','Firewall_1') <= existsRoute(variable_1610,'Outside_subnet_1','Server_subnet_1','Firewall_1')
INFO:pyDatalog.pyEngine:New fact : existsRoute('5','Outside_subnet_1','Server_subnet_1','Firewall_1')
INFO:pyDatalog.pyEngine:subgoal: existsRoute(variable_1587,variable_1588,'Server_subnet_1','Firewall_1'), clause: existsRoute('5','Outside_subnet_1','Server_subnet_1','Firewall_1') <= existsRoute(variable_1610,'Outside_subnet_1','Server_subnet_1','Firewall_1')
INFO:pyDatalog.pyEngine:subgoal: existsRoute(variable_1610,'Outside_subnet_1','Server_subnet_1','Firewall_1'), clause: existsRoute('5','Outside_subnet_1','Server_subnet_1','Firewall_1') <= existsRoute(variable_1648,'Outside_subnet_1','Server_subnet_1','Firewall_1')
INFO:pyDatalog.pyEngine:New fact : hasUser('52','db_root_1','db_1','None','admin')
INFO:pyDatalog.pyEngine:subgoal: knows(ID1,'eve_1','DB_confidential'), clause: knows('46','eve_1','DB_confidential') <= hasUser(variable_33,variable_34,'db_1',variable_35,'admin')&hasAccount(variable_36,'eve_1','db_1',variable_34)
INFO:pyDatalog.pyEngine:New fact : hasUser('52','db_root_1','db_1','None','admin')
INFO:pyDatalog.pyEngine:subgoal: hasAccount(variable_36,'eve_1','db_1','db_root_1'), clause: hasAccount('10','eve_1','db_1','db_root_1') <= hasUser(variable_1665,'db_root_1','db_1',variable_1668,variable_1669)&knows(variable_1670,'eve_1','db_root_1')&knows(variable_1673,'eve_1',variable_1668)
