INFO:pyDatalog.pyEngine:New fact : hasUser('2','www_root_1','www_1','None','admin')
INFO:pyDatalog.pyEngine:subgoal: knows(variable_26,'eve_1','venerus'), clause: knows('8','eve_1','venerus') <= hasUser(variable_41,variable_42,'www_1',variable_43,'admin')&hasAccount(variable_44,'eve_1','www_1',variable_42)
INFO:pyDatalog.pyEngine:New fact : hasUser('2','www_root_1','www_1','None','admin')
INFO:pyDatalog.pyEngine:subgoal: hasAccount(variable_44,'eve_1','www_1','www_root_1'), clause: hasAccount('25','eve_1','www_1','www_root_1') <= hasUser(variable_79,'www_root_1','www_1',variable_82,variable_83)&knows(variable_84,'eve_1','www_root_1')&knows(variable_87,'eve_1',variable_82)
INFO:pyDatalog.pyEngine:New fact : listeningOn('6','www_1','tcp','80')
INFO:pyDatalog.pyEngine:subgoal: hasAccount(variable_44,'eve_1','www_1','www_root_1'), clause: hasAccount('4','eve_1','www_1','www_root_1') <= listeningOn(variable_69,'www_1','tcp','80')&hostACL(variable_70,variable_71,'www_1','tcp','80')&hasAccount(variable_72,'eve_1',variable_71,variable_75)
INFO:pyDatalog.pyEngine:New fact : isConnected('31','Provider_1','Simint1_subnet_1')
INFO:pyDatalog.pyEngine:subgoal: hostACL(variable_70,variable_71,'www_1','tcp','80'), clause: hostACL('24',variable_71,'www_1','tcp','80') <= isConnected(variable_152,variable_71,variable_154)&isConnected(variable_155,'www_1',variable_154)
INFO:pyDatalog.pyEngine:New fact : isConnected('31','Provider_1','Outside_subnet_1')
INFO:pyDatalog.pyEngine:subgoal: hostACL(variable_70,variable_71,'www_1','tcp','80'), clause: hostACL('24',variable_71,'www_1','tcp','80') <= isConnected(variable_152,variable_71,variable_154)&isConnected(variable_155,'www_1',variable_154)
INFO:pyDatalog.pyEngine:New fact : isConnected('31','Provider_1','Extnet_subnet_1')
INFO:pyDatalog.pyEngine:subgoal: hostACL(variable_70,variable_71,'www_1','tcp','80'), clause: hostACL('24',variable_71,'www_1','tcp','80') <= isConnected(variable_152,variable_71,variable_154)&isConnected(variable_155,'www_1',variable_154)
INFO:pyDatalog.pyEngine:New fact : isConnected('28','client_1','Simint1_subnet_1')
INFO:pyDatalog.pyEngine:subgoal: hostACL(variable_70,variable_71,'www_1','tcp','80'), clause: hostACL('24',variable_71,'www_1','tcp','80') <= isConnected(variable_152,variable_71,variable_154)&isConnected(variable_155,'www_1',variable_154)
INFO:pyDatalog.pyEngine:New fact : isConnected('21','root-ns_1','Simint1_subnet_1')
INFO:pyDatalog.pyEngine:subgoal: hostACL(variable_70,variable_71,'www_1','tcp','80'), clause: hostACL('24',variable_71,'www_1','tcp','80') <= isConnected(variable_152,variable_71,variable_154)&isConnected(variable_155,'www_1',variable_154)
INFO:pyDatalog.pyEngine:New fact : isConnected('18','db_1','Server_subnet_1')
INFO:pyDatalog.pyEngine:subgoal: hostACL(variable_70,variable_71,'www_1','tcp','80'), clause: hostACL('24',variable_71,'www_1','tcp','80') <= isConnected(variable_152,variable_71,variable_154)&isConnected(variable_155,'www_1',variable_154)
INFO:pyDatalog.pyEngine:New fact : isConnected('15','ns_1','DMZ_subnet_1')
INFO:pyDatalog.pyEngine:subgoal: hostACL(variable_70,variable_71,'www_1','tcp','80'), clause: hostACL('24',variable_71,'www_1','tcp','80') <= isConnected(variable_152,variable_71,variable_154)&isConnected(variable_155,'www_1',variable_154)
INFO:pyDatalog.pyEngine:New fact : isConnected('1','www_1','DMZ_subnet_1')
INFO:pyDatalog.pyEngine:subgoal: hostACL(variable_70,variable_71,'www_1','tcp','80'), clause: hostACL('24','ns_1','www_1','tcp','80') <= isConnected(variable_155,'www_1','DMZ_subnet_1')
INFO:pyDatalog.pyEngine:New fact : hostACL('24','ns_1','www_1','tcp','80')
INFO:pyDatalog.pyEngine:subgoal: hasAccount(variable_44,'eve_1','www_1','www_root_1'), clause: hasAccount('4','eve_1','www_1','www_root_1') <= hostACL(variable_70,variable_71,'www_1','tcp','80')&hasAccount(variable_72,'eve_1',variable_71,variable_75)
INFO:pyDatalog.pyEngine:New fact : isConnected('11','Firewall_1','DMZ_subnet_1')
INFO:pyDatalog.pyEngine:subgoal: hostACL(variable_70,variable_71,'www_1','tcp','80'), clause: hostACL('24',variable_71,'www_1','tcp','80') <= isConnected(variable_152,variable_71,variable_154)&isConnected(variable_155,'www_1',variable_154)
INFO:pyDatalog.pyEngine:New fact : hostACL('24','Firewall_1','www_1','tcp','80')
INFO:pyDatalog.pyEngine:subgoal: hasAccount(variable_44,'eve_1','www_1','www_root_1'), clause: hasAccount('4','eve_1','www_1','www_root_1') <= hostACL(variable_70,variable_71,'www_1','tcp','80')&hasAccount(variable_72,'eve_1',variable_71,variable_75)
INFO:pyDatalog.pyEngine:New fact : isConnected('11','Firewall_1','Outside_subnet_1')
INFO:pyDatalog.pyEngine:subgoal: hostACL(variable_70,variable_71,'www_1','tcp','80'), clause: hostACL('24',variable_71,'www_1','tcp','80') <= isConnected(variable_152,variable_71,variable_154)&isConnected(variable_155,'www_1',variable_154)
INFO:pyDatalog.pyEngine:New fact : isConnected('11','Firewall_1','Server_subnet_1')
INFO:pyDatalog.pyEngine:subgoal: hostACL(variable_70,variable_71,'www_1','tcp','80'), clause: hostACL('24',variable_71,'www_1','tcp','80') <= isConnected(variable_152,variable_71,variable_154)&isConnected(variable_155,'www_1',variable_154)
INFO:pyDatalog.pyEngine:New fact : isConnected('1','www_1','DMZ_subnet_1')
INFO:pyDatalog.pyEngine:subgoal: hostACL(variable_70,variable_71,'www_1','tcp','80'), clause: hostACL('24',variable_71,'www_1','tcp','80') <= isConnected(variable_152,variable_71,variable_154)&isConnected(variable_155,'www_1',variable_154)
INFO:pyDatalog.pyEngine:New fact : hostACL('24','www_1','www_1','tcp','80')
INFO:pyDatalog.pyEngine:subgoal: hasAccount(variable_44,'eve_1','www_1','www_root_1'), clause: hasAccount('4','eve_1','www_1','www_root_1') <= hostACL(variable_70,variable_71,'www_1','tcp','80')&hasAccount(variable_72,'eve_1',variable_71,variable_75)
INFO:pyDatalog.pyEngine:New fact : isConnected('1','www_1','DMZ_subnet_1')
INFO:pyDatalog.pyEngine:subgoal: hostACL(variable_70,variable_71,'www_1','tcp','80'), clause: hostACL('23',variable_71,'www_1','tcp','80') <= isConnected(variable_129,'www_1',variable_131)&isConnected(variable_132,variable_71,variable_134)&isConnected(variable_135,variable_136,variable_134)&isRouter(variable_138,variable_136)&existsRoute(variable_140,variable_141,variable_131,variable_136)
INFO:pyDatalog.pyEngine:New fact : isConnected('31','Provider_1','Outside_subnet_1')
INFO:pyDatalog.pyEngine:subgoal: hostACL(variable_70,variable_71,'www_1','tcp','80'), clause: hostACL('23','Firewall_1','www_1','tcp','80') <= isConnected(variable_135,variable_136,'Outside_subnet_1')&isRouter(variable_138,variable_136)&existsRoute(variable_140,variable_141,'DMZ_subnet_1',variable_136)
INFO:pyDatalog.pyEngine:New fact : isRouter('32','Provider_1')
INFO:pyDatalog.pyEngine:subgoal: hostACL(variable_70,variable_71,'www_1','tcp','80'), clause: hostACL('23','Firewall_1','www_1','tcp','80') <= isRouter(variable_138,'Provider_1')&existsRoute(variable_140,variable_141,'DMZ_subnet_1','Provider_1')
INFO:pyDatalog.pyEngine:New fact : existsRoute('29','Outside_subnet_1','DMZ_subnet_1','Provider_1')
INFO:pyDatalog.pyEngine:subgoal: hostACL(variable_70,variable_71,'www_1','tcp','80'), clause: hostACL('23','Firewall_1','www_1','tcp','80') <= existsRoute(variable_140,variable_141,'DMZ_subnet_1','Provider_1')
INFO:pyDatalog.pyEngine:New fact : hostACL('23','Firewall_1','www_1','tcp','80')
INFO:pyDatalog.pyEngine:subgoal: hasAccount(variable_44,'eve_1','www_1','www_root_1'), clause: hasAccount('4','eve_1','www_1','www_root_1') <= hostACL(variable_70,variable_71,'www_1','tcp','80')&hasAccount(variable_72,'eve_1',variable_71,variable_75)
INFO:pyDatalog.pyEngine:New fact : isConnected('31','Provider_1','Outside_subnet_1')
INFO:pyDatalog.pyEngine:subgoal: existsRoute(variable_140,variable_141,'DMZ_subnet_1','Provider_1'), clause: existsRoute('22',variable_141,'DMZ_subnet_1','Provider_1') <= isConnected(variable_169,'Provider_1',variable_141)&isConnected(variable_172,'Provider_1','DMZ_subnet_1')&isRouter(variable_175,'Provider_1')
INFO:pyDatalog.pyEngine:New fact : isConnected('31','Provider_1','Simint1_subnet_1')
INFO:pyDatalog.pyEngine:subgoal: existsRoute(variable_140,variable_141,'DMZ_subnet_1','Provider_1'), clause: existsRoute('22',variable_141,'DMZ_subnet_1','Provider_1') <= isConnected(variable_169,'Provider_1',variable_141)&isConnected(variable_172,'Provider_1','DMZ_subnet_1')&isRouter(variable_175,'Provider_1')
INFO:pyDatalog.pyEngine:New fact : isConnected('31','Provider_1','Extnet_subnet_1')
INFO:pyDatalog.pyEngine:subgoal: existsRoute(variable_140,variable_141,'DMZ_subnet_1','Provider_1'), clause: existsRoute('22',variable_141,'DMZ_subnet_1','Provider_1') <= isConnected(variable_169,'Provider_1',variable_141)&isConnected(variable_172,'Provider_1','DMZ_subnet_1')&isRouter(variable_175,'Provider_1')
INFO:pyDatalog.pyEngine:New fact : hasUser('2','www_root_1','www_1','None','admin')
INFO:pyDatalog.pyEngine:subgoal: hasAccount(variable_72,'eve_1','www_1',variable_75), clause: hasAccount('25','eve_1','www_1',variable_75) <= hasUser(variable_241,variable_75,'www_1',variable_244,variable_245)&knows(variable_246,'eve_1',variable_75)&knows(variable_249,'eve_1',variable_244)
INFO:pyDatalog.pyEngine:New fact : hasUser('9','www_sysuser1_1','www_1','None','user')
INFO:pyDatalog.pyEngine:subgoal: hasAccount(variable_72,'eve_1','www_1',variable_75), clause: hasAccount('25','eve_1','www_1',variable_75) <= hasUser(variable_241,variable_75,'www_1',variable_244,variable_245)&knows(variable_246,'eve_1',variable_75)&knows(variable_249,'eve_1',variable_244)
INFO:pyDatalog.pyEngine:New fact : hasUser('5','www_user1_1','www_1','xexexexe','user')
INFO:pyDatalog.pyEngine:subgoal: hasAccount(variable_72,'eve_1','www_1',variable_75), clause: hasAccount('25','eve_1','www_1',variable_75) <= hasUser(variable_241,variable_75,'www_1',variable_244,variable_245)&knows(variable_246,'eve_1',variable_75)&knows(variable_249,'eve_1',variable_244)
INFO:pyDatalog.pyEngine:New fact : isConnected('11','Firewall_1','Outside_subnet_1')
INFO:pyDatalog.pyEngine:subgoal: hostACL(variable_70,variable_71,'www_1','tcp','80'), clause: hostACL('23','Firewall_1','www_1','tcp','80') <= isConnected(variable_135,variable_136,'Outside_subnet_1')&isRouter(variable_138,variable_136)&existsRoute(variable_140,variable_141,'DMZ_subnet_1',variable_136)
INFO:pyDatalog.pyEngine:New fact : isRouter('12','Firewall_1')
INFO:pyDatalog.pyEngine:subgoal: hostACL(variable_70,variable_71,'www_1','tcp','80'), clause: hostACL('23','Firewall_1','www_1','tcp','80') <= isRouter(variable_138,'Firewall_1')&existsRoute(variable_140,variable_141,'DMZ_subnet_1','Firewall_1')
INFO:pyDatalog.pyEngine:New fact : existsRoute('10','DMZ_subnet_1','DMZ_subnet_1','Firewall_1')
INFO:pyDatalog.pyEngine:subgoal: hostACL(variable_70,variable_71,'www_1','tcp','80'), clause: hostACL('23','Firewall_1','www_1','tcp','80') <= existsRoute(variable_140,variable_141,'DMZ_subnet_1','Firewall_1')
INFO:pyDatalog.pyEngine:New fact : existsRoute('10','Outside_subnet_1','DMZ_subnet_1','Firewall_1')
INFO:pyDatalog.pyEngine:subgoal: hostACL(variable_70,variable_71,'www_1','tcp','80'), clause: hostACL('23','Firewall_1','www_1','tcp','80') <= existsRoute(variable_140,variable_141,'DMZ_subnet_1','Firewall_1')
INFO:pyDatalog.pyEngine:New fact : existsRoute('10','Server_subnet_1','DMZ_subnet_1','Firewall_1')
INFO:pyDatalog.pyEngine:subgoal: hostACL(variable_70,variable_71,'www_1','tcp','80'), clause: hostACL('23','Firewall_1','www_1','tcp','80') <= existsRoute(variable_140,variable_141,'DMZ_subnet_1','Firewall_1')
INFO:pyDatalog.pyEngine:New fact : isConnected('11','Firewall_1','DMZ_subnet_1')
INFO:pyDatalog.pyEngine:subgoal: existsRoute(variable_140,variable_141,'DMZ_subnet_1','Firewall_1'), clause: existsRoute('22',variable_141,'DMZ_subnet_1','Firewall_1') <= isConnected(variable_325,'Firewall_1',variable_141)&isConnected(variable_328,'Firewall_1','DMZ_subnet_1')&isRouter(variable_331,'Firewall_1')
INFO:pyDatalog.pyEngine:New fact : isConnected('11','Firewall_1','Server_subnet_1')
INFO:pyDatalog.pyEngine:subgoal: existsRoute(variable_140,variable_141,'DMZ_subnet_1','Firewall_1'), clause: existsRoute('22',variable_141,'DMZ_subnet_1','Firewall_1') <= isConnected(variable_325,'Firewall_1',variable_141)&isConnected(variable_328,'Firewall_1','DMZ_subnet_1')&isRouter(variable_331,'Firewall_1')
INFO:pyDatalog.pyEngine:New fact : isConnected('11','Firewall_1','Outside_subnet_1')
INFO:pyDatalog.pyEngine:subgoal: existsRoute(variable_140,variable_141,'DMZ_subnet_1','Firewall_1'), clause: existsRoute('22',variable_141,'DMZ_subnet_1','Firewall_1') <= isConnected(variable_325,'Firewall_1',variable_141)&isConnected(variable_328,'Firewall_1','DMZ_subnet_1')&isRouter(variable_331,'Firewall_1')
INFO:pyDatalog.pyEngine:New fact : isConnected('11','Firewall_1','DMZ_subnet_1')
INFO:pyDatalog.pyEngine:subgoal: existsRoute(variable_140,variable_141,'DMZ_subnet_1','Firewall_1'), clause: existsRoute('22','DMZ_subnet_1','DMZ_subnet_1','Firewall_1') <= isConnected(variable_328,'Firewall_1','DMZ_subnet_1')&isRouter(variable_331,'Firewall_1')
INFO:pyDatalog.pyEngine:New fact : existsRoute('22','DMZ_subnet_1','DMZ_subnet_1','Firewall_1')
INFO:pyDatalog.pyEngine:subgoal: hostACL(variable_70,variable_71,'www_1','tcp','80'), clause: hostACL('23','Firewall_1','www_1','tcp','80') <= existsRoute(variable_140,variable_141,'DMZ_subnet_1','Firewall_1')
INFO:pyDatalog.pyEngine:New fact : existsRoute('22','Server_subnet_1','DMZ_subnet_1','Firewall_1')
INFO:pyDatalog.pyEngine:subgoal: hostACL(variable_70,variable_71,'www_1','tcp','80'), clause: hostACL('23','Firewall_1','www_1','tcp','80') <= existsRoute(variable_140,variable_141,'DMZ_subnet_1','Firewall_1')
INFO:pyDatalog.pyEngine:New fact : existsRoute('22','Outside_subnet_1','DMZ_subnet_1','Firewall_1')
INFO:pyDatalog.pyEngine:subgoal: hostACL(variable_70,variable_71,'www_1','tcp','80'), clause: hostACL('23','Firewall_1','www_1','tcp','80') <= existsRoute(variable_140,variable_141,'DMZ_subnet_1','Firewall_1')
INFO:pyDatalog.pyEngine:New fact : existsRoute('29','Outside_subnet_1','DMZ_subnet_1','Provider_1')
INFO:pyDatalog.pyEngine:subgoal: existsRoute(variable_140,variable_141,'DMZ_subnet_1','Firewall_1'), clause: existsRoute('13','Outside_subnet_1','DMZ_subnet_1','Firewall_1') <= existsRoute(variable_319,'Outside_subnet_1','DMZ_subnet_1','Provider_1')
INFO:pyDatalog.pyEngine:New fact : existsRoute('10','Outside_subnet_1','DMZ_subnet_1','Firewall_1')
INFO:pyDatalog.pyEngine:subgoal: existsRoute(variable_140,variable_141,'DMZ_subnet_1','Firewall_1'), clause: existsRoute('13','Outside_subnet_1','DMZ_subnet_1','Firewall_1') <= existsRoute(variable_319,'Outside_subnet_1','DMZ_subnet_1','Firewall_1')
INFO:pyDatalog.pyEngine:New fact : isConnected('31','Provider_1','Outside_subnet_1')
INFO:pyDatalog.pyEngine:subgoal: existsRoute(variable_319,'Outside_subnet_1','DMZ_subnet_1','Provider_1'), clause: existsRoute('22','Outside_subnet_1','DMZ_subnet_1','Provider_1') <= isConnected(variable_344,'Provider_1','Outside_subnet_1')&isConnected(variable_347,'Provider_1','DMZ_subnet_1')&isRouter(variable_350,'Provider_1')
INFO:pyDatalog.pyEngine:New fact : existsRoute('13','Outside_subnet_1','DMZ_subnet_1','Firewall_1')
INFO:pyDatalog.pyEngine:subgoal: hostACL(variable_70,variable_71,'www_1','tcp','80'), clause: hostACL('23','Firewall_1','www_1','tcp','80') <= existsRoute(variable_140,variable_141,'DMZ_subnet_1','Firewall_1')
INFO:pyDatalog.pyEngine:New fact : isConnected('11','Firewall_1','Outside_subnet_1')
INFO:pyDatalog.pyEngine:subgoal: existsRoute(variable_319,'Outside_subnet_1','DMZ_subnet_1','Firewall_1'), clause: existsRoute('22','Outside_subnet_1','DMZ_subnet_1','Firewall_1') <= isConnected(variable_363,'Firewall_1','Outside_subnet_1')&isConnected(variable_366,'Firewall_1','DMZ_subnet_1')&isRouter(variable_369,'Firewall_1')
INFO:pyDatalog.pyEngine:New fact : existsRoute('22','Outside_subnet_1','DMZ_subnet_1','Firewall_1')
INFO:pyDatalog.pyEngine:subgoal: existsRoute(variable_140,variable_141,'DMZ_subnet_1','Firewall_1'), clause: existsRoute('13','Outside_subnet_1','DMZ_subnet_1','Firewall_1') <= existsRoute(variable_319,'Outside_subnet_1','DMZ_subnet_1','Firewall_1')
INFO:pyDatalog.pyEngine:New fact : existsRoute('13','Outside_subnet_1','DMZ_subnet_1','Firewall_1')
INFO:pyDatalog.pyEngine:subgoal: existsRoute(variable_140,variable_141,'DMZ_subnet_1','Firewall_1'), clause: existsRoute('13','Outside_subnet_1','DMZ_subnet_1','Firewall_1') <= existsRoute(variable_319,'Outside_subnet_1','DMZ_subnet_1','Firewall_1')
INFO:pyDatalog.pyEngine:subgoal: existsRoute(variable_319,'Outside_subnet_1','DMZ_subnet_1','Firewall_1'), clause: existsRoute('13','Outside_subnet_1','DMZ_subnet_1','Firewall_1') <= existsRoute(variable_357,'Outside_subnet_1','DMZ_subnet_1','Firewall_1')
INFO:pyDatalog.pyEngine:New fact : isConnected('11','Firewall_1','DMZ_subnet_1')
INFO:pyDatalog.pyEngine:subgoal: hostACL(variable_70,variable_71,'www_1','tcp','80'), clause: hostACL('23','www_1','www_1','tcp','80') <= isConnected(variable_135,variable_136,'DMZ_subnet_1')&isRouter(variable_138,variable_136)&existsRoute(variable_140,variable_141,'DMZ_subnet_1',variable_136)
INFO:pyDatalog.pyEngine:New fact : hostACL('23','www_1','www_1','tcp','80')
INFO:pyDatalog.pyEngine:subgoal: hasAccount(variable_44,'eve_1','www_1','www_root_1'), clause: hasAccount('4','eve_1','www_1','www_root_1') <= hostACL(variable_70,variable_71,'www_1','tcp','80')&hasAccount(variable_72,'eve_1',variable_71,variable_75)
INFO:pyDatalog.pyEngine:subgoal: hasAccount(variable_72,'eve_1','www_1',variable_75), clause: hasAccount('4','eve_1','www_1','www_root_1') <= hostACL(variable_232,variable_233,'www_1','tcp','80')&hasAccount(variable_234,'eve_1',variable_233,variable_237)
INFO:pyDatalog.pyEngine:New fact : isConnected('15','ns_1','DMZ_subnet_1')
INFO:pyDatalog.pyEngine:subgoal: hostACL(variable_70,variable_71,'www_1','tcp','80'), clause: hostACL('23','www_1','www_1','tcp','80') <= isConnected(variable_135,variable_136,'DMZ_subnet_1')&isRouter(variable_138,variable_136)&existsRoute(variable_140,variable_141,'DMZ_subnet_1',variable_136)
INFO:pyDatalog.pyEngine:New fact : isConnected('1','www_1','DMZ_subnet_1')
INFO:pyDatalog.pyEngine:subgoal: hostACL(variable_70,variable_71,'www_1','tcp','80'), clause: hostACL('23','www_1','www_1','tcp','80') <= isConnected(variable_135,variable_136,'DMZ_subnet_1')&isRouter(variable_138,variable_136)&existsRoute(variable_140,variable_141,'DMZ_subnet_1',variable_136)
INFO:pyDatalog.pyEngine:New fact : isConnected('31','Provider_1','Extnet_subnet_1')
INFO:pyDatalog.pyEngine:subgoal: hostACL(variable_70,variable_71,'www_1','tcp','80'), clause: hostACL('23','Provider_1','www_1','tcp','80') <= isConnected(variable_135,variable_136,'Extnet_subnet_1')&isRouter(variable_138,variable_136)&existsRoute(variable_140,variable_141,'DMZ_subnet_1',variable_136)
INFO:pyDatalog.pyEngine:New fact : hostACL('23','Provider_1','www_1','tcp','80')
INFO:pyDatalog.pyEngine:subgoal: hasAccount(variable_44,'eve_1','www_1','www_root_1'), clause: hasAccount('4','eve_1','www_1','www_root_1') <= hostACL(variable_70,variable_71,'www_1','tcp','80')&hasAccount(variable_72,'eve_1',variable_71,variable_75)
INFO:pyDatalog.pyEngine:subgoal: hasAccount(variable_72,'eve_1','www_1',variable_75), clause: hasAccount('4','eve_1','www_1','www_root_1') <= hostACL(variable_232,variable_233,'www_1','tcp','80')&hasAccount(variable_234,'eve_1',variable_233,variable_237)
INFO:pyDatalog.pyEngine:New fact : isConnected('18','db_1','Server_subnet_1')
INFO:pyDatalog.pyEngine:subgoal: hostACL(variable_70,variable_71,'www_1','tcp','80'), clause: hostACL('23','db_1','www_1','tcp','80') <= isConnected(variable_135,variable_136,'Server_subnet_1')&isRouter(variable_138,variable_136)&existsRoute(variable_140,variable_141,'DMZ_subnet_1',variable_136)
INFO:pyDatalog.pyEngine:New fact : isConnected('11','Firewall_1','Server_subnet_1')
INFO:pyDatalog.pyEngine:subgoal: hostACL(variable_70,variable_71,'www_1','tcp','80'), clause: hostACL('23','db_1','www_1','tcp','80') <= isConnected(variable_135,variable_136,'Server_subnet_1')&isRouter(variable_138,variable_136)&existsRoute(variable_140,variable_141,'DMZ_subnet_1',variable_136)
INFO:pyDatalog.pyEngine:New fact : hostACL('23','db_1','www_1','tcp','80')
INFO:pyDatalog.pyEngine:subgoal: hasAccount(variable_44,'eve_1','www_1','www_root_1'), clause: hasAccount('4','eve_1','www_1','www_root_1') <= hostACL(variable_70,variable_71,'www_1','tcp','80')&hasAccount(variable_72,'eve_1',variable_71,variable_75)
INFO:pyDatalog.pyEngine:subgoal: hasAccount(variable_72,'eve_1','www_1',variable_75), clause: hasAccount('4','eve_1','www_1','www_root_1') <= hostACL(variable_232,variable_233,'www_1','tcp','80')&hasAccount(variable_234,'eve_1',variable_233,variable_237)
INFO:pyDatalog.pyEngine:New fact : isConnected('28','client_1','Simint1_subnet_1')
INFO:pyDatalog.pyEngine:subgoal: hostACL(variable_70,variable_71,'www_1','tcp','80'), clause: hostACL('23','root-ns_1','www_1','tcp','80') <= isConnected(variable_135,variable_136,'Simint1_subnet_1')&isRouter(variable_138,variable_136)&existsRoute(variable_140,variable_141,'DMZ_subnet_1',variable_136)
INFO:pyDatalog.pyEngine:New fact : isConnected('31','Provider_1','Simint1_subnet_1')
INFO:pyDatalog.pyEngine:subgoal: hostACL(variable_70,variable_71,'www_1','tcp','80'), clause: hostACL('23','root-ns_1','www_1','tcp','80') <= isConnected(variable_135,variable_136,'Simint1_subnet_1')&isRouter(variable_138,variable_136)&existsRoute(variable_140,variable_141,'DMZ_subnet_1',variable_136)
INFO:pyDatalog.pyEngine:New fact : hostACL('23','root-ns_1','www_1','tcp','80')
INFO:pyDatalog.pyEngine:subgoal: hasAccount(variable_44,'eve_1','www_1','www_root_1'), clause: hasAccount('4','eve_1','www_1','www_root_1') <= hostACL(variable_70,variable_71,'www_1','tcp','80')&hasAccount(variable_72,'eve_1',variable_71,variable_75)
INFO:pyDatalog.pyEngine:subgoal: hasAccount(variable_72,'eve_1','www_1',variable_75), clause: hasAccount('4','eve_1','www_1','www_root_1') <= hostACL(variable_232,variable_233,'www_1','tcp','80')&hasAccount(variable_234,'eve_1',variable_233,variable_237)
INFO:pyDatalog.pyEngine:New fact : isConnected('21','root-ns_1','Simint1_subnet_1')
INFO:pyDatalog.pyEngine:subgoal: hostACL(variable_70,variable_71,'www_1','tcp','80'), clause: hostACL('23','root-ns_1','www_1','tcp','80') <= isConnected(variable_135,variable_136,'Simint1_subnet_1')&isRouter(variable_138,variable_136)&existsRoute(variable_140,variable_141,'DMZ_subnet_1',variable_136)
INFO:pyDatalog.pyEngine:New fact : hostACL('23','client_1','www_1','tcp','80')
INFO:pyDatalog.pyEngine:subgoal: hasAccount(variable_44,'eve_1','www_1','www_root_1'), clause: hasAccount('4','eve_1','www_1','www_root_1') <= hostACL(variable_70,variable_71,'www_1','tcp','80')&hasAccount(variable_72,'eve_1',variable_71,variable_75)
INFO:pyDatalog.pyEngine:subgoal: hasAccount(variable_72,'eve_1','www_1',variable_75), clause: hasAccount('4','eve_1','www_1','www_root_1') <= hostACL(variable_232,variable_233,'www_1','tcp','80')&hasAccount(variable_234,'eve_1',variable_233,variable_237)
INFO:pyDatalog.pyEngine:New fact : hostACL('23','ns_1','www_1','tcp','80')
INFO:pyDatalog.pyEngine:subgoal: hasAccount(variable_44,'eve_1','www_1','www_root_1'), clause: hasAccount('4','eve_1','www_1','www_root_1') <= hostACL(variable_70,variable_71,'www_1','tcp','80')&hasAccount(variable_72,'eve_1',variable_71,variable_75)
INFO:pyDatalog.pyEngine:subgoal: hasAccount(variable_72,'eve_1','www_1',variable_75), clause: hasAccount('4','eve_1','www_1','www_root_1') <= hostACL(variable_232,variable_233,'www_1','tcp','80')&hasAccount(variable_234,'eve_1',variable_233,variable_237)
INFO:pyDatalog.pyEngine:New fact : hasAccount('26','eve_1','client_1','client_user1_1')
INFO:pyDatalog.pyEngine:subgoal: hasAccount(variable_44,'eve_1','www_1','www_root_1'), clause: hasAccount('4','eve_1','www_1','www_root_1') <= hasAccount(variable_72,'eve_1','client_1',variable_75)
INFO:pyDatalog.pyEngine:subgoal: hasAccount(variable_72,'eve_1','www_1',variable_75), clause: hasAccount('4','eve_1','www_1','www_root_1') <= hasAccount(variable_234,'eve_1','client_1',variable_237)
INFO:pyDatalog.pyEngine:New fact : hasUser('27','client_user1_1','client_1','supersecret','admin')
INFO:pyDatalog.pyEngine:subgoal: hasAccount(variable_72,'eve_1','client_1',variable_75), clause: hasAccount('25','eve_1','client_1',variable_75) <= hasUser(variable_460,variable_75,'client_1',variable_463,variable_464)&knows(variable_465,'eve_1',variable_75)&knows(variable_468,'eve_1',variable_463)
INFO:pyDatalog.pyEngine:New fact : hasAccount('4','eve_1','www_1','www_root_1')
INFO:pyDatalog.pyEngine:subgoal: knows(variable_26,'eve_1','venerus'), clause: knows('8','eve_1','venerus') <= hasAccount(variable_44,'eve_1','www_1','www_root_1')
INFO:pyDatalog.pyEngine:New fact : hasAccount('4','eve_1','www_1','www_root_1')
INFO:pyDatalog.pyEngine:subgoal: hasAccount(variable_44,'eve_1','www_1','www_root_1'), clause: hasAccount('4','eve_1','www_1','www_root_1') <= hasAccount(variable_72,'eve_1','www_1',variable_75)
INFO:pyDatalog.pyEngine:subgoal: hasAccount(variable_72,'eve_1','www_1',variable_75), clause: hasAccount('4','eve_1','www_1','www_root_1') <= hasAccount(variable_234,'eve_1','www_1',variable_237)
INFO:pyDatalog.pyEngine:subgoal: hasAccount(variable_44,'eve_1','www_1','www_root_1'), clause: hasAccount('4','eve_1','www_1','www_root_1') <= hasAccount(variable_72,'eve_1','www_1',variable_75)
INFO:pyDatalog.pyEngine:subgoal: hasAccount(variable_72,'eve_1','www_1',variable_75), clause: hasAccount('4','eve_1','www_1','www_root_1') <= hasAccount(variable_234,'eve_1','www_1',variable_237)
INFO:pyDatalog.pyEngine:New fact : knows('8','eve_1','venerus')
INFO:pyDatalog.pyEngine:subgoal: knows(ID1,'eve_1','DB_confidential'), clause: knows('19','eve_1','DB_confidential') <= knows(variable_26,'eve_1','venerus')&hasAccount(variable_28,'eve_1',variable_30,variable_31)&hostACL(variable_32,variable_30,'db_1','tcp','3306')
INFO:pyDatalog.pyEngine:New fact : hasAccount('26','eve_1','client_1','client_user1_1')
INFO:pyDatalog.pyEngine:subgoal: knows(ID1,'eve_1','DB_confidential'), clause: knows('19','eve_1','DB_confidential') <= hasAccount(variable_28,'eve_1',variable_30,variable_31)&hostACL(variable_32,variable_30,'db_1','tcp','3306')
INFO:pyDatalog.pyEngine:New fact : hasUser('27','client_user1_1','client_1','supersecret','admin')
INFO:pyDatalog.pyEngine:subgoal: hasAccount(variable_28,'eve_1',variable_30,variable_31), clause: hasAccount('25','eve_1',variable_30,variable_31) <= hasUser(variable_516,variable_31,variable_30,variable_519,variable_520)&knows(variable_521,'eve_1',variable_31)&knows(variable_524,'eve_1',variable_519)
INFO:pyDatalog.pyEngine:New fact : hasUser('9','www_sysuser1_1','www_1','None','user')
INFO:pyDatalog.pyEngine:subgoal: hasAccount(variable_28,'eve_1',variable_30,variable_31), clause: hasAccount('25','eve_1',variable_30,variable_31) <= hasUser(variable_516,variable_31,variable_30,variable_519,variable_520)&knows(variable_521,'eve_1',variable_31)&knows(variable_524,'eve_1',variable_519)
INFO:pyDatalog.pyEngine:New fact : hasUser('5','www_user1_1','www_1','xexexexe','user')
INFO:pyDatalog.pyEngine:subgoal: hasAccount(variable_28,'eve_1',variable_30,variable_31), clause: hasAccount('25','eve_1',variable_30,variable_31) <= hasUser(variable_516,variable_31,variable_30,variable_519,variable_520)&knows(variable_521,'eve_1',variable_31)&knows(variable_524,'eve_1',variable_519)
INFO:pyDatalog.pyEngine:New fact : hasUser('2','www_root_1','www_1','None','admin')
INFO:pyDatalog.pyEngine:subgoal: hasAccount(variable_28,'eve_1',variable_30,variable_31), clause: hasAccount('25','eve_1',variable_30,variable_31) <= hasUser(variable_516,variable_31,variable_30,variable_519,variable_520)&knows(variable_521,'eve_1',variable_31)&knows(variable_524,'eve_1',variable_519)
INFO:pyDatalog.pyEngine:New fact : listeningOn('16','db_1','tcp','3306')
INFO:pyDatalog.pyEngine:subgoal: hostACL(variable_32,'client_1','db_1','tcp','3306'), clause: hostACL('24','client_1','db_1','tcp','3306') <= listeningOn(variable_554,'db_1','tcp','3306')&isConnected(variable_558,'client_1',variable_560)&isConnected(variable_561,'db_1',variable_560)
INFO:pyDatalog.pyEngine:New fact : isConnected('28','client_1','Simint1_subnet_1')
INFO:pyDatalog.pyEngine:subgoal: hostACL(variable_32,'client_1','db_1','tcp','3306'), clause: hostACL('24','client_1','db_1','tcp','3306') <= isConnected(variable_558,'client_1',variable_560)&isConnected(variable_561,'db_1',variable_560)
INFO:pyDatalog.pyEngine:New fact : isConnected('18','db_1','Server_subnet_1')
INFO:pyDatalog.pyEngine:subgoal: hostACL(variable_32,'client_1','db_1','tcp','3306'), clause: hostACL('23','client_1','db_1','tcp','3306') <= isConnected(variable_535,'db_1',variable_537)&isConnected(variable_538,'client_1',variable_540)&isConnected(variable_541,variable_542,variable_540)&isRouter(variable_544,variable_542)&existsRoute(variable_546,variable_547,variable_537,variable_542)
INFO:pyDatalog.pyEngine:New fact : knows('7','eve_1','venerus')
INFO:pyDatalog.pyEngine:subgoal: knows(ID1,'eve_1','DB_confidential'), clause: knows('19','eve_1','DB_confidential') <= knows(variable_26,'eve_1','venerus')&hasAccount(variable_28,'eve_1',variable_30,variable_31)&hostACL(variable_32,variable_30,'db_1','tcp','3306')
INFO:pyDatalog.pyEngine:New fact : hasAccount('4','eve_1','www_1','www_root_1')
INFO:pyDatalog.pyEngine:subgoal: knows(ID1,'eve_1','DB_confidential'), clause: knows('19','eve_1','DB_confidential') <= hasAccount(variable_28,'eve_1',variable_30,variable_31)&hostACL(variable_32,variable_30,'db_1','tcp','3306')
INFO:pyDatalog.pyEngine:subgoal: knows(ID1,'eve_1','DB_confidential'), clause: knows('19','eve_1','DB_confidential') <= hasAccount(variable_28,'eve_1',variable_30,variable_31)&hostACL(variable_32,variable_30,'db_1','tcp','3306')
INFO:pyDatalog.pyEngine:New fact : existsRoute('10','DMZ_subnet_1','Server_subnet_1','Firewall_1')
INFO:pyDatalog.pyEngine:subgoal: hostACL(variable_32,'www_1','db_1','tcp','3306'), clause: hostACL('23','www_1','db_1','tcp','3306') <= existsRoute(variable_602,variable_603,'Server_subnet_1','Firewall_1')
INFO:pyDatalog.pyEngine:New fact : hostACL('23','www_1','db_1','tcp','3306')
INFO:pyDatalog.pyEngine:subgoal: knows(ID1,'eve_1','DB_confidential'), clause: knows('19','eve_1','DB_confidential') <= hostACL(variable_32,'www_1','db_1','tcp','3306')
INFO:pyDatalog.pyEngine:subgoal: knows(ID1,'eve_1','DB_confidential'), clause: knows('19','eve_1','DB_confidential') <= hostACL(variable_32,'www_1','db_1','tcp','3306')
INFO:pyDatalog.pyEngine:New fact : existsRoute('10','Server_subnet_1','Server_subnet_1','Firewall_1')
INFO:pyDatalog.pyEngine:subgoal: hostACL(variable_32,'www_1','db_1','tcp','3306'), clause: hostACL('23','www_1','db_1','tcp','3306') <= existsRoute(variable_602,variable_603,'Server_subnet_1','Firewall_1')
INFO:pyDatalog.pyEngine:New fact : existsRoute('10','Outside_subnet_1','Server_subnet_1','Firewall_1')
INFO:pyDatalog.pyEngine:subgoal: hostACL(variable_32,'www_1','db_1','tcp','3306'), clause: hostACL('23','www_1','db_1','tcp','3306') <= existsRoute(variable_602,variable_603,'Server_subnet_1','Firewall_1')
INFO:pyDatalog.pyEngine:New fact : knows('19','eve_1','DB_confidential')
INFO:pyDatalog.pyEngine:subgoal: _pyD_query1(ID1), clause: _pyD_query1(ID1) <= knows(ID1,'eve_1','DB_confidential')
INFO:pyDatalog.pyEngine:New fact : _pyD_query1('19')
INFO:pyDatalog.pyEngine:New fact : isConnected('11','Firewall_1','Server_subnet_1')
INFO:pyDatalog.pyEngine:subgoal: existsRoute(variable_602,variable_603,'Server_subnet_1','Firewall_1'), clause: existsRoute('22','Outside_subnet_1','Server_subnet_1','Firewall_1') <= isConnected(variable_634,'Firewall_1','Server_subnet_1')&isRouter(variable_637,'Firewall_1')
INFO:pyDatalog.pyEngine:New fact : existsRoute('22','Outside_subnet_1','Server_subnet_1','Firewall_1')
INFO:pyDatalog.pyEngine:subgoal: hostACL(variable_32,'www_1','db_1','tcp','3306'), clause: hostACL('23','www_1','db_1','tcp','3306') <= existsRoute(variable_602,variable_603,'Server_subnet_1','Firewall_1')
INFO:pyDatalog.pyEngine:New fact : existsRoute('22','Server_subnet_1','Server_subnet_1','Firewall_1')
INFO:pyDatalog.pyEngine:subgoal: hostACL(variable_32,'www_1','db_1','tcp','3306'), clause: hostACL('23','www_1','db_1','tcp','3306') <= existsRoute(variable_602,variable_603,'Server_subnet_1','Firewall_1')
INFO:pyDatalog.pyEngine:New fact : existsRoute('22','DMZ_subnet_1','Server_subnet_1','Firewall_1')
INFO:pyDatalog.pyEngine:subgoal: hostACL(variable_32,'www_1','db_1','tcp','3306'), clause: hostACL('23','www_1','db_1','tcp','3306') <= existsRoute(variable_602,variable_603,'Server_subnet_1','Firewall_1')
INFO:pyDatalog.pyEngine:New fact : existsRoute('10','Outside_subnet_1','Server_subnet_1','Firewall_1')
INFO:pyDatalog.pyEngine:subgoal: existsRoute(variable_602,variable_603,'Server_subnet_1','Firewall_1'), clause: existsRoute('13','Outside_subnet_1','Server_subnet_1','Firewall_1') <= existsRoute(variable_625,'Outside_subnet_1','Server_subnet_1','Firewall_1')
INFO:pyDatalog.pyEngine:New fact : existsRoute('13','Outside_subnet_1','Server_subnet_1','Firewall_1')
INFO:pyDatalog.pyEngine:subgoal: hostACL(variable_32,'www_1','db_1','tcp','3306'), clause: hostACL('23','www_1','db_1','tcp','3306') <= existsRoute(variable_602,variable_603,'Server_subnet_1','Firewall_1')
INFO:pyDatalog.pyEngine:New fact : existsRoute('22','Outside_subnet_1','Server_subnet_1','Firewall_1')
INFO:pyDatalog.pyEngine:subgoal: existsRoute(variable_602,variable_603,'Server_subnet_1','Firewall_1'), clause: existsRoute('13','Outside_subnet_1','Server_subnet_1','Firewall_1') <= existsRoute(variable_625,'Outside_subnet_1','Server_subnet_1','Firewall_1')
INFO:pyDatalog.pyEngine:New fact : existsRoute('13','Outside_subnet_1','Server_subnet_1','Firewall_1')
INFO:pyDatalog.pyEngine:subgoal: existsRoute(variable_602,variable_603,'Server_subnet_1','Firewall_1'), clause: existsRoute('13','Outside_subnet_1','Server_subnet_1','Firewall_1') <= existsRoute(variable_625,'Outside_subnet_1','Server_subnet_1','Firewall_1')
INFO:pyDatalog.pyEngine:subgoal: existsRoute(variable_625,'Outside_subnet_1','Server_subnet_1','Firewall_1'), clause: existsRoute('13','Outside_subnet_1','Server_subnet_1','Firewall_1') <= existsRoute(variable_663,'Outside_subnet_1','Server_subnet_1','Firewall_1')
